mode: set
github.com/diogo/dotkeeper/internal/crypto/aes.go:13.73,15.16 2 1
github.com/diogo/dotkeeper/internal/crypto/aes.go:15.16,17.3 1 1
github.com/diogo/dotkeeper/internal/crypto/aes.go:19.2,20.16 2 1
github.com/diogo/dotkeeper/internal/crypto/aes.go:20.16,22.3 1 0
github.com/diogo/dotkeeper/internal/crypto/aes.go:24.2,25.59 2 1
github.com/diogo/dotkeeper/internal/crypto/aes.go:25.59,27.3 1 0
github.com/diogo/dotkeeper/internal/crypto/aes.go:30.2,39.20 8 1
github.com/diogo/dotkeeper/internal/crypto/aes.go:44.61,45.49 1 1
github.com/diogo/dotkeeper/internal/crypto/aes.go:45.49,47.3 1 1
github.com/diogo/dotkeeper/internal/crypto/aes.go:50.2,57.16 6 1
github.com/diogo/dotkeeper/internal/crypto/aes.go:57.16,59.3 1 1
github.com/diogo/dotkeeper/internal/crypto/aes.go:61.2,62.16 2 1
github.com/diogo/dotkeeper/internal/crypto/aes.go:62.16,64.3 1 0
github.com/diogo/dotkeeper/internal/crypto/aes.go:66.2,67.16 2 1
github.com/diogo/dotkeeper/internal/crypto/aes.go:67.16,69.3 1 1
github.com/diogo/dotkeeper/internal/crypto/aes.go:71.2,71.23 1 1
github.com/diogo/dotkeeper/internal/crypto/kdf.go:11.53,20.2 1 1
github.com/diogo/dotkeeper/internal/crypto/kdf.go:23.37,25.58 2 1
github.com/diogo/dotkeeper/internal/crypto/kdf.go:25.58,27.3 1 0
github.com/diogo/dotkeeper/internal/crypto/kdf.go:28.2,28.18 1 1
github.com/diogo/dotkeeper/internal/crypto/types.go:35.43,45.2 1 1
