mode: atomic
github.com/diogo/dotkeeper/internal/crypto/aes.go:13.73,15.16 2 4
github.com/diogo/dotkeeper/internal/crypto/aes.go:15.16,17.3 1 0
github.com/diogo/dotkeeper/internal/crypto/aes.go:19.2,20.16 2 4
github.com/diogo/dotkeeper/internal/crypto/aes.go:20.16,22.3 1 0
github.com/diogo/dotkeeper/internal/crypto/aes.go:24.2,25.59 2 4
github.com/diogo/dotkeeper/internal/crypto/aes.go:25.59,27.3 1 0
github.com/diogo/dotkeeper/internal/crypto/aes.go:30.2,39.20 8 4
github.com/diogo/dotkeeper/internal/crypto/aes.go:44.61,45.49 1 5
github.com/diogo/dotkeeper/internal/crypto/aes.go:45.49,47.3 1 1
github.com/diogo/dotkeeper/internal/crypto/aes.go:50.2,57.16 6 4
github.com/diogo/dotkeeper/internal/crypto/aes.go:57.16,59.3 1 0
github.com/diogo/dotkeeper/internal/crypto/aes.go:61.2,62.16 2 4
github.com/diogo/dotkeeper/internal/crypto/aes.go:62.16,64.3 1 0
github.com/diogo/dotkeeper/internal/crypto/aes.go:66.2,67.16 2 4
github.com/diogo/dotkeeper/internal/crypto/aes.go:67.16,69.3 1 1
github.com/diogo/dotkeeper/internal/crypto/aes.go:71.2,71.23 1 3
github.com/diogo/dotkeeper/internal/crypto/kdf.go:11.53,20.2 1 13
github.com/diogo/dotkeeper/internal/crypto/kdf.go:23.37,25.58 2 16
github.com/diogo/dotkeeper/internal/crypto/kdf.go:25.58,27.3 1 0
github.com/diogo/dotkeeper/internal/crypto/kdf.go:28.2,28.18 1 16
github.com/diogo/dotkeeper/internal/crypto/types.go:35.43,45.2 1 1
github.com/diogo/dotkeeper/internal/config/config.go:22.37,24.22 2 0
github.com/diogo/dotkeeper/internal/config/config.go:24.22,26.17 2 0
github.com/diogo/dotkeeper/internal/config/config.go:26.17,28.4 1 0
github.com/diogo/dotkeeper/internal/config/config.go:29.3,29.46 1 0
github.com/diogo/dotkeeper/internal/config/config.go:32.2,33.26 2 0
github.com/diogo/dotkeeper/internal/config/config.go:37.38,39.16 2 0
github.com/diogo/dotkeeper/internal/config/config.go:39.16,41.3 1 0
github.com/diogo/dotkeeper/internal/config/config.go:42.2,42.53 1 0
github.com/diogo/dotkeeper/internal/config/config.go:46.49,48.16 2 4
github.com/diogo/dotkeeper/internal/config/config.go:48.16,50.3 1 1
github.com/diogo/dotkeeper/internal/config/config.go:52.2,53.50 2 3
github.com/diogo/dotkeeper/internal/config/config.go:53.50,55.3 1 0
github.com/diogo/dotkeeper/internal/config/config.go:57.2,57.17 1 3
github.com/diogo/dotkeeper/internal/config/config.go:61.30,63.16 2 0
github.com/diogo/dotkeeper/internal/config/config.go:63.16,65.3 1 0
github.com/diogo/dotkeeper/internal/config/config.go:66.2,66.33 1 0
github.com/diogo/dotkeeper/internal/config/config.go:70.48,73.47 2 2
github.com/diogo/dotkeeper/internal/config/config.go:73.47,75.3 1 0
github.com/diogo/dotkeeper/internal/config/config.go:78.2,79.16 2 2
github.com/diogo/dotkeeper/internal/config/config.go:79.16,81.3 1 0
github.com/diogo/dotkeeper/internal/config/config.go:84.2,84.55 1 2
github.com/diogo/dotkeeper/internal/config/config.go:84.55,86.3 1 0
github.com/diogo/dotkeeper/internal/config/config.go:88.2,88.12 1 2
github.com/diogo/dotkeeper/internal/config/config.go:92.31,94.16 2 0
github.com/diogo/dotkeeper/internal/config/config.go:94.16,96.3 1 0
github.com/diogo/dotkeeper/internal/config/config.go:97.2,97.33 1 0
github.com/diogo/dotkeeper/internal/config/config.go:101.35,102.23 1 4
github.com/diogo/dotkeeper/internal/config/config.go:102.23,104.3 1 1
github.com/diogo/dotkeeper/internal/config/config.go:106.2,106.23 1 3
github.com/diogo/dotkeeper/internal/config/config.go:106.23,108.3 1 1
github.com/diogo/dotkeeper/internal/config/config.go:110.2,110.46 1 2
github.com/diogo/dotkeeper/internal/config/config.go:110.46,112.3 1 1
github.com/diogo/dotkeeper/internal/config/config.go:114.2,114.12 1 1
github.com/diogo/dotkeeper/internal/config/config.go:118.50,120.16 2 1
github.com/diogo/dotkeeper/internal/config/config.go:120.16,130.3 1 1
github.com/diogo/dotkeeper/internal/config/config.go:131.2,131.17 1 0
github.com/diogo/dotkeeper/internal/backup/archive.go:12.62,19.33 5 8
github.com/diogo/dotkeeper/internal/backup/archive.go:19.33,20.56 1 10
github.com/diogo/dotkeeper/internal/backup/archive.go:20.56,22.4 1 0
github.com/diogo/dotkeeper/internal/backup/archive.go:25.2,25.12 1 8
github.com/diogo/dotkeeper/internal/backup/archive.go:28.64,30.16 2 10
github.com/diogo/dotkeeper/internal/backup/archive.go:30.16,32.3 1 0
github.com/diogo/dotkeeper/internal/backup/archive.go:33.2,42.47 3 10
github.com/diogo/dotkeeper/internal/backup/archive.go:42.47,44.3 1 0
github.com/diogo/dotkeeper/internal/backup/archive.go:46.2,46.45 1 10
github.com/diogo/dotkeeper/internal/backup/archive.go:46.45,48.3 1 0
github.com/diogo/dotkeeper/internal/backup/archive.go:50.2,50.12 1 10
github.com/diogo/dotkeeper/internal/backup/backup.go:28.73,37.57 5 5
github.com/diogo/dotkeeper/internal/backup/backup.go:37.57,39.3 1 1
github.com/diogo/dotkeeper/internal/backup/backup.go:42.2,43.16 2 4
github.com/diogo/dotkeeper/internal/backup/backup.go:43.16,45.3 1 0
github.com/diogo/dotkeeper/internal/backup/backup.go:47.2,47.21 1 4
github.com/diogo/dotkeeper/internal/backup/backup.go:47.21,49.3 1 1
github.com/diogo/dotkeeper/internal/backup/backup.go:52.2,53.16 2 3
github.com/diogo/dotkeeper/internal/backup/backup.go:53.16,55.3 1 0
github.com/diogo/dotkeeper/internal/backup/backup.go:56.2,59.55 2 3
github.com/diogo/dotkeeper/internal/backup/backup.go:59.55,62.3 2 0
github.com/diogo/dotkeeper/internal/backup/backup.go:63.2,67.16 3 3
github.com/diogo/dotkeeper/internal/backup/backup.go:67.16,69.3 1 0
github.com/diogo/dotkeeper/internal/backup/backup.go:72.2,77.16 4 3
github.com/diogo/dotkeeper/internal/backup/backup.go:77.16,79.3 1 0
github.com/diogo/dotkeeper/internal/backup/backup.go:81.2,85.16 3 3
github.com/diogo/dotkeeper/internal/backup/backup.go:85.16,87.3 1 0
github.com/diogo/dotkeeper/internal/backup/backup.go:90.2,90.66 1 3
github.com/diogo/dotkeeper/internal/backup/backup.go:90.66,92.3 1 0
github.com/diogo/dotkeeper/internal/backup/backup.go:95.2,108.16 3 3
github.com/diogo/dotkeeper/internal/backup/backup.go:108.16,110.3 1 0
github.com/diogo/dotkeeper/internal/backup/backup.go:112.2,112.71 1 3
github.com/diogo/dotkeeper/internal/backup/backup.go:112.71,114.3 1 0
github.com/diogo/dotkeeper/internal/backup/backup.go:117.2,118.26 2 3
github.com/diogo/dotkeeper/internal/backup/backup.go:118.26,120.3 1 5
github.com/diogo/dotkeeper/internal/backup/backup.go:122.2,130.8 1 3
github.com/diogo/dotkeeper/internal/backup/collector.go:26.55,30.29 3 15
github.com/diogo/dotkeeper/internal/backup/collector.go:30.29,32.20 2 17
github.com/diogo/dotkeeper/internal/backup/collector.go:32.20,33.12 1 0
github.com/diogo/dotkeeper/internal/backup/collector.go:35.3,36.67 2 17
github.com/diogo/dotkeeper/internal/backup/collector.go:36.67,39.4 1 3
github.com/diogo/dotkeeper/internal/backup/collector.go:42.2,42.19 1 15
github.com/diogo/dotkeeper/internal/backup/collector.go:45.92,47.36 2 21
github.com/diogo/dotkeeper/internal/backup/collector.go:47.36,49.3 1 2
github.com/diogo/dotkeeper/internal/backup/collector.go:52.2,53.16 2 19
github.com/diogo/dotkeeper/internal/backup/collector.go:53.16,55.3 1 0
github.com/diogo/dotkeeper/internal/backup/collector.go:58.2,59.16 2 19
github.com/diogo/dotkeeper/internal/backup/collector.go:59.16,61.3 1 0
github.com/diogo/dotkeeper/internal/backup/collector.go:64.2,64.23 1 19
github.com/diogo/dotkeeper/internal/backup/collector.go:64.23,66.3 1 0
github.com/diogo/dotkeeper/internal/backup/collector.go:69.2,69.18 1 19
github.com/diogo/dotkeeper/internal/backup/collector.go:69.18,71.17 2 2
github.com/diogo/dotkeeper/internal/backup/collector.go:71.17,73.4 1 0
github.com/diogo/dotkeeper/internal/backup/collector.go:75.3,75.33 1 2
github.com/diogo/dotkeeper/internal/backup/collector.go:75.33,77.72 2 4
github.com/diogo/dotkeeper/internal/backup/collector.go:77.72,79.5 1 0
github.com/diogo/dotkeeper/internal/backup/collector.go:81.3,81.13 1 2
github.com/diogo/dotkeeper/internal/backup/collector.go:85.2,85.30 1 17
github.com/diogo/dotkeeper/internal/backup/collector.go:85.30,87.3 1 0
github.com/diogo/dotkeeper/internal/backup/collector.go:90.2,91.16 2 17
github.com/diogo/dotkeeper/internal/backup/collector.go:91.16,93.3 1 1
github.com/diogo/dotkeeper/internal/backup/collector.go:94.2,107.12 4 16
github.com/diogo/dotkeeper/internal/backup/collector.go:110.34,112.16 2 0
github.com/diogo/dotkeeper/internal/backup/collector.go:112.16,114.3 1 0
github.com/diogo/dotkeeper/internal/backup/collector.go:115.2,115.40 1 0
github.com/diogo/dotkeeper/internal/backup/collector.go:118.41,122.31 3 21
github.com/diogo/dotkeeper/internal/backup/collector.go:122.31,124.17 2 62
github.com/diogo/dotkeeper/internal/backup/collector.go:124.17,126.4 1 0
github.com/diogo/dotkeeper/internal/backup/collector.go:128.3,128.38 1 62
github.com/diogo/dotkeeper/internal/backup/collector.go:128.38,130.4 1 19
github.com/diogo/dotkeeper/internal/backup/collector.go:132.3,133.17 2 43
github.com/diogo/dotkeeper/internal/backup/collector.go:133.17,135.4 1 0
github.com/diogo/dotkeeper/internal/backup/collector.go:137.3,137.30 1 43
github.com/diogo/dotkeeper/internal/backup/collector.go:137.30,139.4 1 0
github.com/diogo/dotkeeper/internal/backup/collector.go:141.3,142.10 2 43
github.com/diogo/dotkeeper/internal/backup/collector.go:145.2,145.14 1 2
github.com/diogo/dotkeeper/internal/backup/collector.go:148.37,149.50 1 17
github.com/diogo/dotkeeper/internal/backup/collector.go:149.50,151.17 2 1
github.com/diogo/dotkeeper/internal/backup/collector.go:151.17,152.19 1 1
github.com/diogo/dotkeeper/internal/backup/collector.go:152.19,154.5 1 0
github.com/diogo/dotkeeper/internal/backup/collector.go:155.4,155.40 1 1
github.com/diogo/dotkeeper/internal/backup/collector.go:158.2,158.13 1 16
github.com/diogo/dotkeeper/internal/keyring/keyring.go:22.35,24.16 2 1
github.com/diogo/dotkeeper/internal/keyring/keyring.go:24.16,26.3 1 0
github.com/diogo/dotkeeper/internal/keyring/keyring.go:27.2,27.12 1 1
github.com/diogo/dotkeeper/internal/keyring/keyring.go:31.33,33.16 2 3
github.com/diogo/dotkeeper/internal/keyring/keyring.go:33.16,34.33 1 2
github.com/diogo/dotkeeper/internal/keyring/keyring.go:34.33,36.4 1 2
github.com/diogo/dotkeeper/internal/keyring/keyring.go:37.3,37.62 1 0
github.com/diogo/dotkeeper/internal/keyring/keyring.go:39.2,39.22 1 1
github.com/diogo/dotkeeper/internal/keyring/keyring.go:43.21,45.16 2 7
github.com/diogo/dotkeeper/internal/keyring/keyring.go:45.16,46.33 1 6
github.com/diogo/dotkeeper/internal/keyring/keyring.go:46.33,48.4 1 6
github.com/diogo/dotkeeper/internal/keyring/keyring.go:49.3,49.58 1 0
github.com/diogo/dotkeeper/internal/keyring/keyring.go:51.2,51.12 1 1
github.com/diogo/dotkeeper/internal/keyring/keyring.go:55.25,59.16 3 3
github.com/diogo/dotkeeper/internal/keyring/keyring.go:59.16,61.3 1 0
github.com/diogo/dotkeeper/internal/keyring/keyring.go:64.2,65.13 2 3
github.com/diogo/dotkeeper/internal/git/operations.go:13.49,15.16 2 4
github.com/diogo/dotkeeper/internal/git/operations.go:15.16,17.3 1 0
github.com/diogo/dotkeeper/internal/git/operations.go:19.2,19.29 1 4
github.com/diogo/dotkeeper/internal/git/operations.go:19.29,20.40 1 5
github.com/diogo/dotkeeper/internal/git/operations.go:20.40,22.4 1 0
github.com/diogo/dotkeeper/internal/git/operations.go:25.2,25.12 1 4
github.com/diogo/dotkeeper/internal/git/operations.go:29.37,31.16 2 1
github.com/diogo/dotkeeper/internal/git/operations.go:31.16,33.3 1 0
github.com/diogo/dotkeeper/internal/git/operations.go:35.2,36.16 2 1
github.com/diogo/dotkeeper/internal/git/operations.go:36.16,38.3 1 0
github.com/diogo/dotkeeper/internal/git/operations.go:40.2,40.12 1 1
github.com/diogo/dotkeeper/internal/git/operations.go:44.51,46.16 2 5
github.com/diogo/dotkeeper/internal/git/operations.go:46.16,48.3 1 0
github.com/diogo/dotkeeper/internal/git/operations.go:50.2,58.16 2 5
github.com/diogo/dotkeeper/internal/git/operations.go:58.16,60.3 1 0
github.com/diogo/dotkeeper/internal/git/operations.go:62.2,62.12 1 5
github.com/diogo/dotkeeper/internal/git/operations.go:66.35,68.16 2 0
github.com/diogo/dotkeeper/internal/git/operations.go:68.16,70.3 1 0
github.com/diogo/dotkeeper/internal/git/operations.go:71.2,71.12 1 0
github.com/diogo/dotkeeper/internal/git/operations.go:75.56,80.16 2 0
github.com/diogo/dotkeeper/internal/git/operations.go:80.16,82.3 1 0
github.com/diogo/dotkeeper/internal/git/operations.go:83.2,83.12 1 0
github.com/diogo/dotkeeper/internal/git/repo.go:18.45,19.48 1 8
github.com/diogo/dotkeeper/internal/git/repo.go:19.48,21.3 1 0
github.com/diogo/dotkeeper/internal/git/repo.go:23.2,24.16 2 8
github.com/diogo/dotkeeper/internal/git/repo.go:24.16,26.3 1 0
github.com/diogo/dotkeeper/internal/git/repo.go:28.2,28.49 1 8
github.com/diogo/dotkeeper/internal/git/repo.go:32.45,34.16 2 3
github.com/diogo/dotkeeper/internal/git/repo.go:34.16,36.3 1 1
github.com/diogo/dotkeeper/internal/git/repo.go:38.2,38.49 1 2
github.com/diogo/dotkeeper/internal/git/repo.go:42.51,43.72 1 2
github.com/diogo/dotkeeper/internal/git/repo.go:43.72,45.3 1 1
github.com/diogo/dotkeeper/internal/git/repo.go:46.2,46.19 1 1
github.com/diogo/dotkeeper/internal/git/repo.go:50.36,52.2 1 4
github.com/diogo/dotkeeper/internal/git/status.go:19.51,21.16 2 10
github.com/diogo/dotkeeper/internal/git/status.go:21.16,23.3 1 0
github.com/diogo/dotkeeper/internal/git/status.go:25.2,26.16 2 10
github.com/diogo/dotkeeper/internal/git/status.go:26.16,28.3 1 0
github.com/diogo/dotkeeper/internal/git/status.go:30.2,34.33 2 10
github.com/diogo/dotkeeper/internal/git/status.go:34.33,36.34 1 3
github.com/diogo/dotkeeper/internal/git/status.go:36.34,38.12 2 2
github.com/diogo/dotkeeper/internal/git/status.go:42.3,42.20 1 1
github.com/diogo/dotkeeper/internal/git/status.go:43.21,44.51 1 0
github.com/diogo/dotkeeper/internal/git/status.go:45.18,46.45 1 0
github.com/diogo/dotkeeper/internal/git/status.go:47.20,48.49 1 0
github.com/diogo/dotkeeper/internal/git/status.go:52.2,52.20 1 10
github.com/diogo/dotkeeper/internal/git/status.go:56.49,58.16 2 3
github.com/diogo/dotkeeper/internal/git/status.go:58.16,60.3 1 0
github.com/diogo/dotkeeper/internal/git/status.go:61.2,61.29 1 3
github.com/diogo/dotkeeper/internal/restore/conflict.go:24.50,26.49 1 3
github.com/diogo/dotkeeper/internal/restore/conflict.go:26.49,28.3 1 1
github.com/diogo/dotkeeper/internal/restore/conflict.go:31.2,40.52 6 2
github.com/diogo/dotkeeper/internal/restore/conflict.go:40.52,42.3 1 0
github.com/diogo/dotkeeper/internal/restore/conflict.go:44.2,44.24 1 2
github.com/diogo/dotkeeper/internal/restore/conflict.go:48.43,49.49 1 4
github.com/diogo/dotkeeper/internal/restore/conflict.go:49.49,51.3 1 3
github.com/diogo/dotkeeper/internal/restore/conflict.go:54.2,54.28 1 1
github.com/diogo/dotkeeper/internal/restore/conflict.go:54.28,56.53 2 1
github.com/diogo/dotkeeper/internal/restore/conflict.go:56.53,58.4 1 1
github.com/diogo/dotkeeper/internal/restore/conflict.go:62.2,62.58 1 0
github.com/diogo/dotkeeper/internal/restore/conflict.go:66.71,69.24 2 10
github.com/diogo/dotkeeper/internal/restore/conflict.go:69.24,71.3 1 6
github.com/diogo/dotkeeper/internal/restore/conflict.go:73.2,73.16 1 4
github.com/diogo/dotkeeper/internal/restore/conflict.go:73.16,75.3 1 2
github.com/diogo/dotkeeper/internal/restore/conflict.go:77.2,77.21 1 2
github.com/diogo/dotkeeper/internal/restore/conflict.go:81.36,84.2 2 4
github.com/diogo/dotkeeper/internal/restore/conflict.go:87.48,93.16 5 1
github.com/diogo/dotkeeper/internal/restore/conflict.go:93.16,95.3 1 0
github.com/diogo/dotkeeper/internal/restore/conflict.go:97.2,97.32 1 1
github.com/diogo/dotkeeper/internal/restore/conflict.go:97.32,98.42 1 3
github.com/diogo/dotkeeper/internal/restore/conflict.go:98.42,100.4 1 0
github.com/diogo/dotkeeper/internal/restore/conflict.go:103.2,103.12 1 1
github.com/diogo/dotkeeper/internal/restore/conflict.go:107.63,109.49 1 1
github.com/diogo/dotkeeper/internal/restore/conflict.go:109.49,110.49 1 1
github.com/diogo/dotkeeper/internal/restore/conflict.go:110.49,112.4 1 0
github.com/diogo/dotkeeper/internal/restore/conflict.go:116.2,116.60 1 1
github.com/diogo/dotkeeper/internal/restore/conflict.go:116.60,118.3 1 0
github.com/diogo/dotkeeper/internal/restore/conflict.go:120.2,120.12 1 1
github.com/diogo/dotkeeper/internal/restore/conflict.go:124.57,130.16 5 1
github.com/diogo/dotkeeper/internal/restore/conflict.go:130.16,132.3 1 0
github.com/diogo/dotkeeper/internal/restore/conflict.go:134.2,134.21 1 1
github.com/diogo/dotkeeper/internal/restore/diff.go:12.82,20.24 3 5
github.com/diogo/dotkeeper/internal/restore/diff.go:20.24,25.3 3 1
github.com/diogo/dotkeeper/internal/restore/diff.go:26.2,26.16 1 4
github.com/diogo/dotkeeper/internal/restore/diff.go:26.16,28.3 1 0
github.com/diogo/dotkeeper/internal/restore/diff.go:31.2,31.48 1 4
github.com/diogo/dotkeeper/internal/restore/diff.go:31.48,35.3 3 1
github.com/diogo/dotkeeper/internal/restore/diff.go:37.2,43.20 3 3
github.com/diogo/dotkeeper/internal/restore/diff.go:47.81,49.16 2 1
github.com/diogo/dotkeeper/internal/restore/diff.go:49.16,51.3 1 0
github.com/diogo/dotkeeper/internal/restore/diff.go:53.2,53.49 1 1
github.com/diogo/dotkeeper/internal/restore/diff.go:57.60,63.20 5 1
github.com/diogo/dotkeeper/internal/restore/diff.go:63.20,65.30 2 1
github.com/diogo/dotkeeper/internal/restore/diff.go:65.30,67.4 1 2
github.com/diogo/dotkeeper/internal/restore/diff.go:70.2,70.21 1 1
github.com/diogo/dotkeeper/internal/restore/diff.go:74.66,84.29 7 3
github.com/diogo/dotkeeper/internal/restore/diff.go:84.29,86.3 1 3
github.com/diogo/dotkeeper/internal/restore/diff.go:88.2,88.21 1 3
github.com/diogo/dotkeeper/internal/restore/diff.go:92.43,108.31 10 3
github.com/diogo/dotkeeper/internal/restore/diff.go:108.31,110.98 1 11
github.com/diogo/dotkeeper/internal/restore/diff.go:110.98,111.14 1 5
github.com/diogo/dotkeeper/internal/restore/diff.go:111.14,116.5 3 4
github.com/diogo/dotkeeper/internal/restore/diff.go:117.4,120.12 4 5
github.com/diogo/dotkeeper/internal/restore/diff.go:124.3,124.14 1 6
github.com/diogo/dotkeeper/internal/restore/diff.go:124.14,134.31 8 3
github.com/diogo/dotkeeper/internal/restore/diff.go:134.31,138.5 3 1
github.com/diogo/dotkeeper/internal/restore/diff.go:139.4,139.17 1 3
github.com/diogo/dotkeeper/internal/restore/diff.go:139.17,142.5 2 1
github.com/diogo/dotkeeper/internal/restore/diff.go:146.3,146.80 1 6
github.com/diogo/dotkeeper/internal/restore/diff.go:146.80,147.34 1 3
github.com/diogo/dotkeeper/internal/restore/diff.go:147.34,154.5 5 0
github.com/diogo/dotkeeper/internal/restore/diff.go:154.10,154.56 1 3
github.com/diogo/dotkeeper/internal/restore/diff.go:154.56,158.5 3 3
github.com/diogo/dotkeeper/internal/restore/diff.go:159.4,159.12 1 3
github.com/diogo/dotkeeper/internal/restore/diff.go:163.3,163.80 1 3
github.com/diogo/dotkeeper/internal/restore/diff.go:163.80,167.12 4 3
github.com/diogo/dotkeeper/internal/restore/diff.go:172.2,172.37 1 3
github.com/diogo/dotkeeper/internal/restore/diff.go:172.37,175.3 2 3
github.com/diogo/dotkeeper/internal/restore/diff.go:177.2,177.14 1 3
github.com/diogo/dotkeeper/internal/restore/diff.go:181.41,183.22 2 6
github.com/diogo/dotkeeper/internal/restore/diff.go:183.22,185.3 1 2
github.com/diogo/dotkeeper/internal/restore/diff.go:188.2,189.20 2 4
github.com/diogo/dotkeeper/internal/restore/diff.go:189.20,191.3 1 17
github.com/diogo/dotkeeper/internal/restore/diff.go:194.2,194.26 1 4
github.com/diogo/dotkeeper/internal/restore/diff.go:194.26,195.27 1 13
github.com/diogo/dotkeeper/internal/restore/diff.go:195.27,196.24 1 39
github.com/diogo/dotkeeper/internal/restore/diff.go:196.24,198.5 1 8
github.com/diogo/dotkeeper/internal/restore/diff.go:198.10,200.5 1 31
github.com/diogo/dotkeeper/internal/restore/diff.go:205.2,207.21 3 4
github.com/diogo/dotkeeper/internal/restore/diff.go:207.21,208.23 1 14
github.com/diogo/dotkeeper/internal/restore/diff.go:208.23,213.4 4 8
github.com/diogo/dotkeeper/internal/restore/diff.go:213.9,213.37 1 6
github.com/diogo/dotkeeper/internal/restore/diff.go:213.37,215.4 1 3
github.com/diogo/dotkeeper/internal/restore/diff.go:215.9,217.4 1 3
github.com/diogo/dotkeeper/internal/restore/diff.go:220.2,220.12 1 4
github.com/diogo/dotkeeper/internal/restore/diff.go:224.40,226.53 1 3
github.com/diogo/dotkeeper/internal/restore/diff.go:226.53,227.13 1 32
github.com/diogo/dotkeeper/internal/restore/diff.go:227.13,229.4 1 1
github.com/diogo/dotkeeper/internal/restore/diff.go:231.2,231.14 1 2
github.com/diogo/dotkeeper/internal/restore/diff.go:235.56,237.29 2 1
github.com/diogo/dotkeeper/internal/restore/diff.go:237.29,238.70 1 8
github.com/diogo/dotkeeper/internal/restore/diff.go:238.70,240.4 1 2
github.com/diogo/dotkeeper/internal/restore/diff.go:240.9,240.77 1 6
github.com/diogo/dotkeeper/internal/restore/diff.go:240.77,242.4 1 1
github.com/diogo/dotkeeper/internal/restore/diff.go:244.2,244.8 1 1
github.com/diogo/dotkeeper/internal/restore/restore.go:18.88,28.16 3 9
github.com/diogo/dotkeeper/internal/restore/restore.go:28.16,30.3 1 2
github.com/diogo/dotkeeper/internal/restore/restore.go:32.2,35.33 2 7
github.com/diogo/dotkeeper/internal/restore/restore.go:35.33,37.3 1 1
github.com/diogo/dotkeeper/internal/restore/restore.go:40.2,40.32 1 7
github.com/diogo/dotkeeper/internal/restore/restore.go:40.32,42.27 2 9
github.com/diogo/dotkeeper/internal/restore/restore.go:42.27,44.4 1 9
github.com/diogo/dotkeeper/internal/restore/restore.go:47.3,47.20 1 9
github.com/diogo/dotkeeper/internal/restore/restore.go:47.20,49.18 2 1
github.com/diogo/dotkeeper/internal/restore/restore.go:49.18,51.37 1 0
github.com/diogo/dotkeeper/internal/restore/restore.go:51.37,53.6 1 0
github.com/diogo/dotkeeper/internal/restore/restore.go:54.10,54.39 1 1
github.com/diogo/dotkeeper/internal/restore/restore.go:54.39,56.31 2 1
github.com/diogo/dotkeeper/internal/restore/restore.go:56.31,58.6 1 1
github.com/diogo/dotkeeper/internal/restore/restore.go:63.3,63.18 1 9
github.com/diogo/dotkeeper/internal/restore/restore.go:63.18,64.31 1 2
github.com/diogo/dotkeeper/internal/restore/restore.go:64.31,66.37 2 1
github.com/diogo/dotkeeper/internal/restore/restore.go:66.37,68.6 1 0
github.com/diogo/dotkeeper/internal/restore/restore.go:70.4,72.12 3 2
github.com/diogo/dotkeeper/internal/restore/restore.go:76.3,79.17 3 7
github.com/diogo/dotkeeper/internal/restore/restore.go:80.19,83.36 3 0
github.com/diogo/dotkeeper/internal/restore/restore.go:83.36,85.5 1 0
github.com/diogo/dotkeeper/internal/restore/restore.go:86.4,86.12 1 0
github.com/diogo/dotkeeper/internal/restore/restore.go:88.21,90.18 2 1
github.com/diogo/dotkeeper/internal/restore/restore.go:90.18,92.5 1 0
github.com/diogo/dotkeeper/internal/restore/restore.go:93.4,93.27 1 1
github.com/diogo/dotkeeper/internal/restore/restore.go:93.27,96.37 3 1
github.com/diogo/dotkeeper/internal/restore/restore.go:96.37,98.6 1 0
github.com/diogo/dotkeeper/internal/restore/restore.go:101.24,101.24 0 6
github.com/diogo/dotkeeper/internal/restore/restore.go:106.3,106.82 1 7
github.com/diogo/dotkeeper/internal/restore/restore.go:106.82,108.4 1 0
github.com/diogo/dotkeeper/internal/restore/restore.go:110.3,112.35 3 7
github.com/diogo/dotkeeper/internal/restore/restore.go:112.35,114.4 1 1
github.com/diogo/dotkeeper/internal/restore/restore.go:117.2,117.20 1 7
github.com/diogo/dotkeeper/internal/restore/restore.go:121.74,124.16 2 13
github.com/diogo/dotkeeper/internal/restore/restore.go:124.16,126.3 1 1
github.com/diogo/dotkeeper/internal/restore/restore.go:129.2,131.16 3 12
github.com/diogo/dotkeeper/internal/restore/restore.go:131.16,133.3 1 0
github.com/diogo/dotkeeper/internal/restore/restore.go:135.2,136.65 2 12
github.com/diogo/dotkeeper/internal/restore/restore.go:136.65,138.3 1 0
github.com/diogo/dotkeeper/internal/restore/restore.go:141.2,143.16 3 12
github.com/diogo/dotkeeper/internal/restore/restore.go:143.16,145.3 1 2
github.com/diogo/dotkeeper/internal/restore/restore.go:148.2,148.32 1 10
github.com/diogo/dotkeeper/internal/restore/restore.go:152.53,154.16 2 10
github.com/diogo/dotkeeper/internal/restore/restore.go:154.16,156.3 1 0
github.com/diogo/dotkeeper/internal/restore/restore.go:157.2,162.6 4 10
github.com/diogo/dotkeeper/internal/restore/restore.go:162.6,164.20 2 24
github.com/diogo/dotkeeper/internal/restore/restore.go:164.20,165.9 1 10
github.com/diogo/dotkeeper/internal/restore/restore.go:167.3,167.17 1 14
github.com/diogo/dotkeeper/internal/restore/restore.go:167.17,169.4 1 0
github.com/diogo/dotkeeper/internal/restore/restore.go:172.3,172.37 1 14
github.com/diogo/dotkeeper/internal/restore/restore.go:172.37,173.12 1 0
github.com/diogo/dotkeeper/internal/restore/restore.go:177.3,178.17 2 14
github.com/diogo/dotkeeper/internal/restore/restore.go:178.17,180.4 1 0
github.com/diogo/dotkeeper/internal/restore/restore.go:182.3,187.5 1 14
github.com/diogo/dotkeeper/internal/restore/restore.go:190.2,190.21 1 10
github.com/diogo/dotkeeper/internal/restore/restore.go:194.71,197.47 2 8
github.com/diogo/dotkeeper/internal/restore/restore.go:197.47,199.3 1 0
github.com/diogo/dotkeeper/internal/restore/restore.go:202.2,203.16 2 8
github.com/diogo/dotkeeper/internal/restore/restore.go:203.16,205.3 1 0
github.com/diogo/dotkeeper/internal/restore/restore.go:206.2,209.15 2 8
github.com/diogo/dotkeeper/internal/restore/restore.go:209.15,210.21 1 8
github.com/diogo/dotkeeper/internal/restore/restore.go:210.21,212.4 1 0
github.com/diogo/dotkeeper/internal/restore/restore.go:216.2,216.51 1 8
github.com/diogo/dotkeeper/internal/restore/restore.go:216.51,219.3 2 0
github.com/diogo/dotkeeper/internal/restore/restore.go:222.2,222.58 1 8
github.com/diogo/dotkeeper/internal/restore/restore.go:222.58,225.3 2 0
github.com/diogo/dotkeeper/internal/restore/restore.go:228.2,228.41 1 8
github.com/diogo/dotkeeper/internal/restore/restore.go:228.41,230.3 1 0
github.com/diogo/dotkeeper/internal/restore/restore.go:233.2,233.50 1 8
github.com/diogo/dotkeeper/internal/restore/restore.go:233.50,235.3 1 0
github.com/diogo/dotkeeper/internal/restore/restore.go:238.2,240.12 2 8
github.com/diogo/dotkeeper/internal/restore/restore.go:244.72,245.24 1 4
github.com/diogo/dotkeeper/internal/restore/restore.go:245.24,247.3 1 1
github.com/diogo/dotkeeper/internal/restore/restore.go:250.2,251.29 2 3
github.com/diogo/dotkeeper/internal/restore/restore.go:251.29,255.3 2 4
github.com/diogo/dotkeeper/internal/restore/restore.go:257.2,258.32 2 3
github.com/diogo/dotkeeper/internal/restore/restore.go:258.32,259.73 1 9
github.com/diogo/dotkeeper/internal/restore/restore.go:259.73,261.12 2 1
github.com/diogo/dotkeeper/internal/restore/restore.go:264.3,264.45 1 8
github.com/diogo/dotkeeper/internal/restore/restore.go:264.45,266.4 1 3
github.com/diogo/dotkeeper/internal/restore/restore.go:269.2,269.17 1 3
github.com/diogo/dotkeeper/internal/restore/restore.go:273.75,275.2 1 2
github.com/diogo/dotkeeper/internal/restore/restore.go:278.95,282.2 3 0
github.com/diogo/dotkeeper/internal/restore/restore.go:285.84,289.2 3 0
github.com/diogo/dotkeeper/internal/restore/restore.go:292.73,294.16 2 0
github.com/diogo/dotkeeper/internal/restore/restore.go:294.16,296.3 1 0
github.com/diogo/dotkeeper/internal/restore/restore.go:299.2,299.32 1 0
github.com/diogo/dotkeeper/internal/restore/restore.go:299.32,300.85 1 0
github.com/diogo/dotkeeper/internal/restore/restore.go:300.85,302.18 2 0
github.com/diogo/dotkeeper/internal/restore/restore.go:302.18,304.5 1 0
github.com/diogo/dotkeeper/internal/restore/restore.go:305.4,305.27 1 0
github.com/diogo/dotkeeper/internal/restore/restore.go:309.2,309.64 1 0
github.com/diogo/dotkeeper/internal/restore/restore.go:313.56,315.47 1 3
github.com/diogo/dotkeeper/internal/restore/restore.go:315.47,317.3 1 1
github.com/diogo/dotkeeper/internal/restore/restore.go:320.2,321.49 2 2
github.com/diogo/dotkeeper/internal/restore/restore.go:321.49,323.3 1 0
github.com/diogo/dotkeeper/internal/restore/restore.go:326.2,327.16 2 2
github.com/diogo/dotkeeper/internal/restore/restore.go:327.16,328.57 1 1
github.com/diogo/dotkeeper/internal/restore/restore.go:328.57,330.4 1 1
github.com/diogo/dotkeeper/internal/restore/restore.go:331.3,331.13 1 0
github.com/diogo/dotkeeper/internal/restore/restore.go:334.2,334.12 1 1
github.com/diogo/dotkeeper/cmd/dotkeeper/main.go:15.13,20.15 4 0
github.com/diogo/dotkeeper/cmd/dotkeeper/main.go:20.15,23.3 2 0
github.com/diogo/dotkeeper/cmd/dotkeeper/main.go:25.2,25.18 1 0
github.com/diogo/dotkeeper/cmd/dotkeeper/main.go:25.18,28.3 2 0
github.com/diogo/dotkeeper/cmd/dotkeeper/main.go:31.2,31.22 1 0
github.com/diogo/dotkeeper/cmd/dotkeeper/main.go:31.22,33.36 2 0
github.com/diogo/dotkeeper/cmd/dotkeeper/main.go:33.36,36.4 2 0
github.com/diogo/dotkeeper/cmd/dotkeeper/main.go:37.3,37.9 1 0
github.com/diogo/dotkeeper/cmd/dotkeeper/main.go:41.2,45.17 4 0
github.com/diogo/dotkeeper/cmd/dotkeeper/main.go:46.16,47.37 1 0
github.com/diogo/dotkeeper/cmd/dotkeeper/main.go:48.17,49.38 1 0
github.com/diogo/dotkeeper/cmd/dotkeeper/main.go:50.14,51.35 1 0
github.com/diogo/dotkeeper/cmd/dotkeeper/main.go:52.16,53.37 1 0
github.com/diogo/dotkeeper/cmd/dotkeeper/main.go:54.18,55.39 1 0
github.com/diogo/dotkeeper/cmd/dotkeeper/main.go:56.14,58.15 2 0
github.com/diogo/dotkeeper/cmd/dotkeeper/main.go:59.10,62.15 3 0
github.com/diogo/dotkeeper/cmd/dotkeeper/main.go:65.2,65.19 1 0
github.com/diogo/dotkeeper/cmd/dotkeeper/main.go:68.18,92.2 2 0
github.com/diogo/dotkeeper/internal/tui/views/backuplist.go:22.42,22.59 1 4
github.com/diogo/dotkeeper/internal/tui/views/backuplist.go:23.42,23.97 1 4
github.com/diogo/dotkeeper/internal/tui/views/backuplist.go:24.42,24.59 1 0
github.com/diogo/dotkeeper/internal/tui/views/backuplist.go:47.56,63.2 9 2
github.com/diogo/dotkeeper/internal/tui/views/backuplist.go:65.41,67.2 1 1
github.com/diogo/dotkeeper/internal/tui/views/backuplist.go:69.44,70.24 1 1
github.com/diogo/dotkeeper/internal/tui/views/backuplist.go:70.24,75.27 4 1
github.com/diogo/dotkeeper/internal/tui/views/backuplist.go:75.27,76.58 1 2
github.com/diogo/dotkeeper/internal/tui/views/backuplist.go:76.58,83.5 2 2
github.com/diogo/dotkeeper/internal/tui/views/backuplist.go:85.3,85.33 1 1
github.com/diogo/dotkeeper/internal/tui/views/backuplist.go:89.61,90.24 1 0
github.com/diogo/dotkeeper/internal/tui/views/backuplist.go:90.24,95.17 4 0
github.com/diogo/dotkeeper/internal/tui/views/backuplist.go:95.17,97.4 1 0
github.com/diogo/dotkeeper/internal/tui/views/backuplist.go:98.3,98.42 1 0
github.com/diogo/dotkeeper/internal/tui/views/backuplist.go:102.67,105.27 2 3
github.com/diogo/dotkeeper/internal/tui/views/backuplist.go:106.25,109.42 3 2
github.com/diogo/dotkeeper/internal/tui/views/backuplist.go:111.24,113.16 2 1
github.com/diogo/dotkeeper/internal/tui/views/backuplist.go:115.24,120.24 5 0
github.com/diogo/dotkeeper/internal/tui/views/backuplist.go:122.22,127.16 5 0
github.com/diogo/dotkeeper/internal/tui/views/backuplist.go:129.18,130.23 1 0
github.com/diogo/dotkeeper/internal/tui/views/backuplist.go:130.23,131.24 1 0
github.com/diogo/dotkeeper/internal/tui/views/backuplist.go:132.17,134.23 2 0
github.com/diogo/dotkeeper/internal/tui/views/backuplist.go:134.23,138.6 3 0
github.com/diogo/dotkeeper/internal/tui/views/backuplist.go:139.15,143.18 4 0
github.com/diogo/dotkeeper/internal/tui/views/backuplist.go:146.4,148.17 3 0
github.com/diogo/dotkeeper/internal/tui/views/backuplist.go:151.3,151.23 1 0
github.com/diogo/dotkeeper/internal/tui/views/backuplist.go:152.17,157.29 5 0
github.com/diogo/dotkeeper/internal/tui/views/backuplist.go:158.12,159.25 1 0
github.com/diogo/dotkeeper/internal/tui/views/backuplist.go:163.2,163.23 1 2
github.com/diogo/dotkeeper/internal/tui/views/backuplist.go:163.23,167.3 3 2
github.com/diogo/dotkeeper/internal/tui/views/backuplist.go:169.2,169.30 1 2
github.com/diogo/dotkeeper/internal/tui/views/backuplist.go:172.40,177.22 3 1
github.com/diogo/dotkeeper/internal/tui/views/backuplist.go:177.22,183.3 5 0
github.com/diogo/dotkeeper/internal/tui/views/backuplist.go:185.2,188.26 3 1
github.com/diogo/dotkeeper/internal/tui/views/backuplist.go:188.26,190.3 1 0
github.com/diogo/dotkeeper/internal/tui/views/backuplist.go:191.2,191.25 1 1
github.com/diogo/dotkeeper/internal/tui/views/backuplist.go:191.25,193.3 1 0
github.com/diogo/dotkeeper/internal/tui/views/backuplist.go:195.2,197.19 2 1
github.com/diogo/dotkeeper/internal/tui/views/dashboard.go:24.54,28.2 1 1
github.com/diogo/dotkeeper/internal/tui/views/dashboard.go:31.40,33.2 1 1
github.com/diogo/dotkeeper/internal/tui/views/dashboard.go:36.66,37.27 1 0
github.com/diogo/dotkeeper/internal/tui/views/dashboard.go:38.25,40.24 2 0
github.com/diogo/dotkeeper/internal/tui/views/dashboard.go:41.17,43.30 2 0
github.com/diogo/dotkeeper/internal/tui/views/dashboard.go:45.2,45.15 1 0
github.com/diogo/dotkeeper/internal/tui/views/dashboard.go:49.39,56.28 4 1
github.com/diogo/dotkeeper/internal/tui/views/dashboard.go:56.28,58.3 1 0
github.com/diogo/dotkeeper/internal/tui/views/dashboard.go:58.8,60.3 1 1
github.com/diogo/dotkeeper/internal/tui/views/dashboard.go:62.2,70.10 6 1
github.com/diogo/dotkeeper/internal/tui/views/dashboard.go:78.49,79.24 1 1
github.com/diogo/dotkeeper/internal/tui/views/dashboard.go:79.24,85.23 5 0
github.com/diogo/dotkeeper/internal/tui/views/dashboard.go:85.23,87.19 2 0
github.com/diogo/dotkeeper/internal/tui/views/dashboard.go:87.19,89.5 1 0
github.com/diogo/dotkeeper/internal/tui/views/dashboard.go:92.3,95.4 1 0
github.com/diogo/dotkeeper/internal/tui/views/filebrowser.go:19.58,28.2 4 1
github.com/diogo/dotkeeper/internal/tui/views/filebrowser.go:31.42,33.2 1 1
github.com/diogo/dotkeeper/internal/tui/views/filebrowser.go:36.68,37.27 1 0
github.com/diogo/dotkeeper/internal/tui/views/filebrowser.go:38.25,41.39 3 0
github.com/diogo/dotkeeper/internal/tui/views/filebrowser.go:45.2,45.67 1 0
github.com/diogo/dotkeeper/internal/tui/views/filebrowser.go:45.67,47.3 1 0
github.com/diogo/dotkeeper/internal/tui/views/filebrowser.go:49.2,51.15 3 0
github.com/diogo/dotkeeper/internal/tui/views/filebrowser.go:55.41,57.2 1 1
github.com/diogo/dotkeeper/internal/tui/views/helpers.go:11.34,12.44 1 28
github.com/diogo/dotkeeper/internal/tui/views/helpers.go:12.44,14.17 2 12
github.com/diogo/dotkeeper/internal/tui/views/helpers.go:14.17,15.16 1 12
github.com/diogo/dotkeeper/internal/tui/views/helpers.go:15.16,17.5 1 0
github.com/diogo/dotkeeper/internal/tui/views/helpers.go:18.4,18.37 1 12
github.com/diogo/dotkeeper/internal/tui/views/helpers.go:21.2,21.10 1 16
github.com/diogo/dotkeeper/internal/tui/views/helpers.go:34.53,41.16 3 6
github.com/diogo/dotkeeper/internal/tui/views/helpers.go:41.16,42.25 1 0
github.com/diogo/dotkeeper/internal/tui/views/helpers.go:42.25,44.4 1 0
github.com/diogo/dotkeeper/internal/tui/views/helpers.go:44.9,44.34 1 0
github.com/diogo/dotkeeper/internal/tui/views/helpers.go:44.34,46.4 1 0
github.com/diogo/dotkeeper/internal/tui/views/helpers.go:46.9,48.4 1 0
github.com/diogo/dotkeeper/internal/tui/views/helpers.go:49.3,49.16 1 0
github.com/diogo/dotkeeper/internal/tui/views/helpers.go:52.2,57.18 4 6
github.com/diogo/dotkeeper/internal/tui/views/helpers.go:57.18,60.17 2 3
github.com/diogo/dotkeeper/internal/tui/views/helpers.go:60.17,63.4 2 0
github.com/diogo/dotkeeper/internal/tui/views/helpers.go:64.3,64.25 1 3
github.com/diogo/dotkeeper/internal/tui/views/helpers.go:65.8,68.17 2 3
github.com/diogo/dotkeeper/internal/tui/views/helpers.go:68.17,71.4 2 0
github.com/diogo/dotkeeper/internal/tui/views/helpers.go:72.3,73.25 2 3
github.com/diogo/dotkeeper/internal/tui/views/helpers.go:76.2,77.15 2 6
github.com/diogo/dotkeeper/internal/tui/views/helpers.go:80.52,83.19 2 3
github.com/diogo/dotkeeper/internal/tui/views/helpers.go:83.19,85.3 1 0
github.com/diogo/dotkeeper/internal/tui/views/helpers.go:87.2,87.18 1 3
github.com/diogo/dotkeeper/internal/tui/views/helpers.go:87.18,89.3 1 0
github.com/diogo/dotkeeper/internal/tui/views/helpers.go:91.2,91.33 1 3
github.com/diogo/dotkeeper/internal/tui/views/helpers.go:94.54,97.19 2 3
github.com/diogo/dotkeeper/internal/tui/views/helpers.go:97.19,99.3 1 0
github.com/diogo/dotkeeper/internal/tui/views/helpers.go:101.2,101.19 1 3
github.com/diogo/dotkeeper/internal/tui/views/helpers.go:101.19,103.3 1 0
github.com/diogo/dotkeeper/internal/tui/views/helpers.go:105.2,105.33 1 3
github.com/diogo/dotkeeper/internal/tui/views/logs.go:16.44,20.2 1 1
github.com/diogo/dotkeeper/internal/tui/views/logs.go:23.35,25.2 1 1
github.com/diogo/dotkeeper/internal/tui/views/logs.go:28.61,29.27 1 1
github.com/diogo/dotkeeper/internal/tui/views/logs.go:30.25,32.24 2 1
github.com/diogo/dotkeeper/internal/tui/views/logs.go:34.2,34.15 1 1
github.com/diogo/dotkeeper/internal/tui/views/logs.go:38.34,41.2 2 1
github.com/diogo/dotkeeper/internal/tui/views/restore.go:73.34,75.16 2 0
github.com/diogo/dotkeeper/internal/tui/views/restore.go:75.16,77.3 1 0
github.com/diogo/dotkeeper/internal/tui/views/restore.go:78.2,78.32 1 0
github.com/diogo/dotkeeper/internal/tui/views/restore.go:81.40,83.2 1 0
github.com/diogo/dotkeeper/internal/tui/views/restore.go:85.40,87.2 1 0
github.com/diogo/dotkeeper/internal/tui/views/restore.go:90.50,116.2 13 11
github.com/diogo/dotkeeper/internal/tui/views/restore.go:119.38,121.2 1 1
github.com/diogo/dotkeeper/internal/tui/views/restore.go:124.41,126.2 1 0
github.com/diogo/dotkeeper/internal/tui/views/restore.go:129.48,130.24 1 2
github.com/diogo/dotkeeper/internal/tui/views/restore.go:130.24,135.27 4 1
github.com/diogo/dotkeeper/internal/tui/views/restore.go:135.27,136.58 1 2
github.com/diogo/dotkeeper/internal/tui/views/restore.go:136.58,143.5 2 2
github.com/diogo/dotkeeper/internal/tui/views/restore.go:145.3,145.33 1 1
github.com/diogo/dotkeeper/internal/tui/views/restore.go:149.77,150.24 1 0
github.com/diogo/dotkeeper/internal/tui/views/restore.go:150.24,152.17 2 0
github.com/diogo/dotkeeper/internal/tui/views/restore.go:152.17,154.4 1 0
github.com/diogo/dotkeeper/internal/tui/views/restore.go:155.3,155.28 1 0
github.com/diogo/dotkeeper/internal/tui/views/restore.go:159.70,160.24 1 0
github.com/diogo/dotkeeper/internal/tui/views/restore.go:160.24,162.17 2 0
github.com/diogo/dotkeeper/internal/tui/views/restore.go:162.17,164.4 1 0
github.com/diogo/dotkeeper/internal/tui/views/restore.go:165.3,165.40 1 0
github.com/diogo/dotkeeper/internal/tui/views/restore.go:169.57,170.24 1 0
github.com/diogo/dotkeeper/internal/tui/views/restore.go:170.24,172.17 2 0
github.com/diogo/dotkeeper/internal/tui/views/restore.go:172.17,173.63 1 0
github.com/diogo/dotkeeper/internal/tui/views/restore.go:173.63,178.5 1 0
github.com/diogo/dotkeeper/internal/tui/views/restore.go:179.4,179.33 1 0
github.com/diogo/dotkeeper/internal/tui/views/restore.go:181.3,181.17 1 0
github.com/diogo/dotkeeper/internal/tui/views/restore.go:181.17,186.4 1 0
github.com/diogo/dotkeeper/internal/tui/views/restore.go:187.3,187.51 1 0
github.com/diogo/dotkeeper/internal/tui/views/restore.go:191.44,192.24 1 0
github.com/diogo/dotkeeper/internal/tui/views/restore.go:192.24,198.17 3 0
github.com/diogo/dotkeeper/internal/tui/views/restore.go:198.17,200.4 1 0
github.com/diogo/dotkeeper/internal/tui/views/restore.go:201.3,201.44 1 0
github.com/diogo/dotkeeper/internal/tui/views/restore.go:205.50,208.29 3 0
github.com/diogo/dotkeeper/internal/tui/views/restore.go:208.29,212.3 3 0
github.com/diogo/dotkeeper/internal/tui/views/restore.go:213.2,213.31 1 0
github.com/diogo/dotkeeper/internal/tui/views/restore.go:216.48,218.43 2 2
github.com/diogo/dotkeeper/internal/tui/views/restore.go:218.43,219.15 1 5
github.com/diogo/dotkeeper/internal/tui/views/restore.go:219.15,221.4 1 2
github.com/diogo/dotkeeper/internal/tui/views/restore.go:223.2,223.14 1 2
github.com/diogo/dotkeeper/internal/tui/views/restore.go:226.55,228.46 2 1
github.com/diogo/dotkeeper/internal/tui/views/restore.go:228.46,229.15 1 3
github.com/diogo/dotkeeper/internal/tui/views/restore.go:229.15,231.4 1 2
github.com/diogo/dotkeeper/internal/tui/views/restore.go:233.2,233.14 1 1
github.com/diogo/dotkeeper/internal/tui/views/restore.go:237.64,240.27 2 8
github.com/diogo/dotkeeper/internal/tui/views/restore.go:241.25,247.37 6 2
github.com/diogo/dotkeeper/internal/tui/views/restore.go:249.24,251.16 2 1
github.com/diogo/dotkeeper/internal/tui/views/restore.go:253.24,259.54 6 0
github.com/diogo/dotkeeper/internal/tui/views/restore.go:261.26,263.30 2 0
github.com/diogo/dotkeeper/internal/tui/views/restore.go:263.30,269.4 5 0
github.com/diogo/dotkeeper/internal/tui/views/restore.go:269.9,272.4 2 0
github.com/diogo/dotkeeper/internal/tui/views/restore.go:273.3,274.16 2 0
github.com/diogo/dotkeeper/internal/tui/views/restore.go:276.22,279.35 3 0
github.com/diogo/dotkeeper/internal/tui/views/restore.go:279.35,286.4 2 0
github.com/diogo/dotkeeper/internal/tui/views/restore.go:287.3,290.16 4 0
github.com/diogo/dotkeeper/internal/tui/views/restore.go:292.21,300.16 8 0
github.com/diogo/dotkeeper/internal/tui/views/restore.go:302.20,305.16 3 0
github.com/diogo/dotkeeper/internal/tui/views/restore.go:307.26,312.16 5 0
github.com/diogo/dotkeeper/internal/tui/views/restore.go:314.23,319.16 5 0
github.com/diogo/dotkeeper/internal/tui/views/restore.go:321.18,322.19 1 5
github.com/diogo/dotkeeper/internal/tui/views/restore.go:322.19,323.24 1 1
github.com/diogo/dotkeeper/internal/tui/views/restore.go:324.17,325.57 1 0
github.com/diogo/dotkeeper/internal/tui/views/restore.go:325.57,334.6 8 0
github.com/diogo/dotkeeper/internal/tui/views/restore.go:335.13,336.33 1 1
github.com/diogo/dotkeeper/internal/tui/views/restore.go:337.12,340.18 3 0
github.com/diogo/dotkeeper/internal/tui/views/restore.go:342.9,342.26 1 4
github.com/diogo/dotkeeper/internal/tui/views/restore.go:342.26,343.24 1 1
github.com/diogo/dotkeeper/internal/tui/views/restore.go:344.17,345.38 1 0
github.com/diogo/dotkeeper/internal/tui/views/restore.go:345.38,349.6 3 0
github.com/diogo/dotkeeper/internal/tui/views/restore.go:350.15,356.18 6 1
github.com/diogo/dotkeeper/internal/tui/views/restore.go:357.12,360.18 3 0
github.com/diogo/dotkeeper/internal/tui/views/restore.go:362.9,362.26 1 3
github.com/diogo/dotkeeper/internal/tui/views/restore.go:362.26,363.24 1 2
github.com/diogo/dotkeeper/internal/tui/views/restore.go:364.13,365.55 1 0
github.com/diogo/dotkeeper/internal/tui/views/restore.go:365.55,369.6 3 0
github.com/diogo/dotkeeper/internal/tui/views/restore.go:370.13,371.39 1 0
github.com/diogo/dotkeeper/internal/tui/views/restore.go:371.39,373.6 1 0
github.com/diogo/dotkeeper/internal/tui/views/restore.go:374.5,374.32 1 0
github.com/diogo/dotkeeper/internal/tui/views/restore.go:375.13,376.39 1 0
github.com/diogo/dotkeeper/internal/tui/views/restore.go:376.39,378.6 1 0
github.com/diogo/dotkeeper/internal/tui/views/restore.go:379.5,379.32 1 0
github.com/diogo/dotkeeper/internal/tui/views/restore.go:380.13,381.55 1 0
github.com/diogo/dotkeeper/internal/tui/views/restore.go:381.55,386.6 4 0
github.com/diogo/dotkeeper/internal/tui/views/restore.go:387.17,389.27 2 1
github.com/diogo/dotkeeper/internal/tui/views/restore.go:389.27,391.6 1 1
github.com/diogo/dotkeeper/internal/tui/views/restore.go:391.11,396.6 4 0
github.com/diogo/dotkeeper/internal/tui/views/restore.go:397.15,404.27 7 1
github.com/diogo/dotkeeper/internal/tui/views/restore.go:405.12,408.18 3 0
github.com/diogo/dotkeeper/internal/tui/views/restore.go:410.9,410.26 1 1
github.com/diogo/dotkeeper/internal/tui/views/restore.go:410.26,411.24 1 1
github.com/diogo/dotkeeper/internal/tui/views/restore.go:412.21,413.27 1 0
github.com/diogo/dotkeeper/internal/tui/views/restore.go:414.19,415.25 1 0
github.com/diogo/dotkeeper/internal/tui/views/restore.go:416.13,417.25 1 0
github.com/diogo/dotkeeper/internal/tui/views/restore.go:418.13,419.28 1 0
github.com/diogo/dotkeeper/internal/tui/views/restore.go:420.15,425.24 5 1
github.com/diogo/dotkeeper/internal/tui/views/restore.go:426.12,429.18 3 0
github.com/diogo/dotkeeper/internal/tui/views/restore.go:431.9,431.26 1 0
github.com/diogo/dotkeeper/internal/tui/views/restore.go:431.26,441.4 9 0
github.com/diogo/dotkeeper/internal/tui/views/restore.go:444.2,444.30 1 5
github.com/diogo/dotkeeper/internal/tui/views/restore.go:448.37,454.18 3 2
github.com/diogo/dotkeeper/internal/tui/views/restore.go:454.18,458.28 3 2
github.com/diogo/dotkeeper/internal/tui/views/restore.go:458.28,460.4 1 0
github.com/diogo/dotkeeper/internal/tui/views/restore.go:461.3,461.27 1 2
github.com/diogo/dotkeeper/internal/tui/views/restore.go:461.27,463.4 1 0
github.com/diogo/dotkeeper/internal/tui/views/restore.go:465.3,466.20 2 2
github.com/diogo/dotkeeper/internal/tui/views/restore.go:470.2,470.18 1 0
github.com/diogo/dotkeeper/internal/tui/views/restore.go:470.18,475.28 4 0
github.com/diogo/dotkeeper/internal/tui/views/restore.go:475.28,477.4 1 0
github.com/diogo/dotkeeper/internal/tui/views/restore.go:478.3,478.27 1 0
github.com/diogo/dotkeeper/internal/tui/views/restore.go:478.27,480.4 1 0
github.com/diogo/dotkeeper/internal/tui/views/restore.go:482.3,483.20 2 0
github.com/diogo/dotkeeper/internal/tui/views/restore.go:487.2,487.18 1 0
github.com/diogo/dotkeeper/internal/tui/views/restore.go:487.18,497.28 7 0
github.com/diogo/dotkeeper/internal/tui/views/restore.go:497.28,499.4 1 0
github.com/diogo/dotkeeper/internal/tui/views/restore.go:500.3,500.27 1 0
github.com/diogo/dotkeeper/internal/tui/views/restore.go:500.27,502.4 1 0
github.com/diogo/dotkeeper/internal/tui/views/restore.go:504.3,505.20 2 0
github.com/diogo/dotkeeper/internal/tui/views/restore.go:509.2,509.18 1 0
github.com/diogo/dotkeeper/internal/tui/views/restore.go:509.18,513.3 3 0
github.com/diogo/dotkeeper/internal/tui/views/restore.go:516.2,516.18 1 0
github.com/diogo/dotkeeper/internal/tui/views/restore.go:516.18,528.27 5 0
github.com/diogo/dotkeeper/internal/tui/views/restore.go:528.27,530.4 1 0
github.com/diogo/dotkeeper/internal/tui/views/restore.go:532.3,533.20 2 0
github.com/diogo/dotkeeper/internal/tui/views/restore.go:537.2,537.18 1 0
github.com/diogo/dotkeeper/internal/tui/views/restore.go:537.18,540.27 2 0
github.com/diogo/dotkeeper/internal/tui/views/restore.go:540.27,542.4 1 0
github.com/diogo/dotkeeper/internal/tui/views/restore.go:542.9,542.36 1 0
github.com/diogo/dotkeeper/internal/tui/views/restore.go:542.36,545.44 2 0
github.com/diogo/dotkeeper/internal/tui/views/restore.go:545.44,547.5 1 0
github.com/diogo/dotkeeper/internal/tui/views/restore.go:548.4,548.40 1 0
github.com/diogo/dotkeeper/internal/tui/views/restore.go:548.40,550.5 1 0
github.com/diogo/dotkeeper/internal/tui/views/restore.go:552.4,554.46 2 0
github.com/diogo/dotkeeper/internal/tui/views/restore.go:554.46,556.53 2 0
github.com/diogo/dotkeeper/internal/tui/views/restore.go:556.53,558.6 1 0
github.com/diogo/dotkeeper/internal/tui/views/restore.go:559.5,559.24 1 0
github.com/diogo/dotkeeper/internal/tui/views/restore.go:562.4,562.44 1 0
github.com/diogo/dotkeeper/internal/tui/views/restore.go:562.44,564.51 2 0
github.com/diogo/dotkeeper/internal/tui/views/restore.go:564.51,566.6 1 0
github.com/diogo/dotkeeper/internal/tui/views/restore.go:567.5,567.24 1 0
github.com/diogo/dotkeeper/internal/tui/views/restore.go:571.3,572.20 2 0
github.com/diogo/dotkeeper/internal/tui/views/restore.go:575.2,578.19 3 0
github.com/diogo/dotkeeper/internal/tui/views/settings.go:32.52,41.2 4 1
github.com/diogo/dotkeeper/internal/tui/views/settings.go:44.39,46.2 1 0
github.com/diogo/dotkeeper/internal/tui/views/settings.go:49.65,50.27 1 0
github.com/diogo/dotkeeper/internal/tui/views/settings.go:51.25,53.24 2 0
github.com/diogo/dotkeeper/internal/tui/views/settings.go:55.18,56.21 1 0
github.com/diogo/dotkeeper/internal/tui/views/settings.go:56.21,58.4 1 0
github.com/diogo/dotkeeper/internal/tui/views/settings.go:59.3,59.17 1 0
github.com/diogo/dotkeeper/internal/tui/views/settings.go:59.17,61.4 1 0
github.com/diogo/dotkeeper/internal/tui/views/settings.go:62.3,62.36 1 0
github.com/diogo/dotkeeper/internal/tui/views/settings.go:64.2,64.15 1 0
github.com/diogo/dotkeeper/internal/tui/views/settings.go:68.81,69.22 1 0
github.com/diogo/dotkeeper/internal/tui/views/settings.go:70.11,73.16 3 0
github.com/diogo/dotkeeper/internal/tui/views/settings.go:74.16,75.21 1 0
github.com/diogo/dotkeeper/internal/tui/views/settings.go:77.2,77.15 1 0
github.com/diogo/dotkeeper/internal/tui/views/settings.go:81.81,82.22 1 0
github.com/diogo/dotkeeper/internal/tui/views/settings.go:83.13,90.16 7 0
github.com/diogo/dotkeeper/internal/tui/views/settings.go:92.12,93.21 1 0
github.com/diogo/dotkeeper/internal/tui/views/settings.go:93.21,94.24 1 0
github.com/diogo/dotkeeper/internal/tui/views/settings.go:94.24,96.5 1 0
github.com/diogo/dotkeeper/internal/tui/views/settings.go:97.9,97.30 1 0
github.com/diogo/dotkeeper/internal/tui/views/settings.go:97.30,98.26 1 0
github.com/diogo/dotkeeper/internal/tui/views/settings.go:98.26,100.5 1 0
github.com/diogo/dotkeeper/internal/tui/views/settings.go:101.9,102.20 1 0
github.com/diogo/dotkeeper/internal/tui/views/settings.go:102.20,104.5 1 0
github.com/diogo/dotkeeper/internal/tui/views/settings.go:106.3,106.16 1 0
github.com/diogo/dotkeeper/internal/tui/views/settings.go:108.14,109.21 1 0
github.com/diogo/dotkeeper/internal/tui/views/settings.go:109.21,110.44 1 0
github.com/diogo/dotkeeper/internal/tui/views/settings.go:110.44,112.5 1 0
github.com/diogo/dotkeeper/internal/tui/views/settings.go:113.9,113.30 1 0
github.com/diogo/dotkeeper/internal/tui/views/settings.go:113.30,114.48 1 0
github.com/diogo/dotkeeper/internal/tui/views/settings.go:114.48,116.5 1 0
github.com/diogo/dotkeeper/internal/tui/views/settings.go:117.9,118.20 1 0
github.com/diogo/dotkeeper/internal/tui/views/settings.go:118.20,120.5 1 0
github.com/diogo/dotkeeper/internal/tui/views/settings.go:122.3,122.16 1 0
github.com/diogo/dotkeeper/internal/tui/views/settings.go:124.15,125.41 1 0
github.com/diogo/dotkeeper/internal/tui/views/settings.go:125.41,127.4 1 0
github.com/diogo/dotkeeper/internal/tui/views/settings.go:127.9,127.27 1 0
github.com/diogo/dotkeeper/internal/tui/views/settings.go:127.27,130.31 3 0
github.com/diogo/dotkeeper/internal/tui/views/settings.go:130.31,132.5 1 0
github.com/diogo/dotkeeper/internal/tui/views/settings.go:132.10,135.5 2 0
github.com/diogo/dotkeeper/internal/tui/views/settings.go:136.9,136.27 1 0
github.com/diogo/dotkeeper/internal/tui/views/settings.go:136.27,139.33 3 0
github.com/diogo/dotkeeper/internal/tui/views/settings.go:139.33,141.5 1 0
github.com/diogo/dotkeeper/internal/tui/views/settings.go:141.10,144.5 2 0
github.com/diogo/dotkeeper/internal/tui/views/settings.go:145.9,145.27 1 0
github.com/diogo/dotkeeper/internal/tui/views/settings.go:145.27,147.4 1 0
github.com/diogo/dotkeeper/internal/tui/views/settings.go:147.9,149.4 1 0
github.com/diogo/dotkeeper/internal/tui/views/settings.go:150.3,150.16 1 0
github.com/diogo/dotkeeper/internal/tui/views/settings.go:152.11,153.20 1 0
github.com/diogo/dotkeeper/internal/tui/views/settings.go:153.20,157.4 3 0
github.com/diogo/dotkeeper/internal/tui/views/settings.go:157.9,157.27 1 0
github.com/diogo/dotkeeper/internal/tui/views/settings.go:157.27,161.4 3 0
github.com/diogo/dotkeeper/internal/tui/views/settings.go:162.3,162.16 1 0
github.com/diogo/dotkeeper/internal/tui/views/settings.go:164.11,165.76 1 0
github.com/diogo/dotkeeper/internal/tui/views/settings.go:165.76,167.24 2 0
github.com/diogo/dotkeeper/internal/tui/views/settings.go:167.24,169.5 1 0
github.com/diogo/dotkeeper/internal/tui/views/settings.go:170.9,170.89 1 0
github.com/diogo/dotkeeper/internal/tui/views/settings.go:170.89,172.26 2 0
github.com/diogo/dotkeeper/internal/tui/views/settings.go:172.26,174.5 1 0
github.com/diogo/dotkeeper/internal/tui/views/settings.go:175.9,175.54 1 0
github.com/diogo/dotkeeper/internal/tui/views/settings.go:175.54,178.4 2 0
github.com/diogo/dotkeeper/internal/tui/views/settings.go:178.9,178.56 1 0
github.com/diogo/dotkeeper/internal/tui/views/settings.go:178.56,181.4 2 0
github.com/diogo/dotkeeper/internal/tui/views/settings.go:182.3,182.16 1 0
github.com/diogo/dotkeeper/internal/tui/views/settings.go:184.11,185.41 1 0
github.com/diogo/dotkeeper/internal/tui/views/settings.go:185.41,187.4 1 0
github.com/diogo/dotkeeper/internal/tui/views/settings.go:187.9,189.4 1 0
github.com/diogo/dotkeeper/internal/tui/views/settings.go:190.3,190.16 1 0
github.com/diogo/dotkeeper/internal/tui/views/settings.go:192.2,192.15 1 0
github.com/diogo/dotkeeper/internal/tui/views/settings.go:196.85,197.22 1 0
github.com/diogo/dotkeeper/internal/tui/views/settings.go:198.13,202.16 4 0
github.com/diogo/dotkeeper/internal/tui/views/settings.go:204.15,210.16 6 0
github.com/diogo/dotkeeper/internal/tui/views/settings.go:212.10,215.16 3 0
github.com/diogo/dotkeeper/internal/tui/views/settings.go:220.45,224.58 3 0
github.com/diogo/dotkeeper/internal/tui/views/settings.go:224.58,226.3 1 0
github.com/diogo/dotkeeper/internal/tui/views/settings.go:226.8,226.71 1 0
github.com/diogo/dotkeeper/internal/tui/views/settings.go:226.71,228.3 1 0
github.com/diogo/dotkeeper/internal/tui/views/settings.go:228.8,229.19 1 0
github.com/diogo/dotkeeper/internal/tui/views/settings.go:230.10,231.44 1 0
github.com/diogo/dotkeeper/internal/tui/views/settings.go:232.10,233.44 1 0
github.com/diogo/dotkeeper/internal/tui/views/settings.go:234.10,235.43 1 0
github.com/diogo/dotkeeper/internal/tui/views/settings.go:241.54,242.20 1 0
github.com/diogo/dotkeeper/internal/tui/views/settings.go:242.20,244.18 1 0
github.com/diogo/dotkeeper/internal/tui/views/settings.go:244.18,246.4 1 0
github.com/diogo/dotkeeper/internal/tui/views/settings.go:248.3,249.17 2 0
github.com/diogo/dotkeeper/internal/tui/views/settings.go:249.17,252.4 2 0
github.com/diogo/dotkeeper/internal/tui/views/settings.go:254.3,255.41 2 0
github.com/diogo/dotkeeper/internal/tui/views/settings.go:255.41,257.4 1 0
github.com/diogo/dotkeeper/internal/tui/views/settings.go:257.9,259.4 1 0
github.com/diogo/dotkeeper/internal/tui/views/settings.go:260.8,260.29 1 0
github.com/diogo/dotkeeper/internal/tui/views/settings.go:260.29,262.18 1 0
github.com/diogo/dotkeeper/internal/tui/views/settings.go:262.18,264.4 1 0
github.com/diogo/dotkeeper/internal/tui/views/settings.go:266.3,267.17 2 0
github.com/diogo/dotkeeper/internal/tui/views/settings.go:267.17,270.4 2 0
github.com/diogo/dotkeeper/internal/tui/views/settings.go:272.3,273.45 2 0
github.com/diogo/dotkeeper/internal/tui/views/settings.go:273.45,275.4 1 0
github.com/diogo/dotkeeper/internal/tui/views/settings.go:275.9,277.4 1 0
github.com/diogo/dotkeeper/internal/tui/views/settings.go:278.8,279.19 1 0
github.com/diogo/dotkeeper/internal/tui/views/settings.go:280.10,281.42 1 0
github.com/diogo/dotkeeper/internal/tui/views/settings.go:282.10,283.30 1 0
github.com/diogo/dotkeeper/internal/tui/views/settings.go:284.10,285.29 1 0
github.com/diogo/dotkeeper/internal/tui/views/settings.go:286.10,287.44 1 0
github.com/diogo/dotkeeper/internal/tui/views/settings.go:293.38,298.16 3 1
github.com/diogo/dotkeeper/internal/tui/views/settings.go:298.16,300.3 1 0
github.com/diogo/dotkeeper/internal/tui/views/settings.go:300.8,303.3 2 1
github.com/diogo/dotkeeper/internal/tui/views/settings.go:305.2,305.20 1 1
github.com/diogo/dotkeeper/internal/tui/views/settings.go:305.20,307.3 1 0
github.com/diogo/dotkeeper/internal/tui/views/settings.go:309.2,318.31 2 1
github.com/diogo/dotkeeper/internal/tui/views/settings.go:318.31,321.17 2 6
github.com/diogo/dotkeeper/internal/tui/views/settings.go:321.17,323.4 1 0
github.com/diogo/dotkeeper/internal/tui/views/settings.go:323.9,325.4 1 6
github.com/diogo/dotkeeper/internal/tui/views/settings.go:327.3,327.12 1 6
github.com/diogo/dotkeeper/internal/tui/views/settings.go:328.10,329.65 1 1
github.com/diogo/dotkeeper/internal/tui/views/settings.go:330.10,331.65 1 1
github.com/diogo/dotkeeper/internal/tui/views/settings.go:332.10,333.22 1 1
github.com/diogo/dotkeeper/internal/tui/views/settings.go:333.22,335.38 2 0
github.com/diogo/dotkeeper/internal/tui/views/settings.go:335.38,336.27 1 0
github.com/diogo/dotkeeper/internal/tui/views/settings.go:336.27,338.7 1 0
github.com/diogo/dotkeeper/internal/tui/views/settings.go:338.12,340.7 1 0
github.com/diogo/dotkeeper/internal/tui/views/settings.go:342.5,342.44 1 0
github.com/diogo/dotkeeper/internal/tui/views/settings.go:342.44,344.6 1 0
github.com/diogo/dotkeeper/internal/tui/views/settings.go:344.11,346.6 1 0
github.com/diogo/dotkeeper/internal/tui/views/settings.go:347.10,349.5 1 1
github.com/diogo/dotkeeper/internal/tui/views/settings.go:350.10,351.24 1 1
github.com/diogo/dotkeeper/internal/tui/views/settings.go:351.24,353.40 2 0
github.com/diogo/dotkeeper/internal/tui/views/settings.go:353.40,354.29 1 0
github.com/diogo/dotkeeper/internal/tui/views/settings.go:354.29,356.7 1 0
github.com/diogo/dotkeeper/internal/tui/views/settings.go:356.12,358.7 1 0
github.com/diogo/dotkeeper/internal/tui/views/settings.go:360.5,360.48 1 0
github.com/diogo/dotkeeper/internal/tui/views/settings.go:360.48,362.6 1 0
github.com/diogo/dotkeeper/internal/tui/views/settings.go:362.11,364.6 1 0
github.com/diogo/dotkeeper/internal/tui/views/settings.go:365.10,367.5 1 1
github.com/diogo/dotkeeper/internal/tui/views/settings.go:368.10,369.31 1 1
github.com/diogo/dotkeeper/internal/tui/views/settings.go:369.31,371.5 1 1
github.com/diogo/dotkeeper/internal/tui/views/settings.go:371.10,373.5 1 0
github.com/diogo/dotkeeper/internal/tui/views/settings.go:374.10,375.88 1 1
github.com/diogo/dotkeeper/internal/tui/views/settings.go:379.2,379.16 1 1
github.com/diogo/dotkeeper/internal/tui/views/settings.go:379.16,381.3 1 0
github.com/diogo/dotkeeper/internal/tui/views/settings.go:383.2,383.17 1 1
github.com/diogo/dotkeeper/internal/tui/views/settings.go:383.17,385.41 2 0
github.com/diogo/dotkeeper/internal/tui/views/settings.go:385.41,387.4 1 0
github.com/diogo/dotkeeper/internal/tui/views/settings.go:387.9,389.4 1 0
github.com/diogo/dotkeeper/internal/tui/views/settings.go:390.3,390.54 1 0
github.com/diogo/dotkeeper/internal/tui/views/settings.go:393.2,393.19 1 1
github.com/diogo/dotkeeper/internal/tui/views/setup.go:45.28,55.2 4 11
github.com/diogo/dotkeeper/internal/tui/views/setup.go:58.36,60.2 1 0
github.com/diogo/dotkeeper/internal/tui/views/setup.go:63.62,64.27 1 44
github.com/diogo/dotkeeper/internal/tui/views/setup.go:65.25,67.24 2 0
github.com/diogo/dotkeeper/internal/tui/views/setup.go:69.18,70.23 1 44
github.com/diogo/dotkeeper/internal/tui/views/setup.go:71.17,72.22 1 1
github.com/diogo/dotkeeper/internal/tui/views/setup.go:74.14,76.54 1 2
github.com/diogo/dotkeeper/internal/tui/views/setup.go:76.54,79.5 2 2
github.com/diogo/dotkeeper/internal/tui/views/setup.go:80.4,80.17 1 2
github.com/diogo/dotkeeper/internal/tui/views/setup.go:82.16,83.26 1 41
github.com/diogo/dotkeeper/internal/tui/views/setup.go:87.3,87.111 1 0
github.com/diogo/dotkeeper/internal/tui/views/setup.go:87.111,91.4 3 0
github.com/diogo/dotkeeper/internal/tui/views/setup.go:94.2,94.15 1 0
github.com/diogo/dotkeeper/internal/tui/views/setup.go:98.56,99.16 1 41
github.com/diogo/dotkeeper/internal/tui/views/setup.go:100.19,104.18 4 10
github.com/diogo/dotkeeper/internal/tui/views/setup.go:106.21,108.31 2 8
github.com/diogo/dotkeeper/internal/tui/views/setup.go:108.31,110.4 1 1
github.com/diogo/dotkeeper/internal/tui/views/setup.go:111.3,113.18 3 8
github.com/diogo/dotkeeper/internal/tui/views/setup.go:115.21,119.18 4 6
github.com/diogo/dotkeeper/internal/tui/views/setup.go:121.20,123.18 2 8
github.com/diogo/dotkeeper/internal/tui/views/setup.go:123.18,128.4 4 5
github.com/diogo/dotkeeper/internal/tui/views/setup.go:128.9,130.18 2 3
github.com/diogo/dotkeeper/internal/tui/views/setup.go:130.18,132.5 1 0
github.com/diogo/dotkeeper/internal/tui/views/setup.go:132.10,136.5 3 3
github.com/diogo/dotkeeper/internal/tui/views/setup.go:139.22,141.18 2 7
github.com/diogo/dotkeeper/internal/tui/views/setup.go:141.18,145.4 3 4
github.com/diogo/dotkeeper/internal/tui/views/setup.go:145.9,147.18 2 3
github.com/diogo/dotkeeper/internal/tui/views/setup.go:147.18,149.5 1 0
github.com/diogo/dotkeeper/internal/tui/views/setup.go:149.10,153.5 3 3
github.com/diogo/dotkeeper/internal/tui/views/setup.go:156.19,160.92 3 2
github.com/diogo/dotkeeper/internal/tui/views/setup.go:160.92,162.4 1 1
github.com/diogo/dotkeeper/internal/tui/views/setup.go:164.3,164.41 1 2
github.com/diogo/dotkeeper/internal/tui/views/setup.go:164.41,167.4 2 0
github.com/diogo/dotkeeper/internal/tui/views/setup.go:169.3,169.24 1 2
github.com/diogo/dotkeeper/internal/tui/views/setup.go:172.2,172.15 1 41
github.com/diogo/dotkeeper/internal/tui/views/setup.go:176.35,179.2 2 35
github.com/diogo/dotkeeper/internal/tui/views/setup.go:182.35,190.16 6 0
github.com/diogo/dotkeeper/internal/tui/views/setup.go:191.19,198.68 7 0
github.com/diogo/dotkeeper/internal/tui/views/setup.go:200.21,205.81 5 0
github.com/diogo/dotkeeper/internal/tui/views/setup.go:207.21,211.81 4 0
github.com/diogo/dotkeeper/internal/tui/views/setup.go:213.20,218.28 4 0
github.com/diogo/dotkeeper/internal/tui/views/setup.go:218.28,221.4 2 0
github.com/diogo/dotkeeper/internal/tui/views/setup.go:223.3,223.28 1 0
github.com/diogo/dotkeeper/internal/tui/views/setup.go:223.28,225.35 2 0
github.com/diogo/dotkeeper/internal/tui/views/setup.go:225.35,227.5 1 0
github.com/diogo/dotkeeper/internal/tui/views/setup.go:228.4,228.23 1 0
github.com/diogo/dotkeeper/internal/tui/views/setup.go:231.3,232.85 2 0
github.com/diogo/dotkeeper/internal/tui/views/setup.go:234.22,239.28 4 0
github.com/diogo/dotkeeper/internal/tui/views/setup.go:239.28,242.4 2 0
github.com/diogo/dotkeeper/internal/tui/views/setup.go:244.3,244.30 1 0
github.com/diogo/dotkeeper/internal/tui/views/setup.go:244.30,246.37 2 0
github.com/diogo/dotkeeper/internal/tui/views/setup.go:246.37,248.5 1 0
github.com/diogo/dotkeeper/internal/tui/views/setup.go:249.4,249.23 1 0
github.com/diogo/dotkeeper/internal/tui/views/setup.go:252.3,253.85 2 0
github.com/diogo/dotkeeper/internal/tui/views/setup.go:255.19,262.28 6 0
github.com/diogo/dotkeeper/internal/tui/views/setup.go:262.28,264.35 2 0
github.com/diogo/dotkeeper/internal/tui/views/setup.go:264.35,266.5 1 0
github.com/diogo/dotkeeper/internal/tui/views/setup.go:267.4,267.23 1 0
github.com/diogo/dotkeeper/internal/tui/views/setup.go:270.3,270.30 1 0
github.com/diogo/dotkeeper/internal/tui/views/setup.go:270.30,272.37 2 0
github.com/diogo/dotkeeper/internal/tui/views/setup.go:272.37,274.5 1 0
github.com/diogo/dotkeeper/internal/tui/views/setup.go:275.4,275.23 1 0
github.com/diogo/dotkeeper/internal/tui/views/setup.go:278.3,278.77 1 0
github.com/diogo/dotkeeper/internal/tui/views/setup.go:280.20,281.19 1 0
github.com/diogo/dotkeeper/internal/tui/views/setup.go:281.19,285.4 3 0
github.com/diogo/dotkeeper/internal/tui/views/setup.go:285.9,289.4 3 0
github.com/diogo/dotkeeper/internal/tui/views/setup.go:292.2,292.19 1 0
github.com/diogo/dotkeeper/internal/tui/views/styles.go:20.29,50.2 1 6
github.com/diogo/dotkeeper/internal/tui/model.go:44.23,46.16 2 0
github.com/diogo/dotkeeper/internal/tui/model.go:46.16,54.3 1 0
github.com/diogo/dotkeeper/internal/tui/model.go:56.2,66.3 1 0
github.com/diogo/dotkeeper/internal/tui/model.go:69.31,70.17 1 0
github.com/diogo/dotkeeper/internal/tui/model.go:70.17,72.3 1 0
github.com/diogo/dotkeeper/internal/tui/model.go:74.2,81.3 1 0
github.com/diogo/dotkeeper/internal/tui/model.go:84.43,86.2 1 0
github.com/diogo/dotkeeper/internal/tui/update.go:18.29,33.2 1 0
github.com/diogo/dotkeeper/internal/tui/update.go:37.60,57.2 13 0
github.com/diogo/dotkeeper/internal/tui/update.go:59.57,63.17 3 0
github.com/diogo/dotkeeper/internal/tui/update.go:63.17,64.28 1 0
github.com/diogo/dotkeeper/internal/tui/update.go:65.31,76.17 11 0
github.com/diogo/dotkeeper/internal/tui/update.go:77.11,81.17 4 0
github.com/diogo/dotkeeper/internal/tui/update.go:85.2,85.27 1 0
github.com/diogo/dotkeeper/internal/tui/update.go:86.25,90.16 4 0
github.com/diogo/dotkeeper/internal/tui/update.go:92.34,94.27 2 0
github.com/diogo/dotkeeper/internal/tui/update.go:96.18,97.34 1 0
github.com/diogo/dotkeeper/internal/tui/update.go:97.34,100.4 2 0
github.com/diogo/dotkeeper/internal/tui/update.go:102.3,102.33 1 0
github.com/diogo/dotkeeper/internal/tui/update.go:102.33,105.64 3 0
github.com/diogo/dotkeeper/internal/tui/update.go:105.64,107.5 1 0
github.com/diogo/dotkeeper/internal/tui/update.go:108.4,108.58 1 0
github.com/diogo/dotkeeper/internal/tui/update.go:108.58,110.5 1 0
github.com/diogo/dotkeeper/internal/tui/update.go:111.4,111.32 1 0
github.com/diogo/dotkeeper/internal/tui/update.go:114.3,114.31 1 0
github.com/diogo/dotkeeper/internal/tui/update.go:114.31,115.24 1 0
github.com/diogo/dotkeeper/internal/tui/update.go:116.13,119.33 3 0
github.com/diogo/dotkeeper/internal/tui/update.go:120.13,122.34 2 0
github.com/diogo/dotkeeper/internal/tui/update.go:123.13,125.18 2 0
github.com/diogo/dotkeeper/internal/tui/update.go:130.2,130.17 1 0
github.com/diogo/dotkeeper/internal/tui/update.go:131.21,135.27 4 0
github.com/diogo/dotkeeper/internal/tui/update.go:136.23,140.27 4 0
github.com/diogo/dotkeeper/internal/tui/update.go:141.22,145.27 4 0
github.com/diogo/dotkeeper/internal/tui/update.go:146.19,150.27 4 0
github.com/diogo/dotkeeper/internal/tui/update.go:151.20,155.27 4 0
github.com/diogo/dotkeeper/internal/tui/update.go:156.16,160.27 4 0
github.com/diogo/dotkeeper/internal/tui/update.go:163.2,163.30 1 0
github.com/diogo/dotkeeper/internal/tui/view.go:9.30,10.17 1 0
github.com/diogo/dotkeeper/internal/tui/view.go:10.17,12.3 1 0
github.com/diogo/dotkeeper/internal/tui/view.go:14.2,14.16 1 0
github.com/diogo/dotkeeper/internal/tui/view.go:14.16,16.3 1 0
github.com/diogo/dotkeeper/internal/tui/view.go:18.2,29.17 6 0
github.com/diogo/dotkeeper/internal/tui/view.go:30.21,31.57 1 0
github.com/diogo/dotkeeper/internal/tui/view.go:32.23,33.59 1 0
github.com/diogo/dotkeeper/internal/tui/view.go:34.22,35.58 1 0
github.com/diogo/dotkeeper/internal/tui/view.go:36.19,37.55 1 0
github.com/diogo/dotkeeper/internal/tui/view.go:38.20,39.56 1 0
github.com/diogo/dotkeeper/internal/tui/view.go:40.16,41.52 1 0
github.com/diogo/dotkeeper/internal/tui/view.go:44.2,52.19 5 0
github.com/diogo/dotkeeper/internal/notify/notify.go:11.40,13.34 2 5
github.com/diogo/dotkeeper/internal/notify/notify.go:13.34,15.41 1 0
github.com/diogo/dotkeeper/internal/notify/notify.go:15.41,18.4 1 0
github.com/diogo/dotkeeper/internal/notify/notify.go:20.3,20.13 1 0
github.com/diogo/dotkeeper/internal/notify/notify.go:22.2,22.12 1 5
github.com/diogo/dotkeeper/internal/notify/notify.go:26.67,30.2 3 1
github.com/diogo/dotkeeper/internal/notify/notify.go:33.33,37.2 3 1
github.com/diogo/dotkeeper/internal/cli/backup.go:15.39,19.20 4 0
github.com/diogo/dotkeeper/internal/cli/backup.go:19.20,26.3 6 0
github.com/diogo/dotkeeper/internal/cli/backup.go:28.2,28.39 1 0
github.com/diogo/dotkeeper/internal/cli/backup.go:28.39,31.3 2 0
github.com/diogo/dotkeeper/internal/cli/backup.go:34.2,35.16 2 0
github.com/diogo/dotkeeper/internal/cli/backup.go:35.16,39.3 3 0
github.com/diogo/dotkeeper/internal/cli/backup.go:42.2,42.39 1 0
github.com/diogo/dotkeeper/internal/cli/backup.go:42.39,45.3 2 0
github.com/diogo/dotkeeper/internal/cli/backup.go:48.2,49.30 2 0
github.com/diogo/dotkeeper/internal/cli/backup.go:49.30,50.25 1 0
github.com/diogo/dotkeeper/internal/cli/backup.go:50.25,52.4 1 0
github.com/diogo/dotkeeper/internal/cli/backup.go:56.2,57.16 2 0
github.com/diogo/dotkeeper/internal/cli/backup.go:57.16,60.3 2 0
github.com/diogo/dotkeeper/internal/cli/backup.go:63.2,65.16 3 0
github.com/diogo/dotkeeper/internal/cli/backup.go:65.16,67.17 2 0
github.com/diogo/dotkeeper/internal/cli/backup.go:67.17,69.4 1 0
github.com/diogo/dotkeeper/internal/cli/backup.go:70.3,70.11 1 0
github.com/diogo/dotkeeper/internal/cli/backup.go:74.2,81.16 7 0
github.com/diogo/dotkeeper/internal/cli/backup.go:81.16,83.3 1 0
github.com/diogo/dotkeeper/internal/cli/backup.go:85.2,85.10 1 0
github.com/diogo/dotkeeper/internal/cli/backup.go:89.55,91.24 1 6
github.com/diogo/dotkeeper/internal/cli/backup.go:91.24,93.17 2 6
github.com/diogo/dotkeeper/internal/cli/backup.go:93.17,95.4 1 0
github.com/diogo/dotkeeper/internal/cli/backup.go:97.3,98.61 2 6
github.com/diogo/dotkeeper/internal/cli/backup.go:98.61,100.4 1 0
github.com/diogo/dotkeeper/internal/cli/backup.go:101.3,101.23 1 6
github.com/diogo/dotkeeper/internal/cli/backup.go:105.2,105.65 1 0
github.com/diogo/dotkeeper/internal/cli/backup.go:105.65,107.3 1 0
github.com/diogo/dotkeeper/internal/cli/backup.go:110.2,111.16 2 0
github.com/diogo/dotkeeper/internal/cli/backup.go:111.16,113.3 1 0
github.com/diogo/dotkeeper/internal/cli/backup.go:115.2,115.22 1 0
github.com/diogo/dotkeeper/internal/cli/config.go:14.39,16.20 2 0
github.com/diogo/dotkeeper/internal/cli/config.go:16.20,28.3 11 0
github.com/diogo/dotkeeper/internal/cli/config.go:30.2,30.39 1 0
github.com/diogo/dotkeeper/internal/cli/config.go:30.39,33.3 2 0
github.com/diogo/dotkeeper/internal/cli/config.go:35.2,35.19 1 0
github.com/diogo/dotkeeper/internal/cli/config.go:35.19,38.3 2 0
github.com/diogo/dotkeeper/internal/cli/config.go:40.2,42.20 2 0
github.com/diogo/dotkeeper/internal/cli/config.go:43.13,44.34 1 0
github.com/diogo/dotkeeper/internal/cli/config.go:45.13,46.34 1 0
github.com/diogo/dotkeeper/internal/cli/config.go:47.14,48.22 1 0
github.com/diogo/dotkeeper/internal/cli/config.go:49.10,52.11 3 0
github.com/diogo/dotkeeper/internal/cli/config.go:57.35,58.19 1 0
github.com/diogo/dotkeeper/internal/cli/config.go:58.19,62.3 3 0
github.com/diogo/dotkeeper/internal/cli/config.go:64.2,68.16 3 0
github.com/diogo/dotkeeper/internal/cli/config.go:68.16,71.3 2 0
github.com/diogo/dotkeeper/internal/cli/config.go:74.2,75.16 2 0
github.com/diogo/dotkeeper/internal/cli/config.go:75.16,78.3 2 0
github.com/diogo/dotkeeper/internal/cli/config.go:80.2,81.10 2 0
github.com/diogo/dotkeeper/internal/cli/config.go:85.35,86.19 1 0
github.com/diogo/dotkeeper/internal/cli/config.go:86.19,90.3 3 0
github.com/diogo/dotkeeper/internal/cli/config.go:92.2,97.16 4 0
github.com/diogo/dotkeeper/internal/cli/config.go:97.16,100.3 1 0
github.com/diogo/dotkeeper/internal/cli/config.go:103.2,103.56 1 0
github.com/diogo/dotkeeper/internal/cli/config.go:103.56,106.3 2 0
github.com/diogo/dotkeeper/internal/cli/config.go:109.2,109.35 1 0
github.com/diogo/dotkeeper/internal/cli/config.go:109.35,112.3 2 0
github.com/diogo/dotkeeper/internal/cli/config.go:114.2,115.10 2 0
github.com/diogo/dotkeeper/internal/cli/config.go:119.23,122.16 2 0
github.com/diogo/dotkeeper/internal/cli/config.go:122.16,125.3 2 0
github.com/diogo/dotkeeper/internal/cli/config.go:128.2,136.10 8 0
github.com/diogo/dotkeeper/internal/cli/config.go:140.69,143.13 2 0
github.com/diogo/dotkeeper/internal/cli/config.go:144.20,145.28 1 0
github.com/diogo/dotkeeper/internal/cli/config.go:146.20,147.28 1 0
github.com/diogo/dotkeeper/internal/cli/config.go:148.18,149.27 1 0
github.com/diogo/dotkeeper/internal/cli/config.go:150.23,151.51 1 0
github.com/diogo/dotkeeper/internal/cli/config.go:152.15,153.43 1 0
github.com/diogo/dotkeeper/internal/cli/config.go:154.17,155.45 1 0
github.com/diogo/dotkeeper/internal/cli/config.go:156.10,157.48 1 0
github.com/diogo/dotkeeper/internal/cli/config.go:162.66,165.13 2 0
github.com/diogo/dotkeeper/internal/cli/config.go:166.20,167.24 1 0
github.com/diogo/dotkeeper/internal/cli/config.go:168.20,169.24 1 0
github.com/diogo/dotkeeper/internal/cli/config.go:170.18,171.23 1 0
github.com/diogo/dotkeeper/internal/cli/config.go:172.23,173.33 1 0
github.com/diogo/dotkeeper/internal/cli/config.go:174.33,175.28 1 0
github.com/diogo/dotkeeper/internal/cli/config.go:176.34,177.29 1 0
github.com/diogo/dotkeeper/internal/cli/config.go:178.11,179.74 1 0
github.com/diogo/dotkeeper/internal/cli/config.go:181.15,182.18 1 0
github.com/diogo/dotkeeper/internal/cli/config.go:182.18,184.4 1 0
github.com/diogo/dotkeeper/internal/cli/config.go:184.9,186.4 1 0
github.com/diogo/dotkeeper/internal/cli/config.go:187.17,188.18 1 0
github.com/diogo/dotkeeper/internal/cli/config.go:188.18,190.4 1 0
github.com/diogo/dotkeeper/internal/cli/config.go:190.9,192.4 1 0
github.com/diogo/dotkeeper/internal/cli/config.go:193.10,194.44 1 0
github.com/diogo/dotkeeper/internal/cli/config.go:197.2,197.12 1 0
github.com/diogo/dotkeeper/internal/cli/config.go:201.38,205.2 3 0
github.com/diogo/dotkeeper/internal/cli/config.go:208.76,210.22 2 0
github.com/diogo/dotkeeper/internal/cli/config.go:210.22,212.3 1 0
github.com/diogo/dotkeeper/internal/cli/config.go:213.2,213.31 1 0
github.com/diogo/dotkeeper/internal/cli/list.go:27.37,30.20 3 0
github.com/diogo/dotkeeper/internal/cli/list.go:30.20,35.3 4 0
github.com/diogo/dotkeeper/internal/cli/list.go:37.2,37.39 1 0
github.com/diogo/dotkeeper/internal/cli/list.go:37.39,40.3 2 0
github.com/diogo/dotkeeper/internal/cli/list.go:43.2,44.16 2 0
github.com/diogo/dotkeeper/internal/cli/list.go:44.16,47.3 2 0
github.com/diogo/dotkeeper/internal/cli/list.go:50.2,50.58 1 0
github.com/diogo/dotkeeper/internal/cli/list.go:50.58,51.18 1 0
github.com/diogo/dotkeeper/internal/cli/list.go:51.18,53.4 1 0
github.com/diogo/dotkeeper/internal/cli/list.go:53.9,55.4 1 0
github.com/diogo/dotkeeper/internal/cli/list.go:56.3,56.11 1 0
github.com/diogo/dotkeeper/internal/cli/list.go:60.2,61.16 2 0
github.com/diogo/dotkeeper/internal/cli/list.go:61.16,64.3 2 0
github.com/diogo/dotkeeper/internal/cli/list.go:66.2,66.23 1 0
github.com/diogo/dotkeeper/internal/cli/list.go:66.23,67.18 1 0
github.com/diogo/dotkeeper/internal/cli/list.go:67.18,69.4 1 0
github.com/diogo/dotkeeper/internal/cli/list.go:69.9,71.4 1 0
github.com/diogo/dotkeeper/internal/cli/list.go:72.3,72.11 1 0
github.com/diogo/dotkeeper/internal/cli/list.go:76.2,76.42 1 0
github.com/diogo/dotkeeper/internal/cli/list.go:76.42,78.3 1 0
github.com/diogo/dotkeeper/internal/cli/list.go:81.2,81.17 1 0
github.com/diogo/dotkeeper/internal/cli/list.go:81.17,83.17 2 0
github.com/diogo/dotkeeper/internal/cli/list.go:83.17,86.4 2 0
github.com/diogo/dotkeeper/internal/cli/list.go:87.3,87.28 1 0
github.com/diogo/dotkeeper/internal/cli/list.go:88.8,90.3 1 0
github.com/diogo/dotkeeper/internal/cli/list.go:92.2,92.10 1 0
github.com/diogo/dotkeeper/internal/cli/list.go:96.58,100.16 3 0
github.com/diogo/dotkeeper/internal/cli/list.go:100.16,102.3 1 0
github.com/diogo/dotkeeper/internal/cli/list.go:104.2,104.32 1 0
github.com/diogo/dotkeeper/internal/cli/list.go:104.32,105.20 1 0
github.com/diogo/dotkeeper/internal/cli/list.go:105.20,106.12 1 0
github.com/diogo/dotkeeper/internal/cli/list.go:109.3,110.46 2 0
github.com/diogo/dotkeeper/internal/cli/list.go:110.46,111.12 1 0
github.com/diogo/dotkeeper/internal/cli/list.go:114.3,116.17 3 0
github.com/diogo/dotkeeper/internal/cli/list.go:116.17,117.12 1 0
github.com/diogo/dotkeeper/internal/cli/list.go:121.3,125.65 4 0
github.com/diogo/dotkeeper/internal/cli/list.go:125.65,127.66 2 0
github.com/diogo/dotkeeper/internal/cli/list.go:127.66,130.5 2 0
github.com/diogo/dotkeeper/internal/cli/list.go:133.3,139.5 1 0
github.com/diogo/dotkeeper/internal/cli/list.go:142.2,142.21 1 0
github.com/diogo/dotkeeper/internal/cli/list.go:146.45,150.33 3 0
github.com/diogo/dotkeeper/internal/cli/list.go:150.33,154.30 4 0
github.com/diogo/dotkeeper/internal/cli/list.go:154.30,156.4 1 0
github.com/diogo/dotkeeper/internal/cli/list.go:158.3,163.4 1 0
github.com/diogo/dotkeeper/internal/cli/list.go:166.2,166.53 1 0
github.com/diogo/dotkeeper/internal/cli/list.go:170.36,172.17 2 0
github.com/diogo/dotkeeper/internal/cli/list.go:172.17,174.3 1 0
github.com/diogo/dotkeeper/internal/cli/list.go:176.2,177.45 2 0
github.com/diogo/dotkeeper/internal/cli/list.go:177.45,180.3 2 0
github.com/diogo/dotkeeper/internal/cli/list.go:182.2,182.75 1 0
github.com/diogo/dotkeeper/internal/cli/restore.go:15.40,22.20 7 8
github.com/diogo/dotkeeper/internal/cli/restore.go:22.20,29.3 6 0
github.com/diogo/dotkeeper/internal/cli/restore.go:31.2,31.39 1 8
github.com/diogo/dotkeeper/internal/cli/restore.go:31.39,34.3 1 0
github.com/diogo/dotkeeper/internal/cli/restore.go:37.2,38.16 2 8
github.com/diogo/dotkeeper/internal/cli/restore.go:38.16,41.3 2 0
github.com/diogo/dotkeeper/internal/cli/restore.go:44.2,45.19 2 8
github.com/diogo/dotkeeper/internal/cli/restore.go:45.19,47.3 1 7
github.com/diogo/dotkeeper/internal/cli/restore.go:47.8,51.3 3 1
github.com/diogo/dotkeeper/internal/cli/restore.go:54.2,55.51 2 7
github.com/diogo/dotkeeper/internal/cli/restore.go:55.51,57.3 1 0
github.com/diogo/dotkeeper/internal/cli/restore.go:60.2,60.55 1 7
github.com/diogo/dotkeeper/internal/cli/restore.go:60.55,63.3 2 1
github.com/diogo/dotkeeper/internal/cli/restore.go:66.2,67.16 2 6
github.com/diogo/dotkeeper/internal/cli/restore.go:67.16,70.3 2 0
github.com/diogo/dotkeeper/internal/cli/restore.go:73.2,80.15 3 6
github.com/diogo/dotkeeper/internal/cli/restore.go:80.15,82.3 1 2
github.com/diogo/dotkeeper/internal/cli/restore.go:84.2,85.16 2 6
github.com/diogo/dotkeeper/internal/cli/restore.go:85.16,88.3 2 1
github.com/diogo/dotkeeper/internal/cli/restore.go:91.2,91.13 1 5
github.com/diogo/dotkeeper/internal/cli/restore.go:91.13,94.42 3 2
github.com/diogo/dotkeeper/internal/cli/restore.go:94.42,96.4 1 2
github.com/diogo/dotkeeper/internal/cli/restore.go:97.3,97.11 1 2
github.com/diogo/dotkeeper/internal/cli/restore.go:100.2,100.29 1 3
github.com/diogo/dotkeeper/internal/cli/restore.go:100.29,106.3 5 0
github.com/diogo/dotkeeper/internal/cli/restore.go:108.2,111.10 4 3
github.com/diogo/dotkeeper/internal/cli/schedule.go:17.29,19.27 1 0
github.com/diogo/dotkeeper/internal/cli/schedule.go:19.27,21.3 1 0
github.com/diogo/dotkeeper/internal/cli/schedule.go:24.2,28.56 3 0
github.com/diogo/dotkeeper/internal/cli/schedule.go:28.56,30.3 1 0
github.com/diogo/dotkeeper/internal/cli/schedule.go:31.2,31.54 1 0
github.com/diogo/dotkeeper/internal/cli/schedule.go:31.54,33.3 1 0
github.com/diogo/dotkeeper/internal/cli/schedule.go:36.2,37.16 2 0
github.com/diogo/dotkeeper/internal/cli/schedule.go:37.16,39.3 1 0
github.com/diogo/dotkeeper/internal/cli/schedule.go:42.2,42.58 1 0
github.com/diogo/dotkeeper/internal/cli/schedule.go:42.58,44.3 1 0
github.com/diogo/dotkeeper/internal/cli/schedule.go:47.2,48.63 2 0
github.com/diogo/dotkeeper/internal/cli/schedule.go:48.63,50.3 1 0
github.com/diogo/dotkeeper/internal/cli/schedule.go:53.2,54.59 2 0
github.com/diogo/dotkeeper/internal/cli/schedule.go:54.59,56.3 1 0
github.com/diogo/dotkeeper/internal/cli/schedule.go:59.2,59.54 1 0
github.com/diogo/dotkeeper/internal/cli/schedule.go:59.54,61.3 1 0
github.com/diogo/dotkeeper/internal/cli/schedule.go:64.2,64.58 1 0
github.com/diogo/dotkeeper/internal/cli/schedule.go:64.58,66.3 1 0
github.com/diogo/dotkeeper/internal/cli/schedule.go:68.2,68.57 1 0
github.com/diogo/dotkeeper/internal/cli/schedule.go:68.57,70.3 1 0
github.com/diogo/dotkeeper/internal/cli/schedule.go:72.2,80.12 8 0
github.com/diogo/dotkeeper/internal/cli/schedule.go:84.30,86.27 1 0
github.com/diogo/dotkeeper/internal/cli/schedule.go:86.27,88.3 1 0
github.com/diogo/dotkeeper/internal/cli/schedule.go:91.2,91.56 1 0
github.com/diogo/dotkeeper/internal/cli/schedule.go:91.56,93.3 1 0
github.com/diogo/dotkeeper/internal/cli/schedule.go:95.2,95.59 1 0
github.com/diogo/dotkeeper/internal/cli/schedule.go:95.59,97.3 1 0
github.com/diogo/dotkeeper/internal/cli/schedule.go:100.2,101.16 2 0
github.com/diogo/dotkeeper/internal/cli/schedule.go:101.16,103.3 1 0
github.com/diogo/dotkeeper/internal/cli/schedule.go:106.2,109.74 3 0
github.com/diogo/dotkeeper/internal/cli/schedule.go:109.74,111.3 1 0
github.com/diogo/dotkeeper/internal/cli/schedule.go:113.2,113.72 1 0
github.com/diogo/dotkeeper/internal/cli/schedule.go:113.72,115.3 1 0
github.com/diogo/dotkeeper/internal/cli/schedule.go:118.2,118.54 1 0
github.com/diogo/dotkeeper/internal/cli/schedule.go:118.54,120.3 1 0
github.com/diogo/dotkeeper/internal/cli/schedule.go:122.2,124.12 2 0
github.com/diogo/dotkeeper/internal/cli/schedule.go:128.29,130.27 1 0
github.com/diogo/dotkeeper/internal/cli/schedule.go:130.27,132.3 1 0
github.com/diogo/dotkeeper/internal/cli/schedule.go:135.2,139.34 4 0
github.com/diogo/dotkeeper/internal/cli/schedule.go:139.34,142.3 1 0
github.com/diogo/dotkeeper/internal/cli/schedule.go:144.2,151.34 5 0
github.com/diogo/dotkeeper/internal/cli/schedule.go:151.34,153.3 1 0
github.com/diogo/dotkeeper/internal/cli/schedule.go:155.2,155.12 1 0
github.com/diogo/dotkeeper/internal/cli/schedule.go:159.41,161.20 2 0
github.com/diogo/dotkeeper/internal/cli/schedule.go:161.20,168.3 6 0
github.com/diogo/dotkeeper/internal/cli/schedule.go:170.2,170.39 1 0
github.com/diogo/dotkeeper/internal/cli/schedule.go:170.39,173.3 2 0
github.com/diogo/dotkeeper/internal/cli/schedule.go:175.2,175.19 1 0
github.com/diogo/dotkeeper/internal/cli/schedule.go:175.19,178.3 2 0
github.com/diogo/dotkeeper/internal/cli/schedule.go:180.2,182.20 2 0
github.com/diogo/dotkeeper/internal/cli/schedule.go:183.16,184.42 1 0
github.com/diogo/dotkeeper/internal/cli/schedule.go:184.42,187.4 2 0
github.com/diogo/dotkeeper/internal/cli/schedule.go:188.3,188.11 1 0
github.com/diogo/dotkeeper/internal/cli/schedule.go:189.17,190.43 1 0
github.com/diogo/dotkeeper/internal/cli/schedule.go:190.43,193.4 2 0
github.com/diogo/dotkeeper/internal/cli/schedule.go:194.3,194.11 1 0
github.com/diogo/dotkeeper/internal/cli/schedule.go:195.16,196.42 1 0
github.com/diogo/dotkeeper/internal/cli/schedule.go:196.42,199.4 2 0
github.com/diogo/dotkeeper/internal/cli/schedule.go:200.3,200.11 1 0
github.com/diogo/dotkeeper/internal/cli/schedule.go:201.10,204.11 3 0
github.com/diogo/dotkeeper/internal/cli/schedule.go:210.32,213.2 2 0
github.com/diogo/dotkeeper/internal/cli/schedule.go:215.42,217.16 2 0
github.com/diogo/dotkeeper/internal/cli/schedule.go:217.16,219.3 1 0
github.com/diogo/dotkeeper/internal/cli/schedule.go:220.2,220.66 1 0
github.com/diogo/dotkeeper/internal/cli/schedule.go:223.41,229.2 5 0
github.com/diogo/dotkeeper/internal/cli/schedule.go:231.38,233.16 2 0
github.com/diogo/dotkeeper/internal/cli/schedule.go:233.16,235.3 1 0
github.com/diogo/dotkeeper/internal/cli/schedule.go:236.2,236.38 1 0
