mode: set
github.com/diogo/dotkeeper/internal/config/config.go:26.37,28.22 2 1
github.com/diogo/dotkeeper/internal/config/config.go:28.22,30.17 2 1
github.com/diogo/dotkeeper/internal/config/config.go:30.17,32.4 1 0
github.com/diogo/dotkeeper/internal/config/config.go:33.3,33.46 1 1
github.com/diogo/dotkeeper/internal/config/config.go:36.2,37.26 2 1
github.com/diogo/dotkeeper/internal/config/config.go:41.38,43.16 2 1
github.com/diogo/dotkeeper/internal/config/config.go:43.16,45.3 1 0
github.com/diogo/dotkeeper/internal/config/config.go:46.2,46.53 1 1
github.com/diogo/dotkeeper/internal/config/config.go:50.49,52.16 2 1
github.com/diogo/dotkeeper/internal/config/config.go:52.16,54.3 1 1
github.com/diogo/dotkeeper/internal/config/config.go:56.2,57.50 2 1
github.com/diogo/dotkeeper/internal/config/config.go:57.50,59.3 1 1
github.com/diogo/dotkeeper/internal/config/config.go:61.2,61.17 1 1
github.com/diogo/dotkeeper/internal/config/config.go:65.30,67.16 2 1
github.com/diogo/dotkeeper/internal/config/config.go:67.16,69.3 1 0
github.com/diogo/dotkeeper/internal/config/config.go:70.2,70.33 1 1
github.com/diogo/dotkeeper/internal/config/config.go:74.48,77.47 2 1
github.com/diogo/dotkeeper/internal/config/config.go:77.47,79.3 1 1
github.com/diogo/dotkeeper/internal/config/config.go:82.2,83.16 2 1
github.com/diogo/dotkeeper/internal/config/config.go:83.16,85.3 1 0
github.com/diogo/dotkeeper/internal/config/config.go:88.2,88.55 1 1
github.com/diogo/dotkeeper/internal/config/config.go:88.55,90.3 1 0
github.com/diogo/dotkeeper/internal/config/config.go:92.2,92.12 1 1
github.com/diogo/dotkeeper/internal/config/config.go:96.31,98.16 2 1
github.com/diogo/dotkeeper/internal/config/config.go:98.16,100.3 1 0
github.com/diogo/dotkeeper/internal/config/config.go:101.2,101.33 1 1
github.com/diogo/dotkeeper/internal/config/config.go:105.35,106.23 1 1
github.com/diogo/dotkeeper/internal/config/config.go:106.23,108.3 1 1
github.com/diogo/dotkeeper/internal/config/config.go:110.2,110.46 1 1
github.com/diogo/dotkeeper/internal/config/config.go:110.46,112.3 1 1
github.com/diogo/dotkeeper/internal/config/config.go:114.2,114.12 1 1
github.com/diogo/dotkeeper/internal/config/config.go:118.41,119.31 1 1
github.com/diogo/dotkeeper/internal/config/config.go:119.31,121.3 1 1
github.com/diogo/dotkeeper/internal/config/config.go:122.2,123.36 2 1
github.com/diogo/dotkeeper/internal/config/config.go:123.36,125.3 1 1
github.com/diogo/dotkeeper/internal/config/config.go:126.2,127.28 2 1
github.com/diogo/dotkeeper/internal/config/config.go:127.28,128.19 1 1
github.com/diogo/dotkeeper/internal/config/config.go:128.19,130.4 1 1
github.com/diogo/dotkeeper/internal/config/config.go:132.2,132.15 1 1
github.com/diogo/dotkeeper/internal/config/config.go:136.43,137.33 1 1
github.com/diogo/dotkeeper/internal/config/config.go:137.33,139.3 1 1
github.com/diogo/dotkeeper/internal/config/config.go:140.2,141.38 2 1
github.com/diogo/dotkeeper/internal/config/config.go:141.38,143.3 1 1
github.com/diogo/dotkeeper/internal/config/config.go:144.2,145.30 2 1
github.com/diogo/dotkeeper/internal/config/config.go:145.30,146.19 1 1
github.com/diogo/dotkeeper/internal/config/config.go:146.19,148.4 1 1
github.com/diogo/dotkeeper/internal/config/config.go:150.2,150.15 1 1
github.com/diogo/dotkeeper/internal/config/config.go:154.50,158.16 3 1
github.com/diogo/dotkeeper/internal/config/config.go:158.16,159.37 1 1
github.com/diogo/dotkeeper/internal/config/config.go:159.37,171.4 1 1
github.com/diogo/dotkeeper/internal/config/config.go:172.3,172.52 1 0
github.com/diogo/dotkeeper/internal/config/config.go:174.2,174.17 1 1
