mode: set
github.com/diogo/dotkeeper/internal/history/history.go:36.33,38.21 2 1
github.com/diogo/dotkeeper/internal/history/history.go:38.21,40.17 2 1
github.com/diogo/dotkeeper/internal/history/history.go:40.17,42.4 1 0
github.com/diogo/dotkeeper/internal/history/history.go:43.3,43.53 1 1
github.com/diogo/dotkeeper/internal/history/history.go:46.2,47.47 2 1
github.com/diogo/dotkeeper/internal/history/history.go:47.47,49.3 1 1
github.com/diogo/dotkeeper/internal/history/history.go:51.2,53.8 1 1
github.com/diogo/dotkeeper/internal/history/history.go:57.43,59.2 1 1
github.com/diogo/dotkeeper/internal/history/history.go:62.50,64.16 2 1
github.com/diogo/dotkeeper/internal/history/history.go:64.16,66.3 1 1
github.com/diogo/dotkeeper/internal/history/history.go:67.2,69.68 2 1
github.com/diogo/dotkeeper/internal/history/history.go:69.68,71.3 1 0
github.com/diogo/dotkeeper/internal/history/history.go:72.2,75.16 3 1
github.com/diogo/dotkeeper/internal/history/history.go:75.16,77.3 1 0
github.com/diogo/dotkeeper/internal/history/history.go:79.2,80.41 2 1
github.com/diogo/dotkeeper/internal/history/history.go:80.41,82.3 1 0
github.com/diogo/dotkeeper/internal/history/history.go:84.2,84.33 1 1
github.com/diogo/dotkeeper/internal/history/history.go:84.33,86.3 1 0
github.com/diogo/dotkeeper/internal/history/history.go:88.2,88.12 1 1
github.com/diogo/dotkeeper/internal/history/history.go:93.57,95.16 2 1
github.com/diogo/dotkeeper/internal/history/history.go:95.16,96.25 1 1
github.com/diogo/dotkeeper/internal/history/history.go:96.25,98.4 1 1
github.com/diogo/dotkeeper/internal/history/history.go:99.3,99.65 1 0
github.com/diogo/dotkeeper/internal/history/history.go:101.2,105.21 4 1
github.com/diogo/dotkeeper/internal/history/history.go:105.21,107.21 2 1
github.com/diogo/dotkeeper/internal/history/history.go:107.21,108.12 1 0
github.com/diogo/dotkeeper/internal/history/history.go:110.3,111.54 2 1
github.com/diogo/dotkeeper/internal/history/history.go:111.54,113.12 2 1
github.com/diogo/dotkeeper/internal/history/history.go:115.3,115.35 1 1
github.com/diogo/dotkeeper/internal/history/history.go:117.2,117.38 1 1
github.com/diogo/dotkeeper/internal/history/history.go:117.38,119.3 1 1
github.com/diogo/dotkeeper/internal/history/history.go:122.2,122.56 1 1
github.com/diogo/dotkeeper/internal/history/history.go:122.56,124.3 1 1
github.com/diogo/dotkeeper/internal/history/history.go:126.2,126.39 1 1
github.com/diogo/dotkeeper/internal/history/history.go:126.39,128.3 1 1
github.com/diogo/dotkeeper/internal/history/history.go:130.2,130.21 1 1
github.com/diogo/dotkeeper/internal/history/history.go:134.78,136.16 2 1
github.com/diogo/dotkeeper/internal/history/history.go:136.16,138.3 1 1
github.com/diogo/dotkeeper/internal/history/history.go:140.2,141.28 2 1
github.com/diogo/dotkeeper/internal/history/history.go:141.28,142.32 1 1
github.com/diogo/dotkeeper/internal/history/history.go:142.32,144.4 1 1
github.com/diogo/dotkeeper/internal/history/history.go:147.2,147.40 1 1
github.com/diogo/dotkeeper/internal/history/history.go:147.40,149.3 1 1
github.com/diogo/dotkeeper/internal/history/history.go:151.2,151.22 1 1
github.com/diogo/dotkeeper/internal/history/history.go:155.70,166.2 1 1
github.com/diogo/dotkeeper/internal/history/history.go:169.51,176.2 1 1
github.com/diogo/dotkeeper/internal/history/history.go:179.92,187.2 1 1
github.com/diogo/dotkeeper/internal/history/history.go:190.71,198.2 1 1
github.com/diogo/dotkeeper/internal/history/history.go:36.33,38.21 2 1
github.com/diogo/dotkeeper/internal/history/history.go:38.21,40.17 2 1
github.com/diogo/dotkeeper/internal/history/history.go:40.17,42.4 1 0
github.com/diogo/dotkeeper/internal/history/history.go:43.3,43.53 1 1
github.com/diogo/dotkeeper/internal/history/history.go:46.2,47.47 2 1
github.com/diogo/dotkeeper/internal/history/history.go:47.47,49.3 1 1
github.com/diogo/dotkeeper/internal/history/history.go:51.2,53.8 1 1
github.com/diogo/dotkeeper/internal/history/history.go:57.43,59.2 1 1
github.com/diogo/dotkeeper/internal/history/history.go:62.50,64.16 2 1
github.com/diogo/dotkeeper/internal/history/history.go:64.16,66.3 1 1
github.com/diogo/dotkeeper/internal/history/history.go:67.2,69.68 2 1
github.com/diogo/dotkeeper/internal/history/history.go:69.68,71.3 1 0
github.com/diogo/dotkeeper/internal/history/history.go:72.2,75.16 3 1
github.com/diogo/dotkeeper/internal/history/history.go:75.16,77.3 1 0
github.com/diogo/dotkeeper/internal/history/history.go:79.2,80.41 2 1
github.com/diogo/dotkeeper/internal/history/history.go:80.41,82.3 1 0
github.com/diogo/dotkeeper/internal/history/history.go:84.2,84.33 1 1
github.com/diogo/dotkeeper/internal/history/history.go:84.33,86.3 1 0
github.com/diogo/dotkeeper/internal/history/history.go:88.2,88.12 1 1
github.com/diogo/dotkeeper/internal/history/history.go:93.57,95.16 2 1
github.com/diogo/dotkeeper/internal/history/history.go:95.16,96.25 1 1
github.com/diogo/dotkeeper/internal/history/history.go:96.25,98.4 1 1
github.com/diogo/dotkeeper/internal/history/history.go:99.3,99.65 1 0
github.com/diogo/dotkeeper/internal/history/history.go:101.2,105.21 4 1
github.com/diogo/dotkeeper/internal/history/history.go:105.21,107.21 2 1
github.com/diogo/dotkeeper/internal/history/history.go:107.21,108.12 1 0
github.com/diogo/dotkeeper/internal/history/history.go:110.3,111.54 2 1
github.com/diogo/dotkeeper/internal/history/history.go:111.54,113.12 2 1
github.com/diogo/dotkeeper/internal/history/history.go:115.3,115.35 1 1
github.com/diogo/dotkeeper/internal/history/history.go:117.2,117.38 1 1
github.com/diogo/dotkeeper/internal/history/history.go:117.38,119.3 1 1
github.com/diogo/dotkeeper/internal/history/history.go:122.2,122.56 1 1
github.com/diogo/dotkeeper/internal/history/history.go:122.56,124.3 1 1
github.com/diogo/dotkeeper/internal/history/history.go:126.2,126.39 1 1
github.com/diogo/dotkeeper/internal/history/history.go:126.39,128.3 1 1
github.com/diogo/dotkeeper/internal/history/history.go:130.2,130.21 1 1
github.com/diogo/dotkeeper/internal/history/history.go:134.78,136.16 2 1
github.com/diogo/dotkeeper/internal/history/history.go:136.16,138.3 1 1
github.com/diogo/dotkeeper/internal/history/history.go:140.2,141.28 2 1
github.com/diogo/dotkeeper/internal/history/history.go:141.28,142.32 1 1
github.com/diogo/dotkeeper/internal/history/history.go:142.32,144.4 1 1
github.com/diogo/dotkeeper/internal/history/history.go:147.2,147.40 1 1
github.com/diogo/dotkeeper/internal/history/history.go:147.40,149.3 1 1
github.com/diogo/dotkeeper/internal/history/history.go:151.2,151.22 1 1
github.com/diogo/dotkeeper/internal/history/history.go:155.70,166.2 1 1
github.com/diogo/dotkeeper/internal/history/history.go:169.51,176.2 1 1
github.com/diogo/dotkeeper/internal/history/history.go:179.92,187.2 1 1
github.com/diogo/dotkeeper/internal/history/history.go:190.71,198.2 1 1
github.com/diogo/dotkeeper/internal/history/history.go:36.33,38.21 2 1
github.com/diogo/dotkeeper/internal/history/history.go:38.21,40.17 2 1
github.com/diogo/dotkeeper/internal/history/history.go:40.17,42.4 1 0
github.com/diogo/dotkeeper/internal/history/history.go:43.3,43.53 1 1
github.com/diogo/dotkeeper/internal/history/history.go:46.2,47.47 2 1
github.com/diogo/dotkeeper/internal/history/history.go:47.47,49.3 1 1
github.com/diogo/dotkeeper/internal/history/history.go:51.2,53.8 1 1
github.com/diogo/dotkeeper/internal/history/history.go:57.43,59.2 1 1
github.com/diogo/dotkeeper/internal/history/history.go:62.50,64.16 2 1
github.com/diogo/dotkeeper/internal/history/history.go:64.16,66.3 1 1
github.com/diogo/dotkeeper/internal/history/history.go:67.2,69.68 2 1
github.com/diogo/dotkeeper/internal/history/history.go:69.68,71.3 1 0
github.com/diogo/dotkeeper/internal/history/history.go:72.2,75.16 3 1
github.com/diogo/dotkeeper/internal/history/history.go:75.16,77.3 1 0
github.com/diogo/dotkeeper/internal/history/history.go:79.2,80.41 2 1
github.com/diogo/dotkeeper/internal/history/history.go:80.41,82.3 1 0
github.com/diogo/dotkeeper/internal/history/history.go:84.2,84.33 1 1
github.com/diogo/dotkeeper/internal/history/history.go:84.33,86.3 1 0
github.com/diogo/dotkeeper/internal/history/history.go:88.2,88.12 1 1
github.com/diogo/dotkeeper/internal/history/history.go:93.57,95.16 2 1
github.com/diogo/dotkeeper/internal/history/history.go:95.16,96.25 1 1
github.com/diogo/dotkeeper/internal/history/history.go:96.25,98.4 1 1
github.com/diogo/dotkeeper/internal/history/history.go:99.3,99.65 1 0
github.com/diogo/dotkeeper/internal/history/history.go:101.2,105.21 4 1
github.com/diogo/dotkeeper/internal/history/history.go:105.21,107.21 2 1
github.com/diogo/dotkeeper/internal/history/history.go:107.21,108.12 1 0
github.com/diogo/dotkeeper/internal/history/history.go:110.3,111.54 2 1
github.com/diogo/dotkeeper/internal/history/history.go:111.54,113.12 2 1
github.com/diogo/dotkeeper/internal/history/history.go:115.3,115.35 1 1
github.com/diogo/dotkeeper/internal/history/history.go:117.2,117.38 1 1
github.com/diogo/dotkeeper/internal/history/history.go:117.38,119.3 1 1
github.com/diogo/dotkeeper/internal/history/history.go:122.2,122.56 1 1
github.com/diogo/dotkeeper/internal/history/history.go:122.56,124.3 1 1
github.com/diogo/dotkeeper/internal/history/history.go:126.2,126.39 1 1
github.com/diogo/dotkeeper/internal/history/history.go:126.39,128.3 1 1
github.com/diogo/dotkeeper/internal/history/history.go:130.2,130.21 1 1
github.com/diogo/dotkeeper/internal/history/history.go:134.78,136.16 2 1
github.com/diogo/dotkeeper/internal/history/history.go:136.16,138.3 1 1
github.com/diogo/dotkeeper/internal/history/history.go:140.2,141.28 2 1
github.com/diogo/dotkeeper/internal/history/history.go:141.28,142.32 1 1
github.com/diogo/dotkeeper/internal/history/history.go:142.32,144.4 1 1
github.com/diogo/dotkeeper/internal/history/history.go:147.2,147.40 1 1
github.com/diogo/dotkeeper/internal/history/history.go:147.40,149.3 1 1
github.com/diogo/dotkeeper/internal/history/history.go:151.2,151.22 1 1
github.com/diogo/dotkeeper/internal/history/history.go:155.70,166.2 1 1
github.com/diogo/dotkeeper/internal/history/history.go:169.51,176.2 1 1
github.com/diogo/dotkeeper/internal/history/history.go:179.92,187.2 1 1
github.com/diogo/dotkeeper/internal/history/history.go:190.71,198.2 1 1
