mode: atomic
github.com/diogo/dotkeeper/cmd/dotkeeper/main.go:15.13,20.15 4 0
github.com/diogo/dotkeeper/cmd/dotkeeper/main.go:20.15,23.3 2 0
github.com/diogo/dotkeeper/cmd/dotkeeper/main.go:25.2,25.18 1 0
github.com/diogo/dotkeeper/cmd/dotkeeper/main.go:25.18,28.3 2 0
github.com/diogo/dotkeeper/cmd/dotkeeper/main.go:31.2,31.22 1 0
github.com/diogo/dotkeeper/cmd/dotkeeper/main.go:31.22,33.36 2 0
github.com/diogo/dotkeeper/cmd/dotkeeper/main.go:33.36,36.4 2 0
github.com/diogo/dotkeeper/cmd/dotkeeper/main.go:37.3,37.9 1 0
github.com/diogo/dotkeeper/cmd/dotkeeper/main.go:41.2,45.17 4 0
github.com/diogo/dotkeeper/cmd/dotkeeper/main.go:46.16,47.37 1 0
github.com/diogo/dotkeeper/cmd/dotkeeper/main.go:48.17,49.38 1 0
github.com/diogo/dotkeeper/cmd/dotkeeper/main.go:50.14,51.35 1 0
github.com/diogo/dotkeeper/cmd/dotkeeper/main.go:52.16,53.37 1 0
github.com/diogo/dotkeeper/cmd/dotkeeper/main.go:54.16,55.37 1 0
github.com/diogo/dotkeeper/cmd/dotkeeper/main.go:56.17,57.38 1 0
github.com/diogo/dotkeeper/cmd/dotkeeper/main.go:58.18,59.39 1 0
github.com/diogo/dotkeeper/cmd/dotkeeper/main.go:60.14,62.15 2 0
github.com/diogo/dotkeeper/cmd/dotkeeper/main.go:63.10,66.15 3 0
github.com/diogo/dotkeeper/cmd/dotkeeper/main.go:69.2,69.19 1 0
github.com/diogo/dotkeeper/cmd/dotkeeper/main.go:72.18,98.2 2 0
github.com/diogo/dotkeeper/internal/config/config.go:26.37,28.22 2 13
github.com/diogo/dotkeeper/internal/config/config.go:28.22,30.17 2 3
github.com/diogo/dotkeeper/internal/config/config.go:30.17,32.4 1 0
github.com/diogo/dotkeeper/internal/config/config.go:33.3,33.46 1 3
github.com/diogo/dotkeeper/internal/config/config.go:36.2,37.26 2 13
github.com/diogo/dotkeeper/internal/config/config.go:41.38,43.16 2 11
github.com/diogo/dotkeeper/internal/config/config.go:43.16,45.3 1 0
github.com/diogo/dotkeeper/internal/config/config.go:46.2,46.53 1 11
github.com/diogo/dotkeeper/internal/config/config.go:50.49,52.16 2 18
github.com/diogo/dotkeeper/internal/config/config.go:52.16,54.3 1 6
github.com/diogo/dotkeeper/internal/config/config.go:56.2,57.50 2 12
github.com/diogo/dotkeeper/internal/config/config.go:57.50,59.3 1 2
github.com/diogo/dotkeeper/internal/config/config.go:61.2,61.17 1 10
github.com/diogo/dotkeeper/internal/config/config.go:65.30,67.16 2 6
github.com/diogo/dotkeeper/internal/config/config.go:67.16,69.3 1 0
github.com/diogo/dotkeeper/internal/config/config.go:70.2,70.33 1 6
github.com/diogo/dotkeeper/internal/config/config.go:74.48,77.47 2 8
github.com/diogo/dotkeeper/internal/config/config.go:77.47,79.3 1 2
github.com/diogo/dotkeeper/internal/config/config.go:82.2,83.16 2 6
github.com/diogo/dotkeeper/internal/config/config.go:83.16,85.3 1 0
github.com/diogo/dotkeeper/internal/config/config.go:88.2,88.55 1 6
github.com/diogo/dotkeeper/internal/config/config.go:88.55,90.3 1 0
github.com/diogo/dotkeeper/internal/config/config.go:92.2,92.12 1 6
github.com/diogo/dotkeeper/internal/config/config.go:96.31,98.16 2 4
github.com/diogo/dotkeeper/internal/config/config.go:98.16,100.3 1 0
github.com/diogo/dotkeeper/internal/config/config.go:101.2,101.33 1 4
github.com/diogo/dotkeeper/internal/config/config.go:105.35,106.23 1 4
github.com/diogo/dotkeeper/internal/config/config.go:106.23,108.3 1 1
github.com/diogo/dotkeeper/internal/config/config.go:110.2,110.46 1 3
github.com/diogo/dotkeeper/internal/config/config.go:110.46,112.3 1 1
github.com/diogo/dotkeeper/internal/config/config.go:114.2,114.12 1 2
github.com/diogo/dotkeeper/internal/config/config.go:118.41,119.31 1 3
github.com/diogo/dotkeeper/internal/config/config.go:119.31,121.3 1 2
github.com/diogo/dotkeeper/internal/config/config.go:122.2,123.36 2 1
github.com/diogo/dotkeeper/internal/config/config.go:123.36,125.3 1 1
github.com/diogo/dotkeeper/internal/config/config.go:126.2,127.28 2 1
github.com/diogo/dotkeeper/internal/config/config.go:127.28,128.19 1 3
github.com/diogo/dotkeeper/internal/config/config.go:128.19,130.4 1 2
github.com/diogo/dotkeeper/internal/config/config.go:132.2,132.15 1 1
github.com/diogo/dotkeeper/internal/config/config.go:136.43,137.33 1 3
github.com/diogo/dotkeeper/internal/config/config.go:137.33,139.3 1 1
github.com/diogo/dotkeeper/internal/config/config.go:140.2,141.38 2 2
github.com/diogo/dotkeeper/internal/config/config.go:141.38,143.3 1 4
github.com/diogo/dotkeeper/internal/config/config.go:144.2,145.30 2 2
github.com/diogo/dotkeeper/internal/config/config.go:145.30,146.19 1 5
github.com/diogo/dotkeeper/internal/config/config.go:146.19,148.4 1 1
github.com/diogo/dotkeeper/internal/config/config.go:150.2,150.15 1 2
github.com/diogo/dotkeeper/internal/config/config.go:154.50,158.16 3 4
github.com/diogo/dotkeeper/internal/config/config.go:158.16,159.37 1 2
github.com/diogo/dotkeeper/internal/config/config.go:159.37,171.4 1 2
github.com/diogo/dotkeeper/internal/config/config.go:172.3,172.52 1 0
github.com/diogo/dotkeeper/internal/config/config.go:174.2,174.17 1 2
github.com/diogo/dotkeeper/internal/backup/archive.go:12.62,19.33 5 8
github.com/diogo/dotkeeper/internal/backup/archive.go:19.33,20.56 1 10
github.com/diogo/dotkeeper/internal/backup/archive.go:20.56,22.4 1 0
github.com/diogo/dotkeeper/internal/backup/archive.go:25.2,25.12 1 8
github.com/diogo/dotkeeper/internal/backup/archive.go:28.64,29.31 1 10
github.com/diogo/dotkeeper/internal/backup/archive.go:29.31,38.3 2 0
github.com/diogo/dotkeeper/internal/backup/archive.go:40.2,41.16 2 10
github.com/diogo/dotkeeper/internal/backup/archive.go:41.16,43.3 1 0
github.com/diogo/dotkeeper/internal/backup/archive.go:44.2,53.47 3 10
github.com/diogo/dotkeeper/internal/backup/archive.go:53.47,55.3 1 0
github.com/diogo/dotkeeper/internal/backup/archive.go:57.2,57.45 1 10
github.com/diogo/dotkeeper/internal/backup/archive.go:57.45,59.3 1 0
github.com/diogo/dotkeeper/internal/backup/archive.go:61.2,61.12 1 10
github.com/diogo/dotkeeper/internal/backup/backup.go:28.73,37.57 5 5
github.com/diogo/dotkeeper/internal/backup/backup.go:37.57,39.3 1 1
github.com/diogo/dotkeeper/internal/backup/backup.go:42.2,44.16 3 4
github.com/diogo/dotkeeper/internal/backup/backup.go:44.16,46.3 1 0
github.com/diogo/dotkeeper/internal/backup/backup.go:48.2,48.21 1 4
github.com/diogo/dotkeeper/internal/backup/backup.go:48.21,50.3 1 1
github.com/diogo/dotkeeper/internal/backup/backup.go:53.2,54.16 2 3
github.com/diogo/dotkeeper/internal/backup/backup.go:54.16,56.3 1 0
github.com/diogo/dotkeeper/internal/backup/backup.go:57.2,60.55 2 3
github.com/diogo/dotkeeper/internal/backup/backup.go:60.55,63.3 2 0
github.com/diogo/dotkeeper/internal/backup/backup.go:64.2,68.16 3 3
github.com/diogo/dotkeeper/internal/backup/backup.go:68.16,70.3 1 0
github.com/diogo/dotkeeper/internal/backup/backup.go:73.2,78.16 4 3
github.com/diogo/dotkeeper/internal/backup/backup.go:78.16,80.3 1 0
github.com/diogo/dotkeeper/internal/backup/backup.go:82.2,86.16 3 3
github.com/diogo/dotkeeper/internal/backup/backup.go:86.16,88.3 1 0
github.com/diogo/dotkeeper/internal/backup/backup.go:91.2,91.66 1 3
github.com/diogo/dotkeeper/internal/backup/backup.go:91.66,93.3 1 0
github.com/diogo/dotkeeper/internal/backup/backup.go:96.2,109.16 3 3
github.com/diogo/dotkeeper/internal/backup/backup.go:109.16,111.3 1 0
github.com/diogo/dotkeeper/internal/backup/backup.go:113.2,113.71 1 3
github.com/diogo/dotkeeper/internal/backup/backup.go:113.71,115.3 1 0
github.com/diogo/dotkeeper/internal/backup/backup.go:118.2,119.26 2 3
github.com/diogo/dotkeeper/internal/backup/backup.go:119.26,121.3 1 5
github.com/diogo/dotkeeper/internal/backup/backup.go:123.2,131.8 1 3
github.com/diogo/dotkeeper/internal/backup/collector.go:23.86,24.35 1 41
github.com/diogo/dotkeeper/internal/backup/collector.go:24.35,25.20 1 14
github.com/diogo/dotkeeper/internal/backup/collector.go:25.20,26.12 1 1
github.com/diogo/dotkeeper/internal/backup/collector.go:29.3,29.47 1 13
github.com/diogo/dotkeeper/internal/backup/collector.go:29.47,31.67 2 3
github.com/diogo/dotkeeper/internal/backup/collector.go:31.67,33.5 1 2
github.com/diogo/dotkeeper/internal/backup/collector.go:36.3,36.63 1 11
github.com/diogo/dotkeeper/internal/backup/collector.go:36.63,38.4 1 3
github.com/diogo/dotkeeper/internal/backup/collector.go:40.3,40.59 1 8
github.com/diogo/dotkeeper/internal/backup/collector.go:40.59,42.4 1 0
github.com/diogo/dotkeeper/internal/backup/collector.go:44.2,44.14 1 36
github.com/diogo/dotkeeper/internal/backup/collector.go:52.81,56.29 3 19
github.com/diogo/dotkeeper/internal/backup/collector.go:56.29,58.20 2 22
github.com/diogo/dotkeeper/internal/backup/collector.go:58.20,59.12 1 0
github.com/diogo/dotkeeper/internal/backup/collector.go:61.3,62.84 2 22
github.com/diogo/dotkeeper/internal/backup/collector.go:62.84,65.4 1 1
github.com/diogo/dotkeeper/internal/backup/collector.go:68.2,68.19 1 19
github.com/diogo/dotkeeper/internal/backup/collector.go:71.118,73.16 2 35
github.com/diogo/dotkeeper/internal/backup/collector.go:73.16,75.3 1 0
github.com/diogo/dotkeeper/internal/backup/collector.go:77.2,78.67 2 35
github.com/diogo/dotkeeper/internal/backup/collector.go:78.67,80.3 1 3
github.com/diogo/dotkeeper/internal/backup/collector.go:82.2,82.38 1 32
github.com/diogo/dotkeeper/internal/backup/collector.go:82.38,84.17 2 5
github.com/diogo/dotkeeper/internal/backup/collector.go:84.17,86.4 1 0
github.com/diogo/dotkeeper/internal/backup/collector.go:88.3,94.13 2 5
github.com/diogo/dotkeeper/internal/backup/collector.go:97.2,97.19 1 27
github.com/diogo/dotkeeper/internal/backup/collector.go:97.19,99.17 2 6
github.com/diogo/dotkeeper/internal/backup/collector.go:99.17,101.4 1 0
github.com/diogo/dotkeeper/internal/backup/collector.go:103.3,103.33 1 6
github.com/diogo/dotkeeper/internal/backup/collector.go:103.33,105.89 2 13
github.com/diogo/dotkeeper/internal/backup/collector.go:105.89,107.5 1 0
github.com/diogo/dotkeeper/internal/backup/collector.go:109.3,109.13 1 6
github.com/diogo/dotkeeper/internal/backup/collector.go:112.2,112.31 1 21
github.com/diogo/dotkeeper/internal/backup/collector.go:112.31,114.3 1 0
github.com/diogo/dotkeeper/internal/backup/collector.go:116.2,117.16 2 21
github.com/diogo/dotkeeper/internal/backup/collector.go:117.16,119.3 1 1
github.com/diogo/dotkeeper/internal/backup/collector.go:120.2,123.16 3 20
github.com/diogo/dotkeeper/internal/backup/collector.go:123.16,125.3 1 0
github.com/diogo/dotkeeper/internal/backup/collector.go:126.2,126.23 1 20
github.com/diogo/dotkeeper/internal/backup/collector.go:126.23,128.3 1 0
github.com/diogo/dotkeeper/internal/backup/collector.go:129.2,138.12 3 20
github.com/diogo/dotkeeper/internal/cli/backup.go:16.39,20.20 4 6
github.com/diogo/dotkeeper/internal/cli/backup.go:20.20,27.3 6 0
github.com/diogo/dotkeeper/internal/cli/backup.go:29.2,29.39 1 6
github.com/diogo/dotkeeper/internal/cli/backup.go:29.39,32.3 2 0
github.com/diogo/dotkeeper/internal/cli/backup.go:35.2,36.16 2 6
github.com/diogo/dotkeeper/internal/cli/backup.go:36.16,40.3 3 1
github.com/diogo/dotkeeper/internal/cli/backup.go:43.2,43.39 1 5
github.com/diogo/dotkeeper/internal/cli/backup.go:43.39,46.3 2 1
github.com/diogo/dotkeeper/internal/cli/backup.go:49.2,50.30 2 4
github.com/diogo/dotkeeper/internal/cli/backup.go:50.30,51.25 1 1
github.com/diogo/dotkeeper/internal/cli/backup.go:51.25,53.4 1 0
github.com/diogo/dotkeeper/internal/cli/backup.go:57.2,58.16 2 4
github.com/diogo/dotkeeper/internal/cli/backup.go:58.16,61.3 2 1
github.com/diogo/dotkeeper/internal/cli/backup.go:64.2,69.16 4 3
github.com/diogo/dotkeeper/internal/cli/backup.go:69.16,71.17 2 1
github.com/diogo/dotkeeper/internal/cli/backup.go:71.17,73.4 1 0
github.com/diogo/dotkeeper/internal/cli/backup.go:75.3,75.22 1 1
github.com/diogo/dotkeeper/internal/cli/backup.go:75.22,77.4 1 1
github.com/diogo/dotkeeper/internal/cli/backup.go:77.9,79.4 1 0
github.com/diogo/dotkeeper/internal/cli/backup.go:80.3,80.11 1 1
github.com/diogo/dotkeeper/internal/cli/backup.go:84.2,91.16 7 2
github.com/diogo/dotkeeper/internal/cli/backup.go:91.16,93.3 1 0
github.com/diogo/dotkeeper/internal/cli/backup.go:96.2,96.21 1 2
github.com/diogo/dotkeeper/internal/cli/backup.go:96.21,98.3 1 1
github.com/diogo/dotkeeper/internal/cli/backup.go:98.8,100.3 1 1
github.com/diogo/dotkeeper/internal/cli/backup.go:102.2,102.10 1 2
github.com/diogo/dotkeeper/internal/cli/backup.go:106.55,108.24 1 14
github.com/diogo/dotkeeper/internal/cli/backup.go:108.24,110.17 2 10
github.com/diogo/dotkeeper/internal/cli/backup.go:110.17,112.4 1 2
github.com/diogo/dotkeeper/internal/cli/backup.go:114.3,115.61 2 8
github.com/diogo/dotkeeper/internal/cli/backup.go:115.61,117.4 1 1
github.com/diogo/dotkeeper/internal/cli/backup.go:118.3,118.23 1 8
github.com/diogo/dotkeeper/internal/cli/backup.go:122.2,122.65 1 4
github.com/diogo/dotkeeper/internal/cli/backup.go:122.65,124.3 1 4
github.com/diogo/dotkeeper/internal/cli/backup.go:127.2,128.16 2 0
github.com/diogo/dotkeeper/internal/cli/backup.go:128.16,130.3 1 0
github.com/diogo/dotkeeper/internal/cli/backup.go:132.2,132.22 1 0
github.com/diogo/dotkeeper/internal/cli/config.go:13.39,15.20 2 5
github.com/diogo/dotkeeper/internal/cli/config.go:15.20,27.3 11 2
github.com/diogo/dotkeeper/internal/cli/config.go:29.2,29.39 1 5
github.com/diogo/dotkeeper/internal/cli/config.go:29.39,32.3 2 0
github.com/diogo/dotkeeper/internal/cli/config.go:34.2,34.19 1 5
github.com/diogo/dotkeeper/internal/cli/config.go:34.19,37.3 2 1
github.com/diogo/dotkeeper/internal/cli/config.go:39.2,41.20 2 4
github.com/diogo/dotkeeper/internal/cli/config.go:42.13,43.34 1 1
github.com/diogo/dotkeeper/internal/cli/config.go:44.13,45.34 1 1
github.com/diogo/dotkeeper/internal/cli/config.go:46.14,47.22 1 1
github.com/diogo/dotkeeper/internal/cli/config.go:48.10,51.11 3 1
github.com/diogo/dotkeeper/internal/cli/config.go:56.35,57.19 1 9
github.com/diogo/dotkeeper/internal/cli/config.go:57.19,61.3 3 1
github.com/diogo/dotkeeper/internal/cli/config.go:63.2,67.16 3 8
github.com/diogo/dotkeeper/internal/cli/config.go:67.16,70.3 2 2
github.com/diogo/dotkeeper/internal/cli/config.go:73.2,74.16 2 6
github.com/diogo/dotkeeper/internal/cli/config.go:74.16,77.3 2 1
github.com/diogo/dotkeeper/internal/cli/config.go:79.2,80.10 2 5
github.com/diogo/dotkeeper/internal/cli/config.go:84.35,85.19 1 16
github.com/diogo/dotkeeper/internal/cli/config.go:85.19,89.3 3 1
github.com/diogo/dotkeeper/internal/cli/config.go:91.2,96.16 4 15
github.com/diogo/dotkeeper/internal/cli/config.go:96.16,99.3 1 2
github.com/diogo/dotkeeper/internal/cli/config.go:102.2,102.56 1 15
github.com/diogo/dotkeeper/internal/cli/config.go:102.56,105.3 2 2
github.com/diogo/dotkeeper/internal/cli/config.go:108.2,108.35 1 13
github.com/diogo/dotkeeper/internal/cli/config.go:108.35,111.3 2 1
github.com/diogo/dotkeeper/internal/cli/config.go:113.2,114.10 2 12
github.com/diogo/dotkeeper/internal/cli/config.go:118.23,121.16 2 3
github.com/diogo/dotkeeper/internal/cli/config.go:121.16,124.3 2 1
github.com/diogo/dotkeeper/internal/cli/config.go:127.2,135.10 8 2
github.com/diogo/dotkeeper/internal/cli/config.go:139.69,142.13 2 14
github.com/diogo/dotkeeper/internal/cli/config.go:143.20,144.28 1 5
github.com/diogo/dotkeeper/internal/cli/config.go:145.20,146.28 1 1
github.com/diogo/dotkeeper/internal/cli/config.go:147.18,148.27 1 1
github.com/diogo/dotkeeper/internal/cli/config.go:149.23,150.51 1 1
github.com/diogo/dotkeeper/internal/cli/config.go:151.15,152.43 1 2
github.com/diogo/dotkeeper/internal/cli/config.go:153.17,154.45 1 2
github.com/diogo/dotkeeper/internal/cli/config.go:155.10,156.48 1 2
github.com/diogo/dotkeeper/internal/cli/config.go:161.66,164.13 2 24
github.com/diogo/dotkeeper/internal/cli/config.go:165.20,166.24 1 4
github.com/diogo/dotkeeper/internal/cli/config.go:167.20,168.24 1 1
github.com/diogo/dotkeeper/internal/cli/config.go:169.18,170.23 1 0
github.com/diogo/dotkeeper/internal/cli/config.go:171.23,172.33 1 12
github.com/diogo/dotkeeper/internal/cli/config.go:173.33,174.28 1 5
github.com/diogo/dotkeeper/internal/cli/config.go:175.34,176.29 1 5
github.com/diogo/dotkeeper/internal/cli/config.go:177.11,178.74 1 2
github.com/diogo/dotkeeper/internal/cli/config.go:180.15,181.18 1 3
github.com/diogo/dotkeeper/internal/cli/config.go:181.18,183.4 1 1
github.com/diogo/dotkeeper/internal/cli/config.go:183.9,185.4 1 2
github.com/diogo/dotkeeper/internal/cli/config.go:186.17,187.18 1 2
github.com/diogo/dotkeeper/internal/cli/config.go:187.18,189.4 1 0
github.com/diogo/dotkeeper/internal/cli/config.go:189.9,191.4 1 2
github.com/diogo/dotkeeper/internal/cli/config.go:192.10,193.44 1 2
github.com/diogo/dotkeeper/internal/cli/config.go:196.2,196.12 1 20
github.com/diogo/dotkeeper/internal/cli/config.go:200.38,204.2 3 42
github.com/diogo/dotkeeper/internal/cli/delete.go:13.39,16.20 3 8
github.com/diogo/dotkeeper/internal/cli/delete.go:16.20,21.3 4 0
github.com/diogo/dotkeeper/internal/cli/delete.go:23.2,23.39 1 8
github.com/diogo/dotkeeper/internal/cli/delete.go:23.39,26.3 2 0
github.com/diogo/dotkeeper/internal/cli/delete.go:28.2,28.20 1 8
github.com/diogo/dotkeeper/internal/cli/delete.go:28.20,32.3 3 2
github.com/diogo/dotkeeper/internal/cli/delete.go:34.2,37.16 3 6
github.com/diogo/dotkeeper/internal/cli/delete.go:37.16,40.3 2 0
github.com/diogo/dotkeeper/internal/cli/delete.go:42.2,42.45 1 6
github.com/diogo/dotkeeper/internal/cli/delete.go:42.45,44.3 1 6
github.com/diogo/dotkeeper/internal/cli/delete.go:46.2,47.52 2 6
github.com/diogo/dotkeeper/internal/cli/delete.go:47.52,50.3 2 3
github.com/diogo/dotkeeper/internal/cli/delete.go:52.2,52.13 1 3
github.com/diogo/dotkeeper/internal/cli/delete.go:52.13,56.37 4 0
github.com/diogo/dotkeeper/internal/cli/delete.go:56.37,59.4 2 0
github.com/diogo/dotkeeper/internal/cli/delete.go:62.2,62.43 1 3
github.com/diogo/dotkeeper/internal/cli/delete.go:62.43,65.3 2 0
github.com/diogo/dotkeeper/internal/cli/delete.go:67.2,71.10 4 3
github.com/diogo/dotkeeper/internal/cli/history.go:15.40,19.20 4 6
github.com/diogo/dotkeeper/internal/cli/history.go:19.20,24.3 4 0
github.com/diogo/dotkeeper/internal/cli/history.go:26.2,26.39 1 6
github.com/diogo/dotkeeper/internal/cli/history.go:26.39,29.3 2 0
github.com/diogo/dotkeeper/internal/cli/history.go:32.2,33.16 2 6
github.com/diogo/dotkeeper/internal/cli/history.go:33.16,36.3 2 1
github.com/diogo/dotkeeper/internal/cli/history.go:39.2,40.19 2 5
github.com/diogo/dotkeeper/internal/cli/history.go:40.19,42.3 1 1
github.com/diogo/dotkeeper/internal/cli/history.go:42.8,44.3 1 4
github.com/diogo/dotkeeper/internal/cli/history.go:45.2,45.16 1 5
github.com/diogo/dotkeeper/internal/cli/history.go:45.16,48.3 2 0
github.com/diogo/dotkeeper/internal/cli/history.go:51.2,51.17 1 5
github.com/diogo/dotkeeper/internal/cli/history.go:51.17,53.17 2 2
github.com/diogo/dotkeeper/internal/cli/history.go:53.17,56.4 2 0
github.com/diogo/dotkeeper/internal/cli/history.go:57.3,57.28 1 2
github.com/diogo/dotkeeper/internal/cli/history.go:58.8,59.24 1 3
github.com/diogo/dotkeeper/internal/cli/history.go:59.24,61.4 1 1
github.com/diogo/dotkeeper/internal/cli/history.go:61.9,63.4 1 2
github.com/diogo/dotkeeper/internal/cli/history.go:66.2,66.10 1 5
github.com/diogo/dotkeeper/internal/cli/history.go:70.56,75.32 3 2
github.com/diogo/dotkeeper/internal/cli/history.go:75.32,80.54 5 2
github.com/diogo/dotkeeper/internal/cli/history.go:80.54,82.4 1 1
github.com/diogo/dotkeeper/internal/cli/history.go:83.3,84.54 2 2
github.com/diogo/dotkeeper/internal/cli/history.go:84.54,86.4 1 1
github.com/diogo/dotkeeper/internal/cli/history.go:87.3,88.55 2 2
github.com/diogo/dotkeeper/internal/cli/history.go:88.55,90.4 1 1
github.com/diogo/dotkeeper/internal/cli/history.go:92.3,99.4 1 2
github.com/diogo/dotkeeper/internal/cli/history.go:102.2,102.56 1 2
github.com/diogo/dotkeeper/internal/cli/history.go:106.38,107.13 1 6
github.com/diogo/dotkeeper/internal/cli/history.go:107.13,109.3 1 2
github.com/diogo/dotkeeper/internal/cli/history.go:110.2,111.21 2 4
github.com/diogo/dotkeeper/internal/cli/history.go:111.21,113.3 1 1
github.com/diogo/dotkeeper/internal/cli/history.go:114.2,114.42 1 3
github.com/diogo/dotkeeper/internal/cli/list.go:27.37,30.20 3 4
github.com/diogo/dotkeeper/internal/cli/list.go:30.20,35.3 4 0
github.com/diogo/dotkeeper/internal/cli/list.go:37.2,37.39 1 4
github.com/diogo/dotkeeper/internal/cli/list.go:37.39,40.3 2 0
github.com/diogo/dotkeeper/internal/cli/list.go:43.2,44.16 2 4
github.com/diogo/dotkeeper/internal/cli/list.go:44.16,47.3 2 0
github.com/diogo/dotkeeper/internal/cli/list.go:50.2,50.58 1 4
github.com/diogo/dotkeeper/internal/cli/list.go:50.58,51.18 1 1
github.com/diogo/dotkeeper/internal/cli/list.go:51.18,53.4 1 0
github.com/diogo/dotkeeper/internal/cli/list.go:53.9,55.4 1 1
github.com/diogo/dotkeeper/internal/cli/list.go:56.3,56.11 1 1
github.com/diogo/dotkeeper/internal/cli/list.go:60.2,61.16 2 3
github.com/diogo/dotkeeper/internal/cli/list.go:61.16,64.3 2 0
github.com/diogo/dotkeeper/internal/cli/list.go:66.2,66.23 1 3
github.com/diogo/dotkeeper/internal/cli/list.go:66.23,67.18 1 1
github.com/diogo/dotkeeper/internal/cli/list.go:67.18,69.4 1 1
github.com/diogo/dotkeeper/internal/cli/list.go:69.9,71.4 1 0
github.com/diogo/dotkeeper/internal/cli/list.go:72.3,72.11 1 1
github.com/diogo/dotkeeper/internal/cli/list.go:76.2,76.42 1 2
github.com/diogo/dotkeeper/internal/cli/list.go:76.42,78.3 1 0
github.com/diogo/dotkeeper/internal/cli/list.go:81.2,81.17 1 2
github.com/diogo/dotkeeper/internal/cli/list.go:81.17,83.17 2 1
github.com/diogo/dotkeeper/internal/cli/list.go:83.17,86.4 2 0
github.com/diogo/dotkeeper/internal/cli/list.go:87.3,87.28 1 1
github.com/diogo/dotkeeper/internal/cli/list.go:88.8,90.3 1 1
github.com/diogo/dotkeeper/internal/cli/list.go:92.2,92.10 1 2
github.com/diogo/dotkeeper/internal/cli/list.go:96.58,100.16 3 5
github.com/diogo/dotkeeper/internal/cli/list.go:100.16,102.3 1 1
github.com/diogo/dotkeeper/internal/cli/list.go:104.2,104.32 1 4
github.com/diogo/dotkeeper/internal/cli/list.go:104.32,105.20 1 7
github.com/diogo/dotkeeper/internal/cli/list.go:105.20,106.12 1 0
github.com/diogo/dotkeeper/internal/cli/list.go:109.3,110.46 2 7
github.com/diogo/dotkeeper/internal/cli/list.go:110.46,111.12 1 3
github.com/diogo/dotkeeper/internal/cli/list.go:114.3,116.17 3 4
github.com/diogo/dotkeeper/internal/cli/list.go:116.17,117.12 1 0
github.com/diogo/dotkeeper/internal/cli/list.go:121.3,125.65 4 4
github.com/diogo/dotkeeper/internal/cli/list.go:125.65,127.66 2 2
github.com/diogo/dotkeeper/internal/cli/list.go:127.66,130.5 2 1
github.com/diogo/dotkeeper/internal/cli/list.go:133.3,139.5 1 4
github.com/diogo/dotkeeper/internal/cli/list.go:142.2,142.21 1 4
github.com/diogo/dotkeeper/internal/cli/list.go:146.45,150.33 3 1
github.com/diogo/dotkeeper/internal/cli/list.go:150.33,154.30 4 1
github.com/diogo/dotkeeper/internal/cli/list.go:154.30,156.4 1 0
github.com/diogo/dotkeeper/internal/cli/list.go:158.3,163.4 1 1
github.com/diogo/dotkeeper/internal/cli/list.go:166.2,166.53 1 1
github.com/diogo/dotkeeper/internal/cli/list.go:170.36,172.17 2 9
github.com/diogo/dotkeeper/internal/cli/list.go:172.17,174.3 1 4
github.com/diogo/dotkeeper/internal/cli/list.go:176.2,177.45 2 5
github.com/diogo/dotkeeper/internal/cli/list.go:177.45,180.3 2 7
github.com/diogo/dotkeeper/internal/cli/list.go:182.2,182.75 1 5
github.com/diogo/dotkeeper/internal/cli/restore.go:16.40,23.20 7 8
github.com/diogo/dotkeeper/internal/cli/restore.go:23.20,30.3 6 0
github.com/diogo/dotkeeper/internal/cli/restore.go:32.2,32.39 1 8
github.com/diogo/dotkeeper/internal/cli/restore.go:32.39,35.3 1 0
github.com/diogo/dotkeeper/internal/cli/restore.go:38.2,39.16 2 8
github.com/diogo/dotkeeper/internal/cli/restore.go:39.16,42.3 2 0
github.com/diogo/dotkeeper/internal/cli/restore.go:45.2,49.19 3 8
github.com/diogo/dotkeeper/internal/cli/restore.go:49.19,51.3 1 7
github.com/diogo/dotkeeper/internal/cli/restore.go:51.8,55.3 3 1
github.com/diogo/dotkeeper/internal/cli/restore.go:58.2,59.51 2 7
github.com/diogo/dotkeeper/internal/cli/restore.go:59.51,61.3 1 0
github.com/diogo/dotkeeper/internal/cli/restore.go:64.2,64.55 1 7
github.com/diogo/dotkeeper/internal/cli/restore.go:64.55,67.3 2 1
github.com/diogo/dotkeeper/internal/cli/restore.go:70.2,71.16 2 6
github.com/diogo/dotkeeper/internal/cli/restore.go:71.16,74.3 2 0
github.com/diogo/dotkeeper/internal/cli/restore.go:77.2,84.15 3 6
github.com/diogo/dotkeeper/internal/cli/restore.go:84.15,86.3 1 2
github.com/diogo/dotkeeper/internal/cli/restore.go:88.2,89.16 2 6
github.com/diogo/dotkeeper/internal/cli/restore.go:89.16,92.22 2 1
github.com/diogo/dotkeeper/internal/cli/restore.go:92.22,94.4 1 1
github.com/diogo/dotkeeper/internal/cli/restore.go:94.9,96.4 1 0
github.com/diogo/dotkeeper/internal/cli/restore.go:97.3,97.11 1 1
github.com/diogo/dotkeeper/internal/cli/restore.go:101.2,101.13 1 5
github.com/diogo/dotkeeper/internal/cli/restore.go:101.13,104.42 3 2
github.com/diogo/dotkeeper/internal/cli/restore.go:104.42,106.4 1 2
github.com/diogo/dotkeeper/internal/cli/restore.go:107.3,107.11 1 2
github.com/diogo/dotkeeper/internal/cli/restore.go:110.2,110.29 1 3
github.com/diogo/dotkeeper/internal/cli/restore.go:110.29,116.22 5 0
github.com/diogo/dotkeeper/internal/cli/restore.go:116.22,118.4 1 0
github.com/diogo/dotkeeper/internal/cli/restore.go:118.9,120.4 1 0
github.com/diogo/dotkeeper/internal/cli/restore.go:121.3,121.11 1 0
github.com/diogo/dotkeeper/internal/cli/restore.go:124.2,128.21 4 3
github.com/diogo/dotkeeper/internal/cli/restore.go:128.21,130.3 1 3
github.com/diogo/dotkeeper/internal/cli/restore.go:130.8,132.3 1 0
github.com/diogo/dotkeeper/internal/cli/restore.go:133.2,133.10 1 3
github.com/diogo/dotkeeper/internal/cli/schedule.go:17.29,19.27 1 0
github.com/diogo/dotkeeper/internal/cli/schedule.go:19.27,21.3 1 0
github.com/diogo/dotkeeper/internal/cli/schedule.go:24.2,28.56 3 0
github.com/diogo/dotkeeper/internal/cli/schedule.go:28.56,30.3 1 0
github.com/diogo/dotkeeper/internal/cli/schedule.go:31.2,31.54 1 0
github.com/diogo/dotkeeper/internal/cli/schedule.go:31.54,33.3 1 0
github.com/diogo/dotkeeper/internal/cli/schedule.go:36.2,37.16 2 0
github.com/diogo/dotkeeper/internal/cli/schedule.go:37.16,39.3 1 0
github.com/diogo/dotkeeper/internal/cli/schedule.go:42.2,42.58 1 0
github.com/diogo/dotkeeper/internal/cli/schedule.go:42.58,44.3 1 0
github.com/diogo/dotkeeper/internal/cli/schedule.go:47.2,48.63 2 0
github.com/diogo/dotkeeper/internal/cli/schedule.go:48.63,50.3 1 0
github.com/diogo/dotkeeper/internal/cli/schedule.go:53.2,54.59 2 0
github.com/diogo/dotkeeper/internal/cli/schedule.go:54.59,56.3 1 0
github.com/diogo/dotkeeper/internal/cli/schedule.go:59.2,59.54 1 0
github.com/diogo/dotkeeper/internal/cli/schedule.go:59.54,61.3 1 0
github.com/diogo/dotkeeper/internal/cli/schedule.go:64.2,64.58 1 0
github.com/diogo/dotkeeper/internal/cli/schedule.go:64.58,66.3 1 0
github.com/diogo/dotkeeper/internal/cli/schedule.go:68.2,68.57 1 0
github.com/diogo/dotkeeper/internal/cli/schedule.go:68.57,70.3 1 0
github.com/diogo/dotkeeper/internal/cli/schedule.go:72.2,80.12 8 0
github.com/diogo/dotkeeper/internal/cli/schedule.go:84.30,86.27 1 0
github.com/diogo/dotkeeper/internal/cli/schedule.go:86.27,88.3 1 0
github.com/diogo/dotkeeper/internal/cli/schedule.go:91.2,91.56 1 0
github.com/diogo/dotkeeper/internal/cli/schedule.go:91.56,93.3 1 0
github.com/diogo/dotkeeper/internal/cli/schedule.go:95.2,95.59 1 0
github.com/diogo/dotkeeper/internal/cli/schedule.go:95.59,97.3 1 0
github.com/diogo/dotkeeper/internal/cli/schedule.go:100.2,101.16 2 0
github.com/diogo/dotkeeper/internal/cli/schedule.go:101.16,103.3 1 0
github.com/diogo/dotkeeper/internal/cli/schedule.go:106.2,109.74 3 0
github.com/diogo/dotkeeper/internal/cli/schedule.go:109.74,111.3 1 0
github.com/diogo/dotkeeper/internal/cli/schedule.go:113.2,113.72 1 0
github.com/diogo/dotkeeper/internal/cli/schedule.go:113.72,115.3 1 0
github.com/diogo/dotkeeper/internal/cli/schedule.go:118.2,118.54 1 0
github.com/diogo/dotkeeper/internal/cli/schedule.go:118.54,120.3 1 0
github.com/diogo/dotkeeper/internal/cli/schedule.go:122.2,124.12 2 0
github.com/diogo/dotkeeper/internal/cli/schedule.go:128.29,130.27 1 0
github.com/diogo/dotkeeper/internal/cli/schedule.go:130.27,132.3 1 0
github.com/diogo/dotkeeper/internal/cli/schedule.go:135.2,139.34 4 0
github.com/diogo/dotkeeper/internal/cli/schedule.go:139.34,142.3 1 0
github.com/diogo/dotkeeper/internal/cli/schedule.go:144.2,151.34 5 0
github.com/diogo/dotkeeper/internal/cli/schedule.go:151.34,153.3 1 0
github.com/diogo/dotkeeper/internal/cli/schedule.go:155.2,155.12 1 0
github.com/diogo/dotkeeper/internal/cli/schedule.go:159.41,161.20 2 2
github.com/diogo/dotkeeper/internal/cli/schedule.go:161.20,168.3 6 2
github.com/diogo/dotkeeper/internal/cli/schedule.go:170.2,170.39 1 2
github.com/diogo/dotkeeper/internal/cli/schedule.go:170.39,173.3 2 0
github.com/diogo/dotkeeper/internal/cli/schedule.go:175.2,175.19 1 2
github.com/diogo/dotkeeper/internal/cli/schedule.go:175.19,178.3 2 1
github.com/diogo/dotkeeper/internal/cli/schedule.go:180.2,182.20 2 1
github.com/diogo/dotkeeper/internal/cli/schedule.go:183.16,184.42 1 0
github.com/diogo/dotkeeper/internal/cli/schedule.go:184.42,187.4 2 0
github.com/diogo/dotkeeper/internal/cli/schedule.go:188.3,188.11 1 0
github.com/diogo/dotkeeper/internal/cli/schedule.go:189.17,190.43 1 0
github.com/diogo/dotkeeper/internal/cli/schedule.go:190.43,193.4 2 0
github.com/diogo/dotkeeper/internal/cli/schedule.go:194.3,194.11 1 0
github.com/diogo/dotkeeper/internal/cli/schedule.go:195.16,196.42 1 0
github.com/diogo/dotkeeper/internal/cli/schedule.go:196.42,199.4 2 0
github.com/diogo/dotkeeper/internal/cli/schedule.go:200.3,200.11 1 0
github.com/diogo/dotkeeper/internal/cli/schedule.go:201.10,204.11 3 1
github.com/diogo/dotkeeper/internal/cli/schedule.go:210.32,213.2 2 0
github.com/diogo/dotkeeper/internal/cli/schedule.go:215.42,217.16 2 1
github.com/diogo/dotkeeper/internal/cli/schedule.go:217.16,219.3 1 0
github.com/diogo/dotkeeper/internal/cli/schedule.go:220.2,220.66 1 1
github.com/diogo/dotkeeper/internal/cli/schedule.go:223.41,229.2 5 0
github.com/diogo/dotkeeper/internal/cli/schedule.go:231.38,233.16 2 2
github.com/diogo/dotkeeper/internal/cli/schedule.go:233.16,235.3 1 1
github.com/diogo/dotkeeper/internal/cli/schedule.go:236.2,236.38 1 1
github.com/diogo/dotkeeper/internal/crypto/aes.go:13.73,15.16 2 9
github.com/diogo/dotkeeper/internal/crypto/aes.go:15.16,17.3 1 1
github.com/diogo/dotkeeper/internal/crypto/aes.go:19.2,20.16 2 8
github.com/diogo/dotkeeper/internal/crypto/aes.go:20.16,22.3 1 0
github.com/diogo/dotkeeper/internal/crypto/aes.go:24.2,25.59 2 8
github.com/diogo/dotkeeper/internal/crypto/aes.go:25.59,27.3 1 0
github.com/diogo/dotkeeper/internal/crypto/aes.go:30.2,39.20 8 8
github.com/diogo/dotkeeper/internal/crypto/aes.go:44.61,45.49 1 14
github.com/diogo/dotkeeper/internal/crypto/aes.go:45.49,47.3 1 5
github.com/diogo/dotkeeper/internal/crypto/aes.go:50.2,57.16 6 9
github.com/diogo/dotkeeper/internal/crypto/aes.go:57.16,59.3 1 1
github.com/diogo/dotkeeper/internal/crypto/aes.go:61.2,62.16 2 8
github.com/diogo/dotkeeper/internal/crypto/aes.go:62.16,64.3 1 0
github.com/diogo/dotkeeper/internal/crypto/aes.go:66.2,67.16 2 8
github.com/diogo/dotkeeper/internal/crypto/aes.go:67.16,69.3 1 2
github.com/diogo/dotkeeper/internal/crypto/aes.go:71.2,71.23 1 6
github.com/diogo/dotkeeper/internal/crypto/kdf.go:11.53,20.2 1 17
github.com/diogo/dotkeeper/internal/crypto/kdf.go:23.37,25.58 2 22
github.com/diogo/dotkeeper/internal/crypto/kdf.go:25.58,27.3 1 0
github.com/diogo/dotkeeper/internal/crypto/kdf.go:28.2,28.18 1 22
github.com/diogo/dotkeeper/internal/crypto/types.go:35.43,45.2 1 1
github.com/diogo/dotkeeper/internal/history/history.go:36.33,38.21 2 4
github.com/diogo/dotkeeper/internal/history/history.go:38.21,40.17 2 2
github.com/diogo/dotkeeper/internal/history/history.go:40.17,42.4 1 0
github.com/diogo/dotkeeper/internal/history/history.go:43.3,43.53 1 2
github.com/diogo/dotkeeper/internal/history/history.go:46.2,47.47 2 4
github.com/diogo/dotkeeper/internal/history/history.go:47.47,49.3 1 2
github.com/diogo/dotkeeper/internal/history/history.go:51.2,53.8 1 2
github.com/diogo/dotkeeper/internal/history/history.go:57.43,59.2 1 13
github.com/diogo/dotkeeper/internal/history/history.go:62.50,64.16 2 50
github.com/diogo/dotkeeper/internal/history/history.go:64.16,66.3 1 1
github.com/diogo/dotkeeper/internal/history/history.go:67.2,69.68 2 49
github.com/diogo/dotkeeper/internal/history/history.go:69.68,71.3 1 0
github.com/diogo/dotkeeper/internal/history/history.go:72.2,75.16 3 49
github.com/diogo/dotkeeper/internal/history/history.go:75.16,77.3 1 0
github.com/diogo/dotkeeper/internal/history/history.go:79.2,80.41 2 49
github.com/diogo/dotkeeper/internal/history/history.go:80.41,82.3 1 0
github.com/diogo/dotkeeper/internal/history/history.go:84.2,84.33 1 49
github.com/diogo/dotkeeper/internal/history/history.go:84.33,86.3 1 0
github.com/diogo/dotkeeper/internal/history/history.go:88.2,88.12 1 49
github.com/diogo/dotkeeper/internal/history/history.go:93.57,95.16 2 12
github.com/diogo/dotkeeper/internal/history/history.go:95.16,96.25 1 1
github.com/diogo/dotkeeper/internal/history/history.go:96.25,98.4 1 1
github.com/diogo/dotkeeper/internal/history/history.go:99.3,99.65 1 0
github.com/diogo/dotkeeper/internal/history/history.go:101.2,105.21 4 11
github.com/diogo/dotkeeper/internal/history/history.go:105.21,107.21 2 51
github.com/diogo/dotkeeper/internal/history/history.go:107.21,108.12 1 0
github.com/diogo/dotkeeper/internal/history/history.go:110.3,111.54 2 51
github.com/diogo/dotkeeper/internal/history/history.go:111.54,113.12 2 1
github.com/diogo/dotkeeper/internal/history/history.go:115.3,115.35 1 50
github.com/diogo/dotkeeper/internal/history/history.go:117.2,117.38 1 11
github.com/diogo/dotkeeper/internal/history/history.go:117.38,119.3 1 1
github.com/diogo/dotkeeper/internal/history/history.go:122.2,122.56 1 10
github.com/diogo/dotkeeper/internal/history/history.go:122.56,124.3 1 22
github.com/diogo/dotkeeper/internal/history/history.go:126.2,126.39 1 10
github.com/diogo/dotkeeper/internal/history/history.go:126.39,128.3 1 1
github.com/diogo/dotkeeper/internal/history/history.go:130.2,130.21 1 10
github.com/diogo/dotkeeper/internal/history/history.go:134.78,136.16 2 3
github.com/diogo/dotkeeper/internal/history/history.go:136.16,138.3 1 1
github.com/diogo/dotkeeper/internal/history/history.go:140.2,141.28 2 2
github.com/diogo/dotkeeper/internal/history/history.go:141.28,142.32 1 10
github.com/diogo/dotkeeper/internal/history/history.go:142.32,144.4 1 5
github.com/diogo/dotkeeper/internal/history/history.go:147.2,147.40 1 2
github.com/diogo/dotkeeper/internal/history/history.go:147.40,149.3 1 1
github.com/diogo/dotkeeper/internal/history/history.go:151.2,151.22 1 2
github.com/diogo/dotkeeper/internal/history/history.go:155.70,166.2 1 1
github.com/diogo/dotkeeper/internal/history/history.go:169.51,176.2 1 1
github.com/diogo/dotkeeper/internal/history/history.go:179.92,187.2 1 1
github.com/diogo/dotkeeper/internal/history/history.go:190.71,198.2 1 1
github.com/diogo/dotkeeper/internal/pathutil/glob.go:15.35,17.2 1 7
github.com/diogo/dotkeeper/internal/pathutil/glob.go:23.70,29.38 4 7
github.com/diogo/dotkeeper/internal/pathutil/glob.go:29.38,31.3 1 1
github.com/diogo/dotkeeper/internal/pathutil/glob.go:31.8,33.3 1 6
github.com/diogo/dotkeeper/internal/pathutil/glob.go:35.2,35.16 1 7
github.com/diogo/dotkeeper/internal/pathutil/glob.go:35.16,37.3 1 1
github.com/diogo/dotkeeper/internal/pathutil/glob.go:39.2,40.28 2 6
github.com/diogo/dotkeeper/internal/pathutil/glob.go:40.28,43.30 3 511
github.com/diogo/dotkeeper/internal/pathutil/glob.go:43.30,44.59 1 3
github.com/diogo/dotkeeper/internal/pathutil/glob.go:44.59,46.10 2 1
github.com/diogo/dotkeeper/internal/pathutil/glob.go:49.3,49.16 1 511
github.com/diogo/dotkeeper/internal/pathutil/glob.go:49.16,51.4 1 510
github.com/diogo/dotkeeper/internal/pathutil/glob.go:54.2,54.36 1 6
github.com/diogo/dotkeeper/internal/pathutil/glob.go:54.36,56.3 1 1
github.com/diogo/dotkeeper/internal/pathutil/glob.go:58.2,58.22 1 5
github.com/diogo/dotkeeper/internal/pathutil/pathutil.go:11.34,12.44 1 23
github.com/diogo/dotkeeper/internal/pathutil/pathutil.go:12.44,14.17 2 3
github.com/diogo/dotkeeper/internal/pathutil/pathutil.go:14.17,15.16 1 3
github.com/diogo/dotkeeper/internal/pathutil/pathutil.go:15.16,17.5 1 1
github.com/diogo/dotkeeper/internal/pathutil/pathutil.go:18.4,18.37 1 2
github.com/diogo/dotkeeper/internal/pathutil/pathutil.go:21.2,21.10 1 20
github.com/diogo/dotkeeper/internal/pathutil/presets.go:38.72,45.32 4 2
github.com/diogo/dotkeeper/internal/pathutil/presets.go:45.32,48.34 3 20
github.com/diogo/dotkeeper/internal/pathutil/presets.go:48.34,58.71 2 4
github.com/diogo/dotkeeper/internal/pathutil/presets.go:58.71,60.5 1 1
github.com/diogo/dotkeeper/internal/pathutil/presets.go:61.4,61.115 1 4
github.com/diogo/dotkeeper/internal/pathutil/presets.go:61.115,63.5 1 1
github.com/diogo/dotkeeper/internal/pathutil/presets.go:65.4,65.33 1 4
github.com/diogo/dotkeeper/internal/pathutil/presets.go:70.2,70.34 1 2
github.com/diogo/dotkeeper/internal/pathutil/presets.go:70.34,73.33 3 20
github.com/diogo/dotkeeper/internal/pathutil/presets.go:73.33,83.18 3 2
github.com/diogo/dotkeeper/internal/pathutil/presets.go:83.18,86.35 3 2
github.com/diogo/dotkeeper/internal/pathutil/presets.go:86.35,87.24 1 3
github.com/diogo/dotkeeper/internal/pathutil/presets.go:87.24,89.48 2 3
github.com/diogo/dotkeeper/internal/pathutil/presets.go:89.48,91.8 1 3
github.com/diogo/dotkeeper/internal/pathutil/presets.go:94.5,95.23 2 2
github.com/diogo/dotkeeper/internal/pathutil/presets.go:98.4,98.37 1 2
github.com/diogo/dotkeeper/internal/pathutil/presets.go:102.2,102.23 1 2
github.com/diogo/dotkeeper/internal/pathutil/presets.go:106.47,107.35 1 40
github.com/diogo/dotkeeper/internal/pathutil/presets.go:107.35,109.3 1 40
github.com/diogo/dotkeeper/internal/pathutil/presets.go:110.2,110.13 1 0
github.com/diogo/dotkeeper/internal/pathutil/scanner.go:28.61,31.26 2 1
github.com/diogo/dotkeeper/internal/pathutil/scanner.go:31.26,35.17 4 2
github.com/diogo/dotkeeper/internal/pathutil/scanner.go:35.17,38.4 2 1
github.com/diogo/dotkeeper/internal/pathutil/scanner.go:38.9,42.19 4 1
github.com/diogo/dotkeeper/internal/pathutil/scanner.go:42.19,45.5 2 1
github.com/diogo/dotkeeper/internal/pathutil/scanner.go:47.3,47.52 1 2
github.com/diogo/dotkeeper/internal/pathutil/scanner.go:50.2,50.28 1 1
github.com/diogo/dotkeeper/internal/pathutil/scanner.go:50.28,54.17 4 3
github.com/diogo/dotkeeper/internal/pathutil/scanner.go:54.17,57.4 2 1
github.com/diogo/dotkeeper/internal/pathutil/scanner.go:57.9,57.27 1 2
github.com/diogo/dotkeeper/internal/pathutil/scanner.go:57.27,64.4 5 0
github.com/diogo/dotkeeper/internal/pathutil/scanner.go:64.9,67.85 3 2
github.com/diogo/dotkeeper/internal/pathutil/scanner.go:67.85,68.19 1 5
github.com/diogo/dotkeeper/internal/pathutil/scanner.go:68.19,71.6 2 0
github.com/diogo/dotkeeper/internal/pathutil/scanner.go:72.5,72.19 1 5
github.com/diogo/dotkeeper/internal/pathutil/scanner.go:72.19,75.34 3 3
github.com/diogo/dotkeeper/internal/pathutil/scanner.go:75.34,76.63 1 3
github.com/diogo/dotkeeper/internal/pathutil/scanner.go:76.63,78.13 2 1
github.com/diogo/dotkeeper/internal/pathutil/scanner.go:81.6,81.19 1 3
github.com/diogo/dotkeeper/internal/pathutil/scanner.go:81.19,82.44 1 2
github.com/diogo/dotkeeper/internal/pathutil/scanner.go:82.44,87.8 4 2
github.com/diogo/dotkeeper/internal/pathutil/scanner.go:87.13,89.8 1 0
github.com/diogo/dotkeeper/internal/pathutil/scanner.go:92.5,92.15 1 5
github.com/diogo/dotkeeper/internal/pathutil/scanner.go:94.4,94.22 1 2
github.com/diogo/dotkeeper/internal/pathutil/scanner.go:94.22,96.5 1 0
github.com/diogo/dotkeeper/internal/pathutil/scanner.go:98.3,98.52 1 3
github.com/diogo/dotkeeper/internal/pathutil/scanner.go:101.2,101.15 1 1
github.com/diogo/dotkeeper/internal/pathutil/scanner.go:105.37,111.9 2 7
github.com/diogo/dotkeeper/internal/pathutil/scanner.go:112.19,113.60 1 1
github.com/diogo/dotkeeper/internal/pathutil/scanner.go:114.19,115.60 1 1
github.com/diogo/dotkeeper/internal/pathutil/scanner.go:116.19,117.60 1 2
github.com/diogo/dotkeeper/internal/pathutil/scanner.go:118.10,119.36 1 3
github.com/diogo/dotkeeper/internal/pathutil/scanner.go:124.38,127.16 3 3
github.com/diogo/dotkeeper/internal/pathutil/scanner.go:127.16,129.3 1 1
github.com/diogo/dotkeeper/internal/pathutil/scanner.go:130.2,130.18 1 2
github.com/diogo/dotkeeper/internal/pathutil/scanner.go:130.18,133.79 3 1
github.com/diogo/dotkeeper/internal/pathutil/scanner.go:133.79,134.30 1 3
github.com/diogo/dotkeeper/internal/pathutil/scanner.go:134.30,135.42 1 2
github.com/diogo/dotkeeper/internal/pathutil/scanner.go:135.42,138.6 2 2
github.com/diogo/dotkeeper/internal/pathutil/scanner.go:140.4,140.14 1 3
github.com/diogo/dotkeeper/internal/pathutil/scanner.go:142.3,142.62 1 1
github.com/diogo/dotkeeper/internal/pathutil/scanner.go:144.2,144.32 1 1
github.com/diogo/dotkeeper/internal/git/operations.go:13.49,15.16 2 6
github.com/diogo/dotkeeper/internal/git/operations.go:15.16,17.3 1 0
github.com/diogo/dotkeeper/internal/git/operations.go:19.2,19.29 1 6
github.com/diogo/dotkeeper/internal/git/operations.go:19.29,20.40 1 7
github.com/diogo/dotkeeper/internal/git/operations.go:20.40,22.4 1 1
github.com/diogo/dotkeeper/internal/git/operations.go:25.2,25.12 1 5
github.com/diogo/dotkeeper/internal/git/operations.go:29.37,31.16 2 1
github.com/diogo/dotkeeper/internal/git/operations.go:31.16,33.3 1 0
github.com/diogo/dotkeeper/internal/git/operations.go:35.2,36.16 2 1
github.com/diogo/dotkeeper/internal/git/operations.go:36.16,38.3 1 0
github.com/diogo/dotkeeper/internal/git/operations.go:40.2,40.12 1 1
github.com/diogo/dotkeeper/internal/git/operations.go:44.51,46.16 2 6
github.com/diogo/dotkeeper/internal/git/operations.go:46.16,48.3 1 0
github.com/diogo/dotkeeper/internal/git/operations.go:50.2,58.16 2 6
github.com/diogo/dotkeeper/internal/git/operations.go:58.16,60.3 1 0
github.com/diogo/dotkeeper/internal/git/operations.go:62.2,62.12 1 6
github.com/diogo/dotkeeper/internal/git/operations.go:66.35,68.16 2 1
github.com/diogo/dotkeeper/internal/git/operations.go:68.16,70.3 1 1
github.com/diogo/dotkeeper/internal/git/operations.go:71.2,71.12 1 0
github.com/diogo/dotkeeper/internal/git/operations.go:75.56,80.16 2 3
github.com/diogo/dotkeeper/internal/git/operations.go:80.16,82.3 1 1
github.com/diogo/dotkeeper/internal/git/operations.go:83.2,83.12 1 2
github.com/diogo/dotkeeper/internal/git/repo.go:18.45,19.48 1 12
github.com/diogo/dotkeeper/internal/git/repo.go:19.48,21.3 1 0
github.com/diogo/dotkeeper/internal/git/repo.go:23.2,24.16 2 12
github.com/diogo/dotkeeper/internal/git/repo.go:24.16,26.3 1 0
github.com/diogo/dotkeeper/internal/git/repo.go:28.2,28.49 1 12
github.com/diogo/dotkeeper/internal/git/repo.go:32.45,34.16 2 3
github.com/diogo/dotkeeper/internal/git/repo.go:34.16,36.3 1 1
github.com/diogo/dotkeeper/internal/git/repo.go:38.2,38.49 1 2
github.com/diogo/dotkeeper/internal/git/repo.go:42.51,43.72 1 2
github.com/diogo/dotkeeper/internal/git/repo.go:43.72,45.3 1 1
github.com/diogo/dotkeeper/internal/git/repo.go:46.2,46.19 1 1
github.com/diogo/dotkeeper/internal/git/repo.go:50.36,52.2 1 4
github.com/diogo/dotkeeper/internal/git/status.go:19.51,21.16 2 10
github.com/diogo/dotkeeper/internal/git/status.go:21.16,23.3 1 0
github.com/diogo/dotkeeper/internal/git/status.go:25.2,26.16 2 10
github.com/diogo/dotkeeper/internal/git/status.go:26.16,28.3 1 0
github.com/diogo/dotkeeper/internal/git/status.go:30.2,34.33 2 10
github.com/diogo/dotkeeper/internal/git/status.go:34.33,36.34 1 3
github.com/diogo/dotkeeper/internal/git/status.go:36.34,38.12 2 2
github.com/diogo/dotkeeper/internal/git/status.go:42.3,42.20 1 1
github.com/diogo/dotkeeper/internal/git/status.go:43.21,44.51 1 0
github.com/diogo/dotkeeper/internal/git/status.go:45.18,46.45 1 0
github.com/diogo/dotkeeper/internal/git/status.go:47.20,48.49 1 0
github.com/diogo/dotkeeper/internal/git/status.go:52.2,52.20 1 10
github.com/diogo/dotkeeper/internal/git/status.go:56.49,58.16 2 3
github.com/diogo/dotkeeper/internal/git/status.go:58.16,60.3 1 0
github.com/diogo/dotkeeper/internal/git/status.go:61.2,61.29 1 3
github.com/diogo/dotkeeper/internal/keyring/keyring.go:22.35,24.16 2 1
github.com/diogo/dotkeeper/internal/keyring/keyring.go:24.16,26.3 1 0
github.com/diogo/dotkeeper/internal/keyring/keyring.go:27.2,27.12 1 1
github.com/diogo/dotkeeper/internal/keyring/keyring.go:31.33,33.16 2 3
github.com/diogo/dotkeeper/internal/keyring/keyring.go:33.16,34.33 1 2
github.com/diogo/dotkeeper/internal/keyring/keyring.go:34.33,36.4 1 2
github.com/diogo/dotkeeper/internal/keyring/keyring.go:37.3,37.62 1 0
github.com/diogo/dotkeeper/internal/keyring/keyring.go:39.2,39.22 1 1
github.com/diogo/dotkeeper/internal/keyring/keyring.go:43.21,45.16 2 7
github.com/diogo/dotkeeper/internal/keyring/keyring.go:45.16,46.33 1 6
github.com/diogo/dotkeeper/internal/keyring/keyring.go:46.33,48.4 1 6
github.com/diogo/dotkeeper/internal/keyring/keyring.go:49.3,49.58 1 0
github.com/diogo/dotkeeper/internal/keyring/keyring.go:51.2,51.12 1 1
github.com/diogo/dotkeeper/internal/keyring/keyring.go:55.25,59.16 3 3
github.com/diogo/dotkeeper/internal/keyring/keyring.go:59.16,61.3 1 0
github.com/diogo/dotkeeper/internal/keyring/keyring.go:64.2,65.13 2 3
github.com/diogo/dotkeeper/internal/notify/notify.go:11.40,13.34 2 33
github.com/diogo/dotkeeper/internal/notify/notify.go:13.34,15.41 1 1
github.com/diogo/dotkeeper/internal/notify/notify.go:15.41,18.4 1 0
github.com/diogo/dotkeeper/internal/notify/notify.go:20.3,20.13 1 1
github.com/diogo/dotkeeper/internal/notify/notify.go:22.2,22.12 1 32
github.com/diogo/dotkeeper/internal/notify/notify.go:26.67,30.2 3 5
github.com/diogo/dotkeeper/internal/notify/notify.go:33.33,37.2 3 5
github.com/diogo/dotkeeper/internal/tui/context.go:13.82,20.2 1 73
github.com/diogo/dotkeeper/internal/tui/help.go:14.63,19.2 1 80
github.com/diogo/dotkeeper/internal/tui/help.go:22.72,24.32 2 28
github.com/diogo/dotkeeper/internal/tui/help.go:24.32,26.3 1 80
github.com/diogo/dotkeeper/internal/tui/help.go:27.2,27.17 1 28
github.com/diogo/dotkeeper/internal/tui/help.go:38.47,40.2 1 14
github.com/diogo/dotkeeper/internal/tui/help.go:43.48,45.2 1 0
github.com/diogo/dotkeeper/internal/tui/help.go:48.77,53.2 1 14
github.com/diogo/dotkeeper/internal/tui/help.go:56.37,64.2 1 14
github.com/diogo/dotkeeper/internal/tui/help.go:68.126,79.31 8 2
github.com/diogo/dotkeeper/internal/tui/help.go:79.31,81.3 1 0
github.com/diogo/dotkeeper/internal/tui/help.go:83.2,84.19 2 2
github.com/diogo/dotkeeper/internal/tui/help.go:84.19,86.3 1 2
github.com/diogo/dotkeeper/internal/tui/help.go:87.2,88.19 2 2
github.com/diogo/dotkeeper/internal/tui/help.go:88.19,90.3 1 2
github.com/diogo/dotkeeper/internal/tui/help.go:92.2,98.51 3 2
github.com/diogo/dotkeeper/internal/tui/help.go:103.82,106.2 2 12
github.com/diogo/dotkeeper/internal/tui/keys.go:14.32,33.2 1 69
github.com/diogo/dotkeeper/internal/tui/keys.go:37.46,39.2 1 0
github.com/diogo/dotkeeper/internal/tui/keys.go:43.47,48.2 1 0
github.com/diogo/dotkeeper/internal/tui/model.go:64.23,66.16 2 46
github.com/diogo/dotkeeper/internal/tui/model.go:66.16,78.3 2 5
github.com/diogo/dotkeeper/internal/tui/model.go:80.2,81.16 2 41
github.com/diogo/dotkeeper/internal/tui/model.go:81.16,84.3 2 1
github.com/diogo/dotkeeper/internal/tui/model.go:86.2,102.3 2 41
github.com/diogo/dotkeeper/internal/tui/model.go:107.70,108.16 1 22
github.com/diogo/dotkeeper/internal/tui/model.go:108.16,120.3 2 1
github.com/diogo/dotkeeper/internal/tui/model.go:122.2,138.3 2 21
github.com/diogo/dotkeeper/internal/tui/model.go:141.31,142.17 1 2
github.com/diogo/dotkeeper/internal/tui/model.go:142.17,144.3 1 1
github.com/diogo/dotkeeper/internal/tui/model.go:146.2,152.3 1 1
github.com/diogo/dotkeeper/internal/tui/model.go:155.43,156.18 1 1
github.com/diogo/dotkeeper/internal/tui/model.go:156.18,158.3 1 1
github.com/diogo/dotkeeper/internal/tui/model.go:159.2,159.14 1 0
github.com/diogo/dotkeeper/internal/tui/model.go:164.37,165.29 1 31
github.com/diogo/dotkeeper/internal/tui/model.go:165.29,166.19 1 90
github.com/diogo/dotkeeper/internal/tui/model.go:166.19,168.4 1 30
github.com/diogo/dotkeeper/internal/tui/model.go:170.2,170.10 1 1
github.com/diogo/dotkeeper/internal/tui/model.go:175.37,176.17 1 36
github.com/diogo/dotkeeper/internal/tui/model.go:177.20,178.32 1 6
github.com/diogo/dotkeeper/internal/tui/model.go:179.22,180.35 1 5
github.com/diogo/dotkeeper/internal/tui/model.go:181.19,182.35 1 4
github.com/diogo/dotkeeper/internal/tui/model.go:184.2,184.14 1 21
github.com/diogo/dotkeeper/internal/tui/model.go:191.45,198.32 3 0
github.com/diogo/dotkeeper/internal/tui/model.go:198.32,202.35 2 0
github.com/diogo/dotkeeper/internal/tui/model.go:202.35,204.4 1 0
github.com/diogo/dotkeeper/internal/tui/model.go:207.3,207.22 1 0
github.com/diogo/dotkeeper/internal/tui/model.go:210.2,210.11 1 0
github.com/diogo/dotkeeper/internal/tui/update.go:12.68,14.19 2 12
github.com/diogo/dotkeeper/internal/tui/update.go:14.19,16.3 1 1
github.com/diogo/dotkeeper/internal/tui/update.go:17.2,18.20 2 12
github.com/diogo/dotkeeper/internal/tui/update.go:18.20,20.3 1 2
github.com/diogo/dotkeeper/internal/tui/update.go:21.2,32.44 6 12
github.com/diogo/dotkeeper/internal/tui/update.go:32.44,34.3 1 12
github.com/diogo/dotkeeper/internal/tui/update.go:35.2,38.45 3 12
github.com/diogo/dotkeeper/internal/tui/update.go:38.45,40.3 1 12
github.com/diogo/dotkeeper/internal/tui/update.go:41.2,44.42 3 12
github.com/diogo/dotkeeper/internal/tui/update.go:44.42,46.3 1 12
github.com/diogo/dotkeeper/internal/tui/update.go:47.2,50.43 3 12
github.com/diogo/dotkeeper/internal/tui/update.go:50.43,52.3 1 12
github.com/diogo/dotkeeper/internal/tui/update.go:53.2,56.39 3 12
github.com/diogo/dotkeeper/internal/tui/update.go:56.39,58.3 1 12
github.com/diogo/dotkeeper/internal/tui/update.go:59.2,61.27 2 12
github.com/diogo/dotkeeper/internal/tui/update.go:65.61,66.15 1 29
github.com/diogo/dotkeeper/internal/tui/update.go:67.21,68.31 1 5
github.com/diogo/dotkeeper/internal/tui/update.go:69.22,70.32 1 6
github.com/diogo/dotkeeper/internal/tui/update.go:71.19,72.29 1 6
github.com/diogo/dotkeeper/internal/tui/update.go:73.16,74.30 1 5
github.com/diogo/dotkeeper/internal/tui/update.go:75.10,76.13 1 7
github.com/diogo/dotkeeper/internal/tui/update.go:80.57,87.17 5 58
github.com/diogo/dotkeeper/internal/tui/update.go:87.17,88.47 1 4
github.com/diogo/dotkeeper/internal/tui/update.go:88.47,91.4 2 2
github.com/diogo/dotkeeper/internal/tui/update.go:92.3,92.28 1 4
github.com/diogo/dotkeeper/internal/tui/update.go:93.31,106.35 13 2
github.com/diogo/dotkeeper/internal/tui/update.go:106.35,108.5 1 1
github.com/diogo/dotkeeper/internal/tui/update.go:109.4,109.17 1 1
github.com/diogo/dotkeeper/internal/tui/update.go:110.11,113.46 3 2
github.com/diogo/dotkeeper/internal/tui/update.go:113.46,115.5 1 2
github.com/diogo/dotkeeper/internal/tui/update.go:116.4,116.17 1 2
github.com/diogo/dotkeeper/internal/tui/update.go:120.2,120.27 1 54
github.com/diogo/dotkeeper/internal/tui/update.go:121.25,124.39 3 6
github.com/diogo/dotkeeper/internal/tui/update.go:126.34,128.16 2 0
github.com/diogo/dotkeeper/internal/tui/update.go:130.34,132.27 2 2
github.com/diogo/dotkeeper/internal/tui/update.go:134.34,135.21 1 6
github.com/diogo/dotkeeper/internal/tui/update.go:136.18,138.47 2 2
github.com/diogo/dotkeeper/internal/tui/update.go:139.18,141.44 2 2
github.com/diogo/dotkeeper/internal/tui/update.go:142.19,143.26 1 2
github.com/diogo/dotkeeper/internal/tui/update.go:145.3,145.31 1 6
github.com/diogo/dotkeeper/internal/tui/update.go:147.20,149.94 1 0
github.com/diogo/dotkeeper/internal/tui/update.go:149.94,151.45 2 0
github.com/diogo/dotkeeper/internal/tui/update.go:151.45,154.29 3 0
github.com/diogo/dotkeeper/internal/tui/update.go:154.29,155.58 1 0
github.com/diogo/dotkeeper/internal/tui/update.go:155.58,157.7 1 0
github.com/diogo/dotkeeper/internal/tui/update.go:159.5,159.33 1 0
github.com/diogo/dotkeeper/internal/tui/update.go:163.18,164.20 1 40
github.com/diogo/dotkeeper/internal/tui/update.go:164.20,167.4 2 3
github.com/diogo/dotkeeper/internal/tui/update.go:169.3,169.36 1 37
github.com/diogo/dotkeeper/internal/tui/update.go:169.36,172.4 2 2
github.com/diogo/dotkeeper/internal/tui/update.go:174.3,174.36 1 35
github.com/diogo/dotkeeper/internal/tui/update.go:174.36,177.4 2 4
github.com/diogo/dotkeeper/internal/tui/update.go:179.3,179.35 1 31
github.com/diogo/dotkeeper/internal/tui/update.go:179.35,180.26 1 8
github.com/diogo/dotkeeper/internal/tui/update.go:180.26,185.29 5 7
github.com/diogo/dotkeeper/internal/tui/update.go:185.29,186.58 1 7
github.com/diogo/dotkeeper/internal/tui/update.go:186.58,188.7 1 5
github.com/diogo/dotkeeper/internal/tui/update.go:191.4,191.32 1 8
github.com/diogo/dotkeeper/internal/tui/update.go:194.3,194.40 1 23
github.com/diogo/dotkeeper/internal/tui/update.go:194.40,195.26 1 6
github.com/diogo/dotkeeper/internal/tui/update.go:195.26,200.29 5 6
github.com/diogo/dotkeeper/internal/tui/update.go:200.29,201.58 1 6
github.com/diogo/dotkeeper/internal/tui/update.go:201.58,203.7 1 3
github.com/diogo/dotkeeper/internal/tui/update.go:206.4,206.32 1 6
github.com/diogo/dotkeeper/internal/tui/update.go:210.3,210.25 1 17
github.com/diogo/dotkeeper/internal/tui/update.go:210.25,212.24 2 17
github.com/diogo/dotkeeper/internal/tui/update.go:213.13,214.18 1 2
github.com/diogo/dotkeeper/internal/tui/update.go:215.13,216.18 1 2
github.com/diogo/dotkeeper/internal/tui/update.go:217.13,218.18 1 2
github.com/diogo/dotkeeper/internal/tui/update.go:219.13,220.18 1 2
github.com/diogo/dotkeeper/internal/tui/update.go:221.13,222.18 1 2
github.com/diogo/dotkeeper/internal/tui/update.go:224.4,224.51 1 17
github.com/diogo/dotkeeper/internal/tui/update.go:224.51,226.57 2 10
github.com/diogo/dotkeeper/internal/tui/update.go:226.57,228.6 1 7
github.com/diogo/dotkeeper/internal/tui/update.go:229.5,229.33 1 10
github.com/diogo/dotkeeper/internal/tui/update.go:233.3,233.31 1 7
github.com/diogo/dotkeeper/internal/tui/update.go:233.31,234.24 1 6
github.com/diogo/dotkeeper/internal/tui/update.go:235.13,238.33 3 2
github.com/diogo/dotkeeper/internal/tui/update.go:239.13,241.34 2 2
github.com/diogo/dotkeeper/internal/tui/update.go:242.13,244.18 2 2
github.com/diogo/dotkeeper/internal/tui/update.go:249.2,249.17 1 3
github.com/diogo/dotkeeper/internal/tui/update.go:250.21,253.48 3 2
github.com/diogo/dotkeeper/internal/tui/update.go:253.48,255.4 1 2
github.com/diogo/dotkeeper/internal/tui/update.go:256.3,256.27 1 2
github.com/diogo/dotkeeper/internal/tui/update.go:257.22,260.49 3 0
github.com/diogo/dotkeeper/internal/tui/update.go:260.49,262.4 1 0
github.com/diogo/dotkeeper/internal/tui/update.go:263.3,263.27 1 0
github.com/diogo/dotkeeper/internal/tui/update.go:264.19,267.46 3 0
github.com/diogo/dotkeeper/internal/tui/update.go:267.46,269.4 1 0
github.com/diogo/dotkeeper/internal/tui/update.go:270.3,270.27 1 0
github.com/diogo/dotkeeper/internal/tui/update.go:271.20,274.47 3 1
github.com/diogo/dotkeeper/internal/tui/update.go:274.47,276.4 1 1
github.com/diogo/dotkeeper/internal/tui/update.go:277.3,277.27 1 1
github.com/diogo/dotkeeper/internal/tui/update.go:278.16,281.43 3 0
github.com/diogo/dotkeeper/internal/tui/update.go:281.43,283.4 1 0
github.com/diogo/dotkeeper/internal/tui/update.go:284.3,284.27 1 0
github.com/diogo/dotkeeper/internal/tui/update.go:287.2,287.30 1 3
github.com/diogo/dotkeeper/internal/tui/view.go:13.30,14.17 1 19
github.com/diogo/dotkeeper/internal/tui/view.go:14.17,16.3 1 1
github.com/diogo/dotkeeper/internal/tui/view.go:18.2,18.16 1 18
github.com/diogo/dotkeeper/internal/tui/view.go:18.16,20.3 1 1
github.com/diogo/dotkeeper/internal/tui/view.go:22.2,23.78 1 17
github.com/diogo/dotkeeper/internal/tui/view.go:23.78,29.3 1 3
github.com/diogo/dotkeeper/internal/tui/view.go:31.2,31.19 1 14
github.com/diogo/dotkeeper/internal/tui/view.go:31.19,34.3 2 2
github.com/diogo/dotkeeper/internal/tui/view.go:36.2,47.17 8 12
github.com/diogo/dotkeeper/internal/tui/view.go:48.21,49.58 1 4
github.com/diogo/dotkeeper/internal/tui/view.go:50.22,51.59 1 2
github.com/diogo/dotkeeper/internal/tui/view.go:52.19,53.56 1 2
github.com/diogo/dotkeeper/internal/tui/view.go:54.20,55.57 1 2
github.com/diogo/dotkeeper/internal/tui/view.go:56.16,57.53 1 2
github.com/diogo/dotkeeper/internal/tui/view.go:58.10,60.58 1 0
github.com/diogo/dotkeeper/internal/tui/view.go:63.2,66.50 2 12
github.com/diogo/dotkeeper/internal/tui/view.go:66.50,69.3 2 0
github.com/diogo/dotkeeper/internal/tui/view.go:72.2,73.20 2 12
github.com/diogo/dotkeeper/internal/tui/view.go:73.20,76.3 2 12
github.com/diogo/dotkeeper/internal/tui/view.go:79.2,83.19 4 12
github.com/diogo/dotkeeper/internal/tui/view.go:87.45,91.17 2 18
github.com/diogo/dotkeeper/internal/tui/view.go:92.21,93.21 1 5
github.com/diogo/dotkeeper/internal/tui/view.go:94.22,95.22 1 3
github.com/diogo/dotkeeper/internal/tui/view.go:96.19,97.19 1 3
github.com/diogo/dotkeeper/internal/tui/view.go:98.20,99.20 1 3
github.com/diogo/dotkeeper/internal/tui/view.go:100.16,101.16 1 3
github.com/diogo/dotkeeper/internal/tui/view.go:102.10,103.12 1 1
github.com/diogo/dotkeeper/internal/tui/view.go:105.2,105.30 1 17
github.com/diogo/dotkeeper/internal/tui/view.go:109.52,110.17 1 8
github.com/diogo/dotkeeper/internal/tui/view.go:111.21,112.36 1 3
github.com/diogo/dotkeeper/internal/tui/view.go:113.22,114.37 1 1
github.com/diogo/dotkeeper/internal/tui/view.go:115.19,116.34 1 1
github.com/diogo/dotkeeper/internal/tui/view.go:117.20,118.35 1 1
github.com/diogo/dotkeeper/internal/tui/view.go:119.16,120.31 1 1
github.com/diogo/dotkeeper/internal/tui/view.go:122.2,122.12 1 1
github.com/diogo/dotkeeper/internal/restore/conflict.go:24.50,26.49 1 3
github.com/diogo/dotkeeper/internal/restore/conflict.go:26.49,28.3 1 1
github.com/diogo/dotkeeper/internal/restore/conflict.go:31.2,40.52 6 2
github.com/diogo/dotkeeper/internal/restore/conflict.go:40.52,42.3 1 0
github.com/diogo/dotkeeper/internal/restore/conflict.go:44.2,44.24 1 2
github.com/diogo/dotkeeper/internal/restore/conflict.go:48.43,49.49 1 4
github.com/diogo/dotkeeper/internal/restore/conflict.go:49.49,51.3 1 3
github.com/diogo/dotkeeper/internal/restore/conflict.go:54.2,54.28 1 1
github.com/diogo/dotkeeper/internal/restore/conflict.go:54.28,56.53 2 1
github.com/diogo/dotkeeper/internal/restore/conflict.go:56.53,58.4 1 1
github.com/diogo/dotkeeper/internal/restore/conflict.go:62.2,62.58 1 0
github.com/diogo/dotkeeper/internal/restore/conflict.go:66.71,69.24 2 10
github.com/diogo/dotkeeper/internal/restore/conflict.go:69.24,71.3 1 6
github.com/diogo/dotkeeper/internal/restore/conflict.go:73.2,73.16 1 4
github.com/diogo/dotkeeper/internal/restore/conflict.go:73.16,75.3 1 2
github.com/diogo/dotkeeper/internal/restore/conflict.go:77.2,77.21 1 2
github.com/diogo/dotkeeper/internal/restore/conflict.go:81.36,84.2 2 4
github.com/diogo/dotkeeper/internal/restore/conflict.go:87.48,93.16 5 1
github.com/diogo/dotkeeper/internal/restore/conflict.go:93.16,95.3 1 0
github.com/diogo/dotkeeper/internal/restore/conflict.go:97.2,97.32 1 1
github.com/diogo/dotkeeper/internal/restore/conflict.go:97.32,98.42 1 3
github.com/diogo/dotkeeper/internal/restore/conflict.go:98.42,100.4 1 0
github.com/diogo/dotkeeper/internal/restore/conflict.go:103.2,103.12 1 1
github.com/diogo/dotkeeper/internal/restore/conflict.go:107.63,109.49 1 1
github.com/diogo/dotkeeper/internal/restore/conflict.go:109.49,110.49 1 1
github.com/diogo/dotkeeper/internal/restore/conflict.go:110.49,112.4 1 0
github.com/diogo/dotkeeper/internal/restore/conflict.go:116.2,116.60 1 1
github.com/diogo/dotkeeper/internal/restore/conflict.go:116.60,118.3 1 0
github.com/diogo/dotkeeper/internal/restore/conflict.go:120.2,120.12 1 1
github.com/diogo/dotkeeper/internal/restore/conflict.go:124.57,130.16 5 1
github.com/diogo/dotkeeper/internal/restore/conflict.go:130.16,132.3 1 0
github.com/diogo/dotkeeper/internal/restore/conflict.go:134.2,134.21 1 1
github.com/diogo/dotkeeper/internal/restore/diff.go:12.82,20.24 3 5
github.com/diogo/dotkeeper/internal/restore/diff.go:20.24,25.3 3 1
github.com/diogo/dotkeeper/internal/restore/diff.go:26.2,26.16 1 4
github.com/diogo/dotkeeper/internal/restore/diff.go:26.16,28.3 1 0
github.com/diogo/dotkeeper/internal/restore/diff.go:31.2,31.48 1 4
github.com/diogo/dotkeeper/internal/restore/diff.go:31.48,35.3 3 1
github.com/diogo/dotkeeper/internal/restore/diff.go:37.2,43.20 3 3
github.com/diogo/dotkeeper/internal/restore/diff.go:47.81,49.16 2 1
github.com/diogo/dotkeeper/internal/restore/diff.go:49.16,51.3 1 0
github.com/diogo/dotkeeper/internal/restore/diff.go:53.2,53.49 1 1
github.com/diogo/dotkeeper/internal/restore/diff.go:57.60,63.20 5 1
github.com/diogo/dotkeeper/internal/restore/diff.go:63.20,65.30 2 1
github.com/diogo/dotkeeper/internal/restore/diff.go:65.30,67.4 1 2
github.com/diogo/dotkeeper/internal/restore/diff.go:70.2,70.21 1 1
github.com/diogo/dotkeeper/internal/restore/diff.go:74.66,84.29 7 3
github.com/diogo/dotkeeper/internal/restore/diff.go:84.29,86.3 1 3
github.com/diogo/dotkeeper/internal/restore/diff.go:88.2,88.21 1 3
github.com/diogo/dotkeeper/internal/restore/diff.go:92.43,108.31 10 3
github.com/diogo/dotkeeper/internal/restore/diff.go:108.31,110.98 1 11
github.com/diogo/dotkeeper/internal/restore/diff.go:110.98,111.14 1 5
github.com/diogo/dotkeeper/internal/restore/diff.go:111.14,116.5 3 4
github.com/diogo/dotkeeper/internal/restore/diff.go:117.4,120.12 4 5
github.com/diogo/dotkeeper/internal/restore/diff.go:124.3,124.14 1 6
github.com/diogo/dotkeeper/internal/restore/diff.go:124.14,134.31 8 3
github.com/diogo/dotkeeper/internal/restore/diff.go:134.31,138.5 3 1
github.com/diogo/dotkeeper/internal/restore/diff.go:139.4,139.17 1 3
github.com/diogo/dotkeeper/internal/restore/diff.go:139.17,142.5 2 1
github.com/diogo/dotkeeper/internal/restore/diff.go:146.3,146.80 1 6
github.com/diogo/dotkeeper/internal/restore/diff.go:146.80,147.34 1 3
github.com/diogo/dotkeeper/internal/restore/diff.go:147.34,154.5 5 0
github.com/diogo/dotkeeper/internal/restore/diff.go:154.10,154.56 1 3
github.com/diogo/dotkeeper/internal/restore/diff.go:154.56,158.5 3 3
github.com/diogo/dotkeeper/internal/restore/diff.go:159.4,159.12 1 3
github.com/diogo/dotkeeper/internal/restore/diff.go:163.3,163.80 1 3
github.com/diogo/dotkeeper/internal/restore/diff.go:163.80,167.12 4 3
github.com/diogo/dotkeeper/internal/restore/diff.go:172.2,172.37 1 3
github.com/diogo/dotkeeper/internal/restore/diff.go:172.37,175.3 2 3
github.com/diogo/dotkeeper/internal/restore/diff.go:177.2,177.14 1 3
github.com/diogo/dotkeeper/internal/restore/diff.go:181.41,183.22 2 6
github.com/diogo/dotkeeper/internal/restore/diff.go:183.22,185.3 1 2
github.com/diogo/dotkeeper/internal/restore/diff.go:188.2,189.20 2 4
github.com/diogo/dotkeeper/internal/restore/diff.go:189.20,191.3 1 17
github.com/diogo/dotkeeper/internal/restore/diff.go:194.2,194.26 1 4
github.com/diogo/dotkeeper/internal/restore/diff.go:194.26,195.27 1 13
github.com/diogo/dotkeeper/internal/restore/diff.go:195.27,196.24 1 39
github.com/diogo/dotkeeper/internal/restore/diff.go:196.24,198.5 1 8
github.com/diogo/dotkeeper/internal/restore/diff.go:198.10,200.5 1 31
github.com/diogo/dotkeeper/internal/restore/diff.go:205.2,207.21 3 4
github.com/diogo/dotkeeper/internal/restore/diff.go:207.21,208.23 1 14
github.com/diogo/dotkeeper/internal/restore/diff.go:208.23,213.4 4 8
github.com/diogo/dotkeeper/internal/restore/diff.go:213.9,213.37 1 6
github.com/diogo/dotkeeper/internal/restore/diff.go:213.37,215.4 1 3
github.com/diogo/dotkeeper/internal/restore/diff.go:215.9,217.4 1 3
github.com/diogo/dotkeeper/internal/restore/diff.go:220.2,220.12 1 4
github.com/diogo/dotkeeper/internal/restore/diff.go:224.40,226.53 1 3
github.com/diogo/dotkeeper/internal/restore/diff.go:226.53,227.13 1 32
github.com/diogo/dotkeeper/internal/restore/diff.go:227.13,229.4 1 1
github.com/diogo/dotkeeper/internal/restore/diff.go:231.2,231.14 1 2
github.com/diogo/dotkeeper/internal/restore/diff.go:235.56,237.29 2 1
github.com/diogo/dotkeeper/internal/restore/diff.go:237.29,238.70 1 8
github.com/diogo/dotkeeper/internal/restore/diff.go:238.70,240.4 1 2
github.com/diogo/dotkeeper/internal/restore/diff.go:240.9,240.77 1 6
github.com/diogo/dotkeeper/internal/restore/diff.go:240.77,242.4 1 1
github.com/diogo/dotkeeper/internal/restore/diff.go:244.2,244.8 1 1
github.com/diogo/dotkeeper/internal/restore/restore.go:18.88,28.16 3 9
github.com/diogo/dotkeeper/internal/restore/restore.go:28.16,30.3 1 2
github.com/diogo/dotkeeper/internal/restore/restore.go:32.2,35.33 2 7
github.com/diogo/dotkeeper/internal/restore/restore.go:35.33,37.3 1 1
github.com/diogo/dotkeeper/internal/restore/restore.go:40.2,40.32 1 7
github.com/diogo/dotkeeper/internal/restore/restore.go:40.32,42.27 2 9
github.com/diogo/dotkeeper/internal/restore/restore.go:42.27,44.4 1 9
github.com/diogo/dotkeeper/internal/restore/restore.go:47.3,47.20 1 9
github.com/diogo/dotkeeper/internal/restore/restore.go:47.20,49.18 2 1
github.com/diogo/dotkeeper/internal/restore/restore.go:49.18,51.37 1 0
github.com/diogo/dotkeeper/internal/restore/restore.go:51.37,53.6 1 0
github.com/diogo/dotkeeper/internal/restore/restore.go:54.10,54.39 1 1
github.com/diogo/dotkeeper/internal/restore/restore.go:54.39,56.31 2 1
github.com/diogo/dotkeeper/internal/restore/restore.go:56.31,58.6 1 1
github.com/diogo/dotkeeper/internal/restore/restore.go:63.3,63.18 1 9
github.com/diogo/dotkeeper/internal/restore/restore.go:63.18,64.31 1 2
github.com/diogo/dotkeeper/internal/restore/restore.go:64.31,66.37 2 1
github.com/diogo/dotkeeper/internal/restore/restore.go:66.37,68.6 1 0
github.com/diogo/dotkeeper/internal/restore/restore.go:70.4,72.12 3 2
github.com/diogo/dotkeeper/internal/restore/restore.go:76.3,79.17 3 7
github.com/diogo/dotkeeper/internal/restore/restore.go:80.19,83.36 3 0
github.com/diogo/dotkeeper/internal/restore/restore.go:83.36,85.5 1 0
github.com/diogo/dotkeeper/internal/restore/restore.go:86.4,86.12 1 0
github.com/diogo/dotkeeper/internal/restore/restore.go:88.21,90.18 2 1
github.com/diogo/dotkeeper/internal/restore/restore.go:90.18,92.5 1 0
github.com/diogo/dotkeeper/internal/restore/restore.go:93.4,93.27 1 1
github.com/diogo/dotkeeper/internal/restore/restore.go:93.27,96.37 3 1
github.com/diogo/dotkeeper/internal/restore/restore.go:96.37,98.6 1 0
github.com/diogo/dotkeeper/internal/restore/restore.go:101.24,101.24 0 6
github.com/diogo/dotkeeper/internal/restore/restore.go:105.3,105.29 1 7
github.com/diogo/dotkeeper/internal/restore/restore.go:105.29,106.71 1 0
github.com/diogo/dotkeeper/internal/restore/restore.go:106.71,108.5 1 0
github.com/diogo/dotkeeper/internal/restore/restore.go:109.9,109.89 1 7
github.com/diogo/dotkeeper/internal/restore/restore.go:109.89,111.4 1 0
github.com/diogo/dotkeeper/internal/restore/restore.go:113.3,115.35 3 7
github.com/diogo/dotkeeper/internal/restore/restore.go:115.35,117.4 1 1
github.com/diogo/dotkeeper/internal/restore/restore.go:120.2,120.20 1 7
github.com/diogo/dotkeeper/internal/restore/restore.go:124.74,127.16 2 13
github.com/diogo/dotkeeper/internal/restore/restore.go:127.16,129.3 1 1
github.com/diogo/dotkeeper/internal/restore/restore.go:132.2,134.16 3 12
github.com/diogo/dotkeeper/internal/restore/restore.go:134.16,136.3 1 0
github.com/diogo/dotkeeper/internal/restore/restore.go:138.2,139.65 2 12
github.com/diogo/dotkeeper/internal/restore/restore.go:139.65,141.3 1 0
github.com/diogo/dotkeeper/internal/restore/restore.go:144.2,146.16 3 12
github.com/diogo/dotkeeper/internal/restore/restore.go:146.16,148.3 1 2
github.com/diogo/dotkeeper/internal/restore/restore.go:151.2,151.32 1 10
github.com/diogo/dotkeeper/internal/restore/restore.go:155.53,157.16 2 10
github.com/diogo/dotkeeper/internal/restore/restore.go:157.16,159.3 1 0
github.com/diogo/dotkeeper/internal/restore/restore.go:160.2,165.6 4 10
github.com/diogo/dotkeeper/internal/restore/restore.go:165.6,167.20 2 24
github.com/diogo/dotkeeper/internal/restore/restore.go:167.20,168.9 1 10
github.com/diogo/dotkeeper/internal/restore/restore.go:170.3,170.17 1 14
github.com/diogo/dotkeeper/internal/restore/restore.go:170.17,172.4 1 0
github.com/diogo/dotkeeper/internal/restore/restore.go:174.3,174.37 1 14
github.com/diogo/dotkeeper/internal/restore/restore.go:174.37,175.12 1 0
github.com/diogo/dotkeeper/internal/restore/restore.go:178.3,178.41 1 14
github.com/diogo/dotkeeper/internal/restore/restore.go:178.41,185.12 2 0
github.com/diogo/dotkeeper/internal/restore/restore.go:188.3,189.17 2 14
github.com/diogo/dotkeeper/internal/restore/restore.go:189.17,191.4 1 0
github.com/diogo/dotkeeper/internal/restore/restore.go:193.3,198.5 1 14
github.com/diogo/dotkeeper/internal/restore/restore.go:201.2,201.21 1 10
github.com/diogo/dotkeeper/internal/restore/restore.go:204.48,206.47 2 0
github.com/diogo/dotkeeper/internal/restore/restore.go:206.47,208.3 1 0
github.com/diogo/dotkeeper/internal/restore/restore.go:210.2,212.49 2 0
github.com/diogo/dotkeeper/internal/restore/restore.go:212.49,214.3 1 0
github.com/diogo/dotkeeper/internal/restore/restore.go:215.2,215.12 1 0
github.com/diogo/dotkeeper/internal/restore/restore.go:219.71,222.47 2 8
github.com/diogo/dotkeeper/internal/restore/restore.go:222.47,224.3 1 0
github.com/diogo/dotkeeper/internal/restore/restore.go:227.2,228.16 2 8
github.com/diogo/dotkeeper/internal/restore/restore.go:228.16,230.3 1 0
github.com/diogo/dotkeeper/internal/restore/restore.go:231.2,234.15 2 8
github.com/diogo/dotkeeper/internal/restore/restore.go:234.15,235.21 1 8
github.com/diogo/dotkeeper/internal/restore/restore.go:235.21,237.4 1 0
github.com/diogo/dotkeeper/internal/restore/restore.go:241.2,241.51 1 8
github.com/diogo/dotkeeper/internal/restore/restore.go:241.51,244.3 2 0
github.com/diogo/dotkeeper/internal/restore/restore.go:247.2,247.58 1 8
github.com/diogo/dotkeeper/internal/restore/restore.go:247.58,250.3 2 0
github.com/diogo/dotkeeper/internal/restore/restore.go:253.2,253.41 1 8
github.com/diogo/dotkeeper/internal/restore/restore.go:253.41,255.3 1 0
github.com/diogo/dotkeeper/internal/restore/restore.go:258.2,258.50 1 8
github.com/diogo/dotkeeper/internal/restore/restore.go:258.50,260.3 1 0
github.com/diogo/dotkeeper/internal/restore/restore.go:263.2,265.12 2 8
github.com/diogo/dotkeeper/internal/restore/restore.go:269.72,270.24 1 4
github.com/diogo/dotkeeper/internal/restore/restore.go:270.24,272.3 1 1
github.com/diogo/dotkeeper/internal/restore/restore.go:275.2,276.29 2 3
github.com/diogo/dotkeeper/internal/restore/restore.go:276.29,280.3 2 4
github.com/diogo/dotkeeper/internal/restore/restore.go:282.2,283.32 2 3
github.com/diogo/dotkeeper/internal/restore/restore.go:283.32,284.73 1 9
github.com/diogo/dotkeeper/internal/restore/restore.go:284.73,286.12 2 1
github.com/diogo/dotkeeper/internal/restore/restore.go:289.3,289.45 1 8
github.com/diogo/dotkeeper/internal/restore/restore.go:289.45,291.4 1 3
github.com/diogo/dotkeeper/internal/restore/restore.go:294.2,294.17 1 3
github.com/diogo/dotkeeper/internal/restore/restore.go:298.75,300.2 1 2
github.com/diogo/dotkeeper/internal/restore/restore.go:303.95,307.2 3 0
github.com/diogo/dotkeeper/internal/restore/restore.go:310.84,314.2 3 0
github.com/diogo/dotkeeper/internal/restore/restore.go:317.73,319.16 2 0
github.com/diogo/dotkeeper/internal/restore/restore.go:319.16,321.3 1 0
github.com/diogo/dotkeeper/internal/restore/restore.go:323.2,323.32 1 0
github.com/diogo/dotkeeper/internal/restore/restore.go:323.32,324.85 1 0
github.com/diogo/dotkeeper/internal/restore/restore.go:324.85,325.30 1 0
github.com/diogo/dotkeeper/internal/restore/restore.go:325.30,327.5 1 0
github.com/diogo/dotkeeper/internal/restore/restore.go:328.4,329.18 2 0
github.com/diogo/dotkeeper/internal/restore/restore.go:329.18,331.5 1 0
github.com/diogo/dotkeeper/internal/restore/restore.go:332.4,332.27 1 0
github.com/diogo/dotkeeper/internal/restore/restore.go:336.2,336.64 1 0
github.com/diogo/dotkeeper/internal/restore/restore.go:340.56,342.47 1 3
github.com/diogo/dotkeeper/internal/restore/restore.go:342.47,344.3 1 1
github.com/diogo/dotkeeper/internal/restore/restore.go:347.2,348.49 2 2
github.com/diogo/dotkeeper/internal/restore/restore.go:348.49,350.3 1 0
github.com/diogo/dotkeeper/internal/restore/restore.go:353.2,354.16 2 2
github.com/diogo/dotkeeper/internal/restore/restore.go:354.16,355.57 1 1
github.com/diogo/dotkeeper/internal/restore/restore.go:355.57,357.4 1 1
github.com/diogo/dotkeeper/internal/restore/restore.go:358.3,358.13 1 0
github.com/diogo/dotkeeper/internal/restore/restore.go:361.2,361.12 1 1
github.com/diogo/dotkeeper/internal/tui/views/backuplist.go:48.57,63.2 6 14
github.com/diogo/dotkeeper/internal/tui/views/backuplist.go:65.41,67.2 1 3
github.com/diogo/dotkeeper/internal/tui/views/backuplist.go:69.45,71.24 2 4
github.com/diogo/dotkeeper/internal/tui/views/backuplist.go:71.24,72.26 1 3
github.com/diogo/dotkeeper/internal/tui/views/backuplist.go:72.26,74.4 1 0
github.com/diogo/dotkeeper/internal/tui/views/backuplist.go:75.3,75.67 1 3
github.com/diogo/dotkeeper/internal/tui/views/backuplist.go:79.62,82.18 2 0
github.com/diogo/dotkeeper/internal/tui/views/backuplist.go:82.18,83.27 1 0
github.com/diogo/dotkeeper/internal/tui/views/backuplist.go:83.27,85.5 1 0
github.com/diogo/dotkeeper/internal/tui/views/backuplist.go:86.4,90.18 4 0
github.com/diogo/dotkeeper/internal/tui/views/backuplist.go:90.18,92.5 1 0
github.com/diogo/dotkeeper/internal/tui/views/backuplist.go:93.4,93.43 1 0
github.com/diogo/dotkeeper/internal/tui/views/backuplist.go:99.61,102.18 2 1
github.com/diogo/dotkeeper/internal/tui/views/backuplist.go:102.18,103.27 1 1
github.com/diogo/dotkeeper/internal/tui/views/backuplist.go:103.27,105.5 1 0
github.com/diogo/dotkeeper/internal/tui/views/backuplist.go:106.4,110.45 4 1
github.com/diogo/dotkeeper/internal/tui/views/backuplist.go:110.45,112.5 1 0
github.com/diogo/dotkeeper/internal/tui/views/backuplist.go:113.4,114.39 2 1
github.com/diogo/dotkeeper/internal/tui/views/backuplist.go:120.67,123.27 2 21
github.com/diogo/dotkeeper/internal/tui/views/backuplist.go:124.25,128.21 4 12
github.com/diogo/dotkeeper/internal/tui/views/backuplist.go:128.21,130.4 1 2
github.com/diogo/dotkeeper/internal/tui/views/backuplist.go:131.3,134.14 3 12
github.com/diogo/dotkeeper/internal/tui/views/backuplist.go:134.14,136.4 1 2
github.com/diogo/dotkeeper/internal/tui/views/backuplist.go:137.3,137.14 1 12
github.com/diogo/dotkeeper/internal/tui/views/backuplist.go:137.14,139.4 1 7
github.com/diogo/dotkeeper/internal/tui/views/backuplist.go:140.3,140.29 1 12
github.com/diogo/dotkeeper/internal/tui/views/backuplist.go:142.23,145.16 3 0
github.com/diogo/dotkeeper/internal/tui/views/backuplist.go:147.24,150.16 3 3
github.com/diogo/dotkeeper/internal/tui/views/backuplist.go:152.24,158.25 6 0
github.com/diogo/dotkeeper/internal/tui/views/backuplist.go:158.25,160.4 1 0
github.com/diogo/dotkeeper/internal/tui/views/backuplist.go:161.3,161.24 1 0
github.com/diogo/dotkeeper/internal/tui/views/backuplist.go:163.22,164.29 1 0
github.com/diogo/dotkeeper/internal/tui/views/backuplist.go:164.29,170.26 6 0
github.com/diogo/dotkeeper/internal/tui/views/backuplist.go:170.26,172.5 1 0
github.com/diogo/dotkeeper/internal/tui/views/backuplist.go:173.4,173.17 1 0
github.com/diogo/dotkeeper/internal/tui/views/backuplist.go:174.9,174.43 1 0
github.com/diogo/dotkeeper/internal/tui/views/backuplist.go:174.43,181.4 6 0
github.com/diogo/dotkeeper/internal/tui/views/backuplist.go:183.24,187.24 4 1
github.com/diogo/dotkeeper/internal/tui/views/backuplist.go:189.18,190.25 1 5
github.com/diogo/dotkeeper/internal/tui/views/backuplist.go:190.25,191.24 1 2
github.com/diogo/dotkeeper/internal/tui/views/backuplist.go:192.18,194.45 2 1
github.com/diogo/dotkeeper/internal/tui/views/backuplist.go:195.12,198.18 3 1
github.com/diogo/dotkeeper/internal/tui/views/backuplist.go:202.3,202.23 1 3
github.com/diogo/dotkeeper/internal/tui/views/backuplist.go:202.23,203.24 1 0
github.com/diogo/dotkeeper/internal/tui/views/backuplist.go:204.17,206.23 2 0
github.com/diogo/dotkeeper/internal/tui/views/backuplist.go:206.23,210.6 3 0
github.com/diogo/dotkeeper/internal/tui/views/backuplist.go:211.15,215.18 4 0
github.com/diogo/dotkeeper/internal/tui/views/backuplist.go:218.4,220.17 3 0
github.com/diogo/dotkeeper/internal/tui/views/backuplist.go:223.3,223.23 1 3
github.com/diogo/dotkeeper/internal/tui/views/backuplist.go:224.17,229.29 5 0
github.com/diogo/dotkeeper/internal/tui/views/backuplist.go:230.12,231.50 1 3
github.com/diogo/dotkeeper/internal/tui/views/backuplist.go:231.50,238.5 6 3
github.com/diogo/dotkeeper/internal/tui/views/backuplist.go:239.12,240.52 1 0
github.com/diogo/dotkeeper/internal/tui/views/backuplist.go:244.2,244.23 1 12
github.com/diogo/dotkeeper/internal/tui/views/backuplist.go:244.23,248.3 3 12
github.com/diogo/dotkeeper/internal/tui/views/backuplist.go:250.2,250.30 1 12
github.com/diogo/dotkeeper/internal/tui/views/backuplist.go:253.40,258.59 3 9
github.com/diogo/dotkeeper/internal/tui/views/backuplist.go:258.59,264.3 1 0
github.com/diogo/dotkeeper/internal/tui/views/backuplist.go:266.2,266.24 1 9
github.com/diogo/dotkeeper/internal/tui/views/backuplist.go:266.24,270.3 3 0
github.com/diogo/dotkeeper/internal/tui/views/backuplist.go:272.2,272.22 1 9
github.com/diogo/dotkeeper/internal/tui/views/backuplist.go:272.22,278.3 5 0
github.com/diogo/dotkeeper/internal/tui/views/backuplist.go:280.2,286.19 5 9
github.com/diogo/dotkeeper/internal/tui/views/backuplist.go:289.53,290.24 1 1
github.com/diogo/dotkeeper/internal/tui/views/backuplist.go:290.24,295.3 1 0
github.com/diogo/dotkeeper/internal/tui/views/backuplist.go:296.2,296.22 1 1
github.com/diogo/dotkeeper/internal/tui/views/backuplist.go:296.22,301.3 1 0
github.com/diogo/dotkeeper/internal/tui/views/backuplist.go:302.2,307.3 1 1
github.com/diogo/dotkeeper/internal/tui/views/backuplist.go:310.50,311.24 1 1
github.com/diogo/dotkeeper/internal/tui/views/backuplist.go:311.24,313.3 1 0
github.com/diogo/dotkeeper/internal/tui/views/backuplist.go:314.2,314.22 1 1
github.com/diogo/dotkeeper/internal/tui/views/backuplist.go:314.22,316.3 1 0
github.com/diogo/dotkeeper/internal/tui/views/backuplist.go:317.2,317.69 1 1
github.com/diogo/dotkeeper/internal/tui/views/backuplist.go:320.44,322.2 1 1
github.com/diogo/dotkeeper/internal/tui/views/backuplist.go:324.47,326.2 1 0
github.com/diogo/dotkeeper/internal/tui/views/context.go:20.82,27.2 1 120
github.com/diogo/dotkeeper/internal/tui/views/context.go:31.64,32.16 1 120
github.com/diogo/dotkeeper/internal/tui/views/context.go:32.16,34.3 1 120
github.com/diogo/dotkeeper/internal/tui/views/context.go:35.2,40.3 1 0
github.com/diogo/dotkeeper/internal/tui/views/dashboard.go:44.55,51.2 3 15
github.com/diogo/dotkeeper/internal/tui/views/dashboard.go:54.40,56.2 1 1
github.com/diogo/dotkeeper/internal/tui/views/dashboard.go:59.66,60.27 1 27
github.com/diogo/dotkeeper/internal/tui/views/dashboard.go:61.25,63.28 2 23
github.com/diogo/dotkeeper/internal/tui/views/dashboard.go:64.23,65.16 1 0
github.com/diogo/dotkeeper/internal/tui/views/dashboard.go:65.16,69.4 3 0
github.com/diogo/dotkeeper/internal/tui/views/dashboard.go:70.18,71.23 1 4
github.com/diogo/dotkeeper/internal/tui/views/dashboard.go:72.21,73.23 1 2
github.com/diogo/dotkeeper/internal/tui/views/dashboard.go:73.23,75.5 1 1
github.com/diogo/dotkeeper/internal/tui/views/dashboard.go:75.10,77.5 1 1
github.com/diogo/dotkeeper/internal/tui/views/dashboard.go:78.24,79.57 1 1
github.com/diogo/dotkeeper/internal/tui/views/dashboard.go:80.16,82.29 2 1
github.com/diogo/dotkeeper/internal/tui/views/dashboard.go:82.29,84.5 1 1
github.com/diogo/dotkeeper/internal/tui/views/dashboard.go:86.17,91.20 5 0
github.com/diogo/dotkeeper/internal/tui/views/dashboard.go:92.31,93.62 1 0
github.com/diogo/dotkeeper/internal/tui/views/dashboard.go:95.2,95.15 1 26
github.com/diogo/dotkeeper/internal/tui/views/dashboard.go:99.39,102.15 2 16
[...]
github.com/diogo/dotkeeper/internal/tui/views/setup.go:43.24,46.3 2 0
github.com/diogo/dotkeeper/internal/tui/views/setup.go:68.47,70.23 2 24
github.com/diogo/dotkeeper/internal/tui/views/setup.go:70.23,72.3 1 7
github.com/diogo/dotkeeper/internal/tui/views/setup.go:73.2,77.16 4 24
github.com/diogo/dotkeeper/internal/tui/views/setup.go:77.16,79.3 1 24
github.com/diogo/dotkeeper/internal/tui/views/setup.go:80.2,87.3 2 24
github.com/diogo/dotkeeper/internal/tui/views/setup.go:91.36,93.2 1 0
github.com/diogo/dotkeeper/internal/tui/views/setup.go:96.62,97.16 1 74
github.com/diogo/dotkeeper/internal/tui/views/setup.go:97.16,99.47 1 5
github.com/diogo/dotkeeper/internal/tui/views/setup.go:99.47,102.4 2 4
github.com/diogo/dotkeeper/internal/tui/views/setup.go:104.3,107.68 3 1
github.com/diogo/dotkeeper/internal/tui/views/setup.go:107.68,109.30 2 0
github.com/diogo/dotkeeper/internal/tui/views/setup.go:109.30,110.39 1 0
github.com/diogo/dotkeeper/internal/tui/views/setup.go:110.39,114.6 3 0
github.com/diogo/dotkeeper/internal/tui/views/setup.go:115.5,115.46 1 0
github.com/diogo/dotkeeper/internal/tui/views/setup.go:116.10,116.39 1 0
github.com/diogo/dotkeeper/internal/tui/views/setup.go:116.39,117.40 1 0
github.com/diogo/dotkeeper/internal/tui/views/setup.go:117.40,121.6 3 0
github.com/diogo/dotkeeper/internal/tui/views/setup.go:122.5,122.50 1 0
github.com/diogo/dotkeeper/internal/tui/views/setup.go:124.4,126.17 3 0
github.com/diogo/dotkeeper/internal/tui/views/setup.go:129.3,129.69 1 1
github.com/diogo/dotkeeper/internal/tui/views/setup.go:129.69,132.4 2 1
github.com/diogo/dotkeeper/internal/tui/views/setup.go:133.3,133.16 1 0
github.com/diogo/dotkeeper/internal/tui/views/setup.go:136.2,136.27 1 69
github.com/diogo/dotkeeper/internal/tui/views/setup.go:137.25,138.39 1 29
github.com/diogo/dotkeeper/internal/tui/views/setup.go:140.26,144.16 4 1
github.com/diogo/dotkeeper/internal/tui/views/setup.go:146.38,149.16 3 0
github.com/diogo/dotkeeper/internal/tui/views/setup.go:151.18,152.23 1 39
github.com/diogo/dotkeeper/internal/tui/views/setup.go:153.17,154.22 1 0
github.com/diogo/dotkeeper/internal/tui/views/setup.go:156.12,157.58 1 2
github.com/diogo/dotkeeper/internal/tui/views/setup.go:157.58,160.5 2 2
github.com/diogo/dotkeeper/internal/tui/views/setup.go:162.14,164.54 1 1
github.com/diogo/dotkeeper/internal/tui/views/setup.go:164.54,168.65 3 1
github.com/diogo/dotkeeper/internal/tui/views/setup.go:168.65,170.6 1 0
github.com/diogo/dotkeeper/internal/tui/views/setup.go:172.4,172.17 1 1
github.com/diogo/dotkeeper/internal/tui/views/setup.go:174.16,175.26 1 33
github.com/diogo/dotkeeper/internal/tui/views/setup.go:177.18,178.64 1 0
github.com/diogo/dotkeeper/internal/tui/views/setup.go:178.64,179.27 1 0
github.com/diogo/dotkeeper/internal/tui/views/setup.go:179.27,181.6 1 0
github.com/diogo/dotkeeper/internal/tui/views/setup.go:184.20,185.33 1 1
github.com/diogo/dotkeeper/internal/tui/views/setup.go:185.33,186.46 1 1
github.com/diogo/dotkeeper/internal/tui/views/setup.go:186.46,188.6 1 1
github.com/diogo/dotkeeper/internal/tui/views/setup.go:189.10,189.42 1 0
github.com/diogo/dotkeeper/internal/tui/views/setup.go:189.42,190.48 1 0
github.com/diogo/dotkeeper/internal/tui/views/setup.go:190.48,192.6 1 0
github.com/diogo/dotkeeper/internal/tui/views/setup.go:195.12,196.59 1 2
github.com/diogo/dotkeeper/internal/tui/views/setup.go:196.59,198.5 1 2
github.com/diogo/dotkeeper/internal/tui/views/setup.go:198.10,198.70 1 0
github.com/diogo/dotkeeper/internal/tui/views/setup.go:198.70,200.5 1 0
github.com/diogo/dotkeeper/internal/tui/views/setup.go:204.3,204.111 1 3
github.com/diogo/dotkeeper/internal/tui/views/setup.go:204.111,208.4 3 0
github.com/diogo/dotkeeper/internal/tui/views/setup.go:211.2,211.15 1 32
github.com/diogo/dotkeeper/internal/tui/views/setup.go:215.56,216.16 1 33
github.com/diogo/dotkeeper/internal/tui/views/setup.go:217.19,221.32 4 7
github.com/diogo/dotkeeper/internal/tui/views/setup.go:223.21,225.35 2 5
github.com/diogo/dotkeeper/internal/tui/views/setup.go:225.35,227.4 1 0
github.com/diogo/dotkeeper/internal/tui/views/setup.go:228.3,230.32 3 5
github.com/diogo/dotkeeper/internal/tui/views/setup.go:232.21,239.35 5 5
github.com/diogo/dotkeeper/internal/tui/views/setup.go:241.23,244.16 3 5
github.com/diogo/dotkeeper/internal/tui/views/setup.go:246.25,248.35 1 5
github.com/diogo/dotkeeper/internal/tui/views/setup.go:248.35,249.18 1 1
github.com/diogo/dotkeeper/internal/tui/views/setup.go:249.18,251.5 1 1
github.com/diogo/dotkeeper/internal/tui/views/setup.go:253.3,253.37 1 5
github.com/diogo/dotkeeper/internal/tui/views/setup.go:253.37,254.18 1 0
github.com/diogo/dotkeeper/internal/tui/views/setup.go:254.18,256.5 1 0
github.com/diogo/dotkeeper/internal/tui/views/setup.go:259.3,261.32 3 5
github.com/diogo/dotkeeper/internal/tui/views/setup.go:263.20,264.33 1 3
github.com/diogo/dotkeeper/internal/tui/views/setup.go:266.22,267.35 1 2
github.com/diogo/dotkeeper/internal/tui/views/setup.go:269.19,273.96 3 1
github.com/diogo/dotkeeper/internal/tui/views/setup.go:273.96,275.4 1 1
github.com/diogo/dotkeeper/internal/tui/views/setup.go:277.3,277.45 1 1
github.com/diogo/dotkeeper/internal/tui/views/setup.go:277.45,280.4 2 0
github.com/diogo/dotkeeper/internal/tui/views/setup.go:282.3,284.28 3 1
github.com/diogo/dotkeeper/internal/tui/views/setup.go:284.28,286.4 1 0
github.com/diogo/dotkeeper/internal/tui/views/setup.go:289.2,289.15 1 17
github.com/diogo/dotkeeper/internal/tui/views/setup.go:292.64,294.17 2 3
github.com/diogo/dotkeeper/internal/tui/views/setup.go:294.17,300.3 5 2
github.com/diogo/dotkeeper/internal/tui/views/setup.go:301.2,301.35 1 1
github.com/diogo/dotkeeper/internal/tui/views/setup.go:301.35,303.17 2 0
github.com/diogo/dotkeeper/internal/tui/views/setup.go:303.17,305.4 1 0
github.com/diogo/dotkeeper/internal/tui/views/setup.go:305.9,309.4 3 0
github.com/diogo/dotkeeper/internal/tui/views/setup.go:310.3,310.16 1 0
github.com/diogo/dotkeeper/internal/tui/views/setup.go:312.2,313.16 2 1
github.com/diogo/dotkeeper/internal/tui/views/setup.go:313.16,315.3 1 0
github.com/diogo/dotkeeper/internal/tui/views/setup.go:315.8,319.3 3 1
github.com/diogo/dotkeeper/internal/tui/views/setup.go:320.2,320.15 1 1
github.com/diogo/dotkeeper/internal/tui/views/setup.go:323.66,325.17 2 2
github.com/diogo/dotkeeper/internal/tui/views/setup.go:325.17,330.3 4 2
github.com/diogo/dotkeeper/internal/tui/views/setup.go:331.2,331.35 1 0
github.com/diogo/dotkeeper/internal/tui/views/setup.go:331.35,333.17 2 0
github.com/diogo/dotkeeper/internal/tui/views/setup.go:333.17,335.4 1 0
github.com/diogo/dotkeeper/internal/tui/views/setup.go:335.9,339.4 3 0
github.com/diogo/dotkeeper/internal/tui/views/setup.go:340.3,340.16 1 0
github.com/diogo/dotkeeper/internal/tui/views/setup.go:342.2,343.16 2 0
github.com/diogo/dotkeeper/internal/tui/views/setup.go:343.16,345.3 1 0
github.com/diogo/dotkeeper/internal/tui/views/setup.go:345.8,349.3 3 0
github.com/diogo/dotkeeper/internal/tui/views/setup.go:350.2,350.15 1 0
github.com/diogo/dotkeeper/internal/tui/views/setup.go:354.35,357.2 2 22
github.com/diogo/dotkeeper/internal/tui/views/setup.go:361.53,365.18 4 33
github.com/diogo/dotkeeper/internal/tui/views/setup.go:365.18,367.3 1 5
github.com/diogo/dotkeeper/internal/tui/views/setup.go:368.2,370.18 3 33
github.com/diogo/dotkeeper/internal/tui/views/setup.go:370.18,372.3 1 2
github.com/diogo/dotkeeper/internal/tui/views/setup.go:373.2,373.39 1 33
github.com/diogo/dotkeeper/internal/tui/views/setup.go:377.35,379.86 1 19
github.com/diogo/dotkeeper/internal/tui/views/setup.go:379.86,385.3 1 5
github.com/diogo/dotkeeper/internal/tui/views/setup.go:387.2,395.16 6 14
github.com/diogo/dotkeeper/internal/tui/views/setup.go:396.19,403.31 7 11
github.com/diogo/dotkeeper/internal/tui/views/setup.go:405.21,410.43 5 1
github.com/diogo/dotkeeper/internal/tui/views/setup.go:412.21,416.43 4 0
github.com/diogo/dotkeeper/internal/tui/views/setup.go:418.23,420.23 2 0
github.com/diogo/dotkeeper/internal/tui/views/setup.go:420.23,422.4 1 0
github.com/diogo/dotkeeper/internal/tui/views/setup.go:422.9,422.37 1 0
github.com/diogo/dotkeeper/internal/tui/views/setup.go:422.37,424.4 1 0
github.com/diogo/dotkeeper/internal/tui/views/setup.go:424.9,426.36 2 0
github.com/diogo/dotkeeper/internal/tui/views/setup.go:426.36,428.28 2 0
github.com/diogo/dotkeeper/internal/tui/views/setup.go:428.28,430.6 1 0
github.com/diogo/dotkeeper/internal/tui/views/setup.go:431.5,432.19 2 0
github.com/diogo/dotkeeper/internal/tui/views/setup.go:432.19,434.6 1 0
github.com/diogo/dotkeeper/internal/tui/views/setup.go:436.5,437.28 2 0
github.com/diogo/dotkeeper/internal/tui/views/setup.go:437.28,439.6 1 0
github.com/diogo/dotkeeper/internal/tui/views/setup.go:439.11,441.6 1 0
github.com/diogo/dotkeeper/internal/tui/views/setup.go:444.3,444.59 1 0
github.com/diogo/dotkeeper/internal/tui/views/setup.go:446.25,448.23 2 0
github.com/diogo/dotkeeper/internal/tui/views/setup.go:448.23,450.4 1 0
github.com/diogo/dotkeeper/internal/tui/views/setup.go:450.9,450.39 1 0
github.com/diogo/dotkeeper/internal/tui/views/setup.go:450.39,452.4 1 0
github.com/diogo/dotkeeper/internal/tui/views/setup.go:452.9,454.38 2 0
github.com/diogo/dotkeeper/internal/tui/views/setup.go:454.38,456.28 2 0
github.com/diogo/dotkeeper/internal/tui/views/setup.go:456.28,458.6 1 0
github.com/diogo/dotkeeper/internal/tui/views/setup.go:459.5,460.19 2 0
github.com/diogo/dotkeeper/internal/tui/views/setup.go:460.19,462.6 1 0
github.com/diogo/dotkeeper/internal/tui/views/setup.go:464.5,466.28 3 0
github.com/diogo/dotkeeper/internal/tui/views/setup.go:466.28,468.6 1 0
github.com/diogo/dotkeeper/internal/tui/views/setup.go:468.11,470.6 1 0
github.com/diogo/dotkeeper/internal/tui/views/setup.go:473.3,473.59 1 0
github.com/diogo/dotkeeper/internal/tui/views/setup.go:475.20,478.17 2 2
github.com/diogo/dotkeeper/internal/tui/views/setup.go:478.17,481.23 3 2
github.com/diogo/dotkeeper/internal/tui/views/setup.go:481.23,483.5 1 2
github.com/diogo/dotkeeper/internal/tui/views/setup.go:484.4,485.64 2 2
github.com/diogo/dotkeeper/internal/tui/views/setup.go:486.9,490.29 3 0
github.com/diogo/dotkeeper/internal/tui/views/setup.go:490.29,492.5 1 0
github.com/diogo/dotkeeper/internal/tui/views/setup.go:494.4,494.29 1 0
github.com/diogo/dotkeeper/internal/tui/views/setup.go:494.29,496.36 2 0
github.com/diogo/dotkeeper/internal/tui/views/setup.go:496.36,498.6 1 0
github.com/diogo/dotkeeper/internal/tui/views/setup.go:499.5,499.24 1 0
github.com/diogo/dotkeeper/internal/tui/views/setup.go:502.4,503.60 2 0
github.com/diogo/dotkeeper/internal/tui/views/setup.go:506.22,509.17 2 0
github.com/diogo/dotkeeper/internal/tui/views/setup.go:509.17,512.23 3 0
github.com/diogo/dotkeeper/internal/tui/views/setup.go:512.23,514.5 1 0
github.com/diogo/dotkeeper/internal/tui/views/setup.go:515.4,516.64 2 0
github.com/diogo/dotkeeper/internal/tui/views/setup.go:517.9,521.29 3 0
github.com/diogo/dotkeeper/internal/tui/views/setup.go:521.29,523.5 1 0
github.com/diogo/dotkeeper/internal/tui/views/setup.go:525.4,525.31 1 0
github.com/diogo/dotkeeper/internal/tui/views/setup.go:525.31,527.38 2 0
github.com/diogo/dotkeeper/internal/tui/views/setup.go:527.38,529.6 1 0
github.com/diogo/dotkeeper/internal/tui/views/setup.go:530.5,530.24 1 0
github.com/diogo/dotkeeper/internal/tui/views/setup.go:533.4,534.60 2 0
github.com/diogo/dotkeeper/internal/tui/views/setup.go:537.19,544.28 6 0
github.com/diogo/dotkeeper/internal/tui/views/setup.go:544.28,546.35 2 0
github.com/diogo/dotkeeper/internal/tui/views/setup.go:546.35,548.5 1 0
github.com/diogo/dotkeeper/internal/tui/views/setup.go:549.4,549.23 1 0
github.com/diogo/dotkeeper/internal/tui/views/setup.go:552.3,552.30 1 0
github.com/diogo/dotkeeper/internal/tui/views/setup.go:552.30,554.37 2 0
github.com/diogo/dotkeeper/internal/tui/views/setup.go:554.37,556.5 1 0
github.com/diogo/dotkeeper/internal/tui/views/setup.go:557.4,557.23 1 0
github.com/diogo/dotkeeper/internal/tui/views/setup.go:560.3,560.39 1 0
github.com/diogo/dotkeeper/internal/tui/views/setup.go:562.20,563.19 1 0
github.com/diogo/dotkeeper/internal/tui/views/setup.go:563.19,567.4 3 0
github.com/diogo/dotkeeper/internal/tui/views/setup.go:567.9,572.4 4 0
github.com/diogo/dotkeeper/internal/tui/views/setup.go:575.2,577.19 2 14
github.com/diogo/dotkeeper/internal/tui/styles/styles.go:152.29,154.2 1 0
github.com/diogo/dotkeeper/internal/tui/styles/styles.go:157.45,166.2 8 0
github.com/diogo/dotkeeper/internal/tui/styles/styles.go:169.34,175.2 5 0
github.com/diogo/dotkeeper/internal/tui/components/passwordinput.go:9.59,17.2 7 0
github.com/diogo/dotkeeper/internal/tui/components/pathcomplete.go:33.39,38.2 4 1
github.com/diogo/dotkeeper/internal/tui/components/pathcomplete.go:40.69,41.27 1 4
github.com/diogo/dotkeeper/internal/tui/components/pathcomplete.go:42.27,43.31 1 2
github.com/diogo/dotkeeper/internal/tui/components/pathcomplete.go:43.31,46.31 2 1
github.com/diogo/dotkeeper/internal/tui/components/pathcomplete.go:46.31,48.5 1 0
github.com/diogo/dotkeeper/internal/tui/components/pathcomplete.go:49.4,52.28 4 1
github.com/diogo/dotkeeper/internal/tui/components/pathcomplete.go:53.9,53.37 1 1
github.com/diogo/dotkeeper/internal/tui/components/pathcomplete.go:53.37,56.20 2 1
github.com/diogo/dotkeeper/internal/tui/components/pathcomplete.go:56.20,59.5 2 1
github.com/diogo/dotkeeper/internal/tui/components/pathcomplete.go:60.4,61.30 2 1
github.com/diogo/dotkeeper/internal/tui/components/pathcomplete.go:61.30,63.5 1 0
github.com/diogo/dotkeeper/internal/tui/components/pathcomplete.go:64.4,65.27 2 1
github.com/diogo/dotkeeper/internal/tui/components/pathcomplete.go:67.3,67.16 1 2
github.com/diogo/dotkeeper/internal/tui/components/pathcomplete.go:69.18,70.49 1 2
github.com/diogo/dotkeeper/internal/tui/components/pathcomplete.go:70.49,73.4 1 1
github.com/diogo/dotkeeper/internal/tui/components/pathcomplete.go:74.3,74.48 1 1
github.com/diogo/dotkeeper/internal/tui/components/pathcomplete.go:74.48,76.29 1 1
github.com/diogo/dotkeeper/internal/tui/components/pathcomplete.go:76.29,80.16 4 1
github.com/diogo/dotkeeper/internal/tui/components/pathcomplete.go:80.16,82.6 1 0
github.com/diogo/dotkeeper/internal/tui/components/pathcomplete.go:83.5,84.24 2 1
github.com/diogo/dotkeeper/internal/tui/components/pathcomplete.go:86.4,86.17 1 1
github.com/diogo/dotkeeper/internal/tui/components/pathcomplete.go:89.3,89.48 1 0
github.com/diogo/dotkeeper/internal/tui/components/pathcomplete.go:89.48,92.4 2 0
github.com/diogo/dotkeeper/internal/tui/components/pathcomplete.go:95.2,97.15 3 0
github.com/diogo/dotkeeper/internal/tui/components/pathcomplete.go:100.38,103.47 3 0
github.com/diogo/dotkeeper/internal/tui/components/pathcomplete.go:103.47,105.34 2 0
github.com/diogo/dotkeeper/internal/tui/components/pathcomplete.go:105.34,107.32 2 0
github.com/diogo/dotkeeper/internal/tui/components/pathcomplete.go:107.32,109.5 1 0
github.com/diogo/dotkeeper/internal/tui/components/pathcomplete.go:110.4,111.15 2 0
github.com/diogo/dotkeeper/internal/tui/components/pathcomplete.go:111.15,113.5 1 0
github.com/diogo/dotkeeper/internal/tui/components/pathcomplete.go:114.4,114.78 1 0
github.com/diogo/dotkeeper/internal/tui/components/pathcomplete.go:117.2,117.19 1 0
github.com/diogo/dotkeeper/internal/tui/components/pathcomplete.go:120.46,122.24 2 1
github.com/diogo/dotkeeper/internal/tui/components/pathcomplete.go:122.24,128.72 4 0
github.com/diogo/dotkeeper/internal/tui/components/pathcomplete.go:128.72,131.4 2 0
github.com/diogo/dotkeeper/internal/tui/components/pathcomplete.go:133.3,134.17 2 0
github.com/diogo/dotkeeper/internal/tui/components/pathcomplete.go:134.17,136.4 1 0
github.com/diogo/dotkeeper/internal/tui/components/pathcomplete.go:138.3,139.33 2 0
github.com/diogo/dotkeeper/internal/tui/components/pathcomplete.go:139.33,141.51 2 0
github.com/diogo/dotkeeper/internal/tui/components/pathcomplete.go:141.51,146.56 4 0
github.com/diogo/dotkeeper/internal/tui/components/pathcomplete.go:146.56,148.6 1 0
github.com/diogo/dotkeeper/internal/tui/components/pathcomplete.go:149.5,152.7 1 0
github.com/diogo/dotkeeper/internal/tui/components/pathcomplete.go:155.3,155.68 1 0
github.com/diogo/dotkeeper/internal/tui/components/pathcomplete.go:159.60,160.26 1 5
github.com/diogo/dotkeeper/internal/tui/components/pathcomplete.go:160.26,162.3 1 1
github.com/diogo/dotkeeper/internal/tui/components/pathcomplete.go:163.2,164.35 2 4
github.com/diogo/dotkeeper/internal/tui/components/pathcomplete.go:164.35,165.42 1 4
github.com/diogo/dotkeeper/internal/tui/components/pathcomplete.go:165.42,167.20 2 17
github.com/diogo/dotkeeper/internal/tui/components/pathcomplete.go:167.20,169.5 1 0
github.com/diogo/dotkeeper/internal/tui/components/pathcomplete.go:172.2,172.15 1 4
github.com/diogo/dotkeeper/internal/tui/components/searchbar.go:20.31,25.2 4 10
github.com/diogo/dotkeeper/internal/tui/components/searchbar.go:27.40,32.2 4 6
github.com/diogo/dotkeeper/internal/tui/components/searchbar.go:34.34,38.2 3 2
github.com/diogo/dotkeeper/internal/tui/components/searchbar.go:40.36,42.2 1 4
github.com/diogo/dotkeeper/internal/tui/components/searchbar.go:44.35,46.2 1 4
github.com/diogo/dotkeeper/internal/tui/components/searchbar.go:48.37,50.11 2 2
github.com/diogo/dotkeeper/internal/tui/components/searchbar.go:50.11,52.3 1 2
github.com/diogo/dotkeeper/internal/tui/components/searchbar.go:55.61,56.15 1 3
github.com/diogo/dotkeeper/internal/tui/components/searchbar.go:56.15,58.3 1 1
github.com/diogo/dotkeeper/internal/tui/components/searchbar.go:60.2,60.27 1 2
github.com/diogo/dotkeeper/internal/tui/components/searchbar.go:61.18,62.19 1 2
github.com/diogo/dotkeeper/internal/tui/components/searchbar.go:63.22,65.17 2 1
github.com/diogo/dotkeeper/internal/tui/components/searchbar.go:66.21,67.29 1 1
github.com/diogo/dotkeeper/internal/tui/components/searchbar.go:67.29,69.5 1 1
github.com/diogo/dotkeeper/internal/tui/components/searchbar.go:73.2,75.15 3 0
github.com/diogo/dotkeeper/internal/tui/components/searchbar.go:78.34,79.15 1 2
github.com/diogo/dotkeeper/internal/tui/components/searchbar.go:79.15,81.3 1 1
github.com/diogo/dotkeeper/internal/tui/components/searchbar.go:82.2,84.32 3 1
github.com/diogo/dotkeeper/internal/tui/components/tabbar.go:24.40,35.2 1 6
github.com/diogo/dotkeeper/internal/tui/components/tabbar.go:38.58,40.53 1 15
github.com/diogo/dotkeeper/internal/tui/components/tabbar.go:40.53,42.3 1 4
github.com/diogo/dotkeeper/internal/tui/components/tabbar.go:45.2,49.32 3 15
github.com/diogo/dotkeeper/internal/tui/components/tabbar.go:49.32,51.15 2 75
github.com/diogo/dotkeeper/internal/tui/components/tabbar.go:51.15,53.4 1 5
github.com/diogo/dotkeeper/internal/tui/components/tabbar.go:55.3,58.23 2 75
github.com/diogo/dotkeeper/internal/tui/components/tabbar.go:58.23,60.4 1 15
github.com/diogo/dotkeeper/internal/tui/components/tabbar.go:60.9,62.4 1 60
github.com/diogo/dotkeeper/internal/tui/components/tabbar.go:64.3,64.31 1 75
github.com/diogo/dotkeeper/internal/tui/components/tabbar.go:68.2,74.15 4 15
github.com/diogo/dotkeeper/internal/tui/components/toast.go:31.23,35.2 1 8
github.com/diogo/dotkeeper/internal/tui/components/toast.go:38.60,43.2 4 6
github.com/diogo/dotkeeper/internal/tui/components/toast.go:46.39,47.54 1 6
github.com/diogo/dotkeeper/internal/tui/components/toast.go:47.54,49.3 1 1
github.com/diogo/dotkeeper/internal/tui/components/toast.go:53.27,56.2 2 1
github.com/diogo/dotkeeper/internal/tui/components/toast.go:59.30,60.35 1 7
github.com/diogo/dotkeeper/internal/tui/components/toast.go:60.35,62.3 1 3
github.com/diogo/dotkeeper/internal/tui/components/toast.go:64.2,65.17 2 4
github.com/diogo/dotkeeper/internal/tui/components/toast.go:66.20,68.73 1 1
github.com/diogo/dotkeeper/internal/tui/components/toast.go:69.18,71.73 1 1
github.com/diogo/dotkeeper/internal/tui/components/toast.go:72.10,74.73 1 2
github.com/diogo/dotkeeper/internal/tui/components/toast.go:77.2,77.32 1 4
